@!@!@STARTMSG 2262:0 @!@!@
TLC2 Version 2.15 of Day Month 20?? (rev: eb3ff99)
@!@!@ENDMSG 2262 @!@!@
@!@!@STARTMSG 2187:0 @!@!@
Running breadth-first search Model-Checking with fp 32 and seed 159832309140483721 with 4 workers on 8 cores with 1214MB heap and 2730MB offheap memory [pid: 23255] (Mac OS X 10.16 x86_64, AdoptOpenJDK 14.0.1 x86_64, OffHeapDiskFPSet, DiskStateQueue).
@!@!@ENDMSG 2187 @!@!@
@!@!@STARTMSG 2220:0 @!@!@
Starting SANY...
@!@!@ENDMSG 2220 @!@!@
Parsing file /Users/yingjie/Documents/GitHub/model_checking_on_hedged_atomic_swaps/three_party_two_cycles.toolbox/Model_1/MC.tla
Parsing file /Users/yingjie/Documents/GitHub/model_checking_on_hedged_atomic_swaps/three_party_two_cycles.toolbox/Model_1/three_party_two_cycles.tla
Parsing file /private/var/folders/pd/j6c2d3397rn1ql_nlj6ylttc0000gp/T/AppTranslocation/1DF41042-80B1-4BD2-B898-45F118A63F70/d/TLA+ Toolbox.app/Contents/Eclipse/plugins/org.lamport.tlatools_1.0.0.202004251858/tla2sany/StandardModules/TLC.tla
Parsing file /private/var/folders/pd/j6c2d3397rn1ql_nlj6ylttc0000gp/T/AppTranslocation/1DF41042-80B1-4BD2-B898-45F118A63F70/d/TLA+ Toolbox.app/Contents/Eclipse/plugins/org.lamport.tlatools_1.0.0.202004251858/tla2sany/StandardModules/Integers.tla
Parsing file /private/var/folders/pd/j6c2d3397rn1ql_nlj6ylttc0000gp/T/AppTranslocation/1DF41042-80B1-4BD2-B898-45F118A63F70/d/TLA+ Toolbox.app/Contents/Eclipse/plugins/org.lamport.tlatools_1.0.0.202004251858/tla2sany/StandardModules/Naturals.tla
Parsing file /private/var/folders/pd/j6c2d3397rn1ql_nlj6ylttc0000gp/T/AppTranslocation/1DF41042-80B1-4BD2-B898-45F118A63F70/d/TLA+ Toolbox.app/Contents/Eclipse/plugins/org.lamport.tlatools_1.0.0.202004251858/tla2sany/StandardModules/Sequences.tla
Parsing file /private/var/folders/pd/j6c2d3397rn1ql_nlj6ylttc0000gp/T/AppTranslocation/1DF41042-80B1-4BD2-B898-45F118A63F70/d/TLA+ Toolbox.app/Contents/Eclipse/plugins/org.lamport.tlatools_1.0.0.202004251858/tla2sany/StandardModules/FiniteSets.tla
Semantic processing of module Naturals
Semantic processing of module Integers
Semantic processing of module Sequences
Semantic processing of module FiniteSets
Semantic processing of module TLC
Semantic processing of module three_party_two_cycles
Semantic processing of module MC
@!@!@STARTMSG 2219:0 @!@!@
SANY finished.
@!@!@ENDMSG 2219 @!@!@
@!@!@STARTMSG 2185:0 @!@!@
Starting... (2021-05-13 21:58:18)
@!@!@ENDMSG 2185 @!@!@
@!@!@STARTMSG 2189:0 @!@!@
Computing initial states...
@!@!@ENDMSG 2189 @!@!@
@!@!@STARTMSG 2190:0 @!@!@
Finished computing initial states: 1 distinct state generated at 2021-05-13 21:58:19.
@!@!@ENDMSG 2190 @!@!@
@!@!@STARTMSG 2200:0 @!@!@
Progress(20) at 2021-05-13 21:58:22: 272,908 states generated (272,908 s/min), 78,111 distinct states found (78,111 ds/min), 18,573 states left on queue.
@!@!@ENDMSG 2200 @!@!@
@!@!@STARTMSG 2193:0 @!@!@
Model checking completed. No error has been found.
  Estimates of the probability that TLC did not check all reachable states
  because two distinct states had the same fingerprint:
  calculated (optimistic):  val = 1.2E-6
  based on the actual fingerprints:  val = 3.8E-7
@!@!@ENDMSG 2193 @!@!@
@!@!@STARTMSG 2201:0 @!@!@
The coverage statistics at 2021-05-13 21:59:11
@!@!@ENDMSG 2201 @!@!@
@!@!@STARTMSG 2773:0 @!@!@
<Init line 683, col 1 to line 683, col 4 of module three_party_two_cycles>: 1:1
@!@!@ENDMSG 2773 @!@!@
@!@!@STARTMSG 2221:0 @!@!@
  line 684, col 9 to line 718, col 66 of module three_party_two_cycles: 1
@!@!@ENDMSG 2221 @!@!@
@!@!@STARTMSG 2772:0 @!@!@
<P_E_AB line 720, col 1 to line 720, col 6 of module three_party_two_cycles>: 261:84416
@!@!@ENDMSG 2772 @!@!@
@!@!@STARTMSG 2221:0 @!@!@
  line 720, col 14 to line 720, col 31 of module three_party_two_cycles: 3163862
@!@!@ENDMSG 2221 @!@!@
@!@!@STARTMSG 2221:0 @!@!@
  |line 720, col 14 to line 720, col 20 of module three_party_two_cycles: 3079446
@!@!@ENDMSG 2221 @!@!@
@!@!@STARTMSG 2221:0 @!@!@
  line 721, col 17 to line 721, col 108 of module three_party_two_cycles: 84416
@!@!@ENDMSG 2221 @!@!@
@!@!@STARTMSG 2221:0 @!@!@
  |line 721, col 17 to line 721, col 63 of module three_party_two_cycles: 84416
@!@!@ENDMSG 2221 @!@!@
@!@!@STARTMSG 2221:0 @!@!@
  |line 721, col 68 to line 721, col 108 of module three_party_two_cycles: 424
@!@!@ENDMSG 2221 @!@!@
@!@!@STARTMSG 2221:0 @!@!@
  line 722, col 22 to line 724, col 75 of module three_party_two_cycles: 424
@!@!@ENDMSG 2221 @!@!@
@!@!@STARTMSG 2221:0 @!@!@
  line 725, col 25 to line 725, col 28 of module three_party_two_cycles: 83992
@!@!@ENDMSG 2221 @!@!@
@!@!@STARTMSG 2221:0 @!@!@
  line 726, col 25 to line 726, col 75 of module three_party_two_cycles: 83992
@!@!@ENDMSG 2221 @!@!@
@!@!@STARTMSG 2221:0 @!@!@
  line 727, col 17 to line 727, col 37 of module three_party_two_cycles: 84416
@!@!@ENDMSG 2221 @!@!@
@!@!@STARTMSG 2221:0 @!@!@
  line 728, col 22 to line 728, col 76 of module three_party_two_cycles: 83992
@!@!@ENDMSG 2221 @!@!@
@!@!@STARTMSG 2221:0 @!@!@
  line 729, col 25 to line 729, col 28 of module three_party_two_cycles: 424
@!@!@ENDMSG 2221 @!@!@
@!@!@STARTMSG 2221:0 @!@!@
  line 730, col 25 to line 730, col 44 of module three_party_two_cycles: 424
@!@!@ENDMSG 2221 @!@!@
@!@!@STARTMSG 2221:0 @!@!@
  line 731, col 14 to line 731, col 74 of module three_party_two_cycles: 84416
@!@!@ENDMSG 2221 @!@!@
@!@!@STARTMSG 2221:0 @!@!@
  line 732, col 14 to line 732, col 57 of module three_party_two_cycles: 84416
@!@!@ENDMSG 2221 @!@!@
@!@!@STARTMSG 2221:0 @!@!@
  line 733, col 14 to line 735, col 55 of module three_party_two_cycles: 84416
@!@!@ENDMSG 2221 @!@!@
@!@!@STARTMSG 2772:0 @!@!@
<P_R_SA_BA_ON_AB line 737, col 1 to line 737, col 15 of module three_party_two_cycles>: 4563:177156
@!@!@ENDMSG 2772 @!@!@
@!@!@STARTMSG 2221:0 @!@!@
  line 737, col 23 to line 737, col 49 of module three_party_two_cycles: 3256602
@!@!@ENDMSG 2221 @!@!@
@!@!@STARTMSG 2221:0 @!@!@
  |line 737, col 23 to line 737, col 29 of module three_party_two_cycles: 3079446
@!@!@ENDMSG 2221 @!@!@
@!@!@STARTMSG 2221:0 @!@!@
  line 738, col 26 to line 738, col 154 of module three_party_two_cycles: 177156
@!@!@ENDMSG 2221 @!@!@
@!@!@STARTMSG 2221:0 @!@!@
  |line 738, col 26 to line 738, col 101 of module three_party_two_cycles: 177156
@!@!@ENDMSG 2221 @!@!@
@!@!@STARTMSG 2221:0 @!@!@
  ||line 738, col 26 to line 738, col 44 of module three_party_two_cycles: 177156
@!@!@ENDMSG 2221 @!@!@
@!@!@STARTMSG 2221:0 @!@!@
  ||line 738, col 47 to line 738, col 101 of module three_party_two_cycles: 99214
@!@!@ENDMSG 2221 @!@!@
@!@!@STARTMSG 2221:0 @!@!@
  |line 738, col 106 to line 738, col 154 of module three_party_two_cycles: 8348
@!@!@ENDMSG 2221 @!@!@
@!@!@STARTMSG 2221:0 @!@!@
  line 739, col 34 to line 740, col 160 of module three_party_two_cycles: 8348
@!@!@ENDMSG 2221 @!@!@
@!@!@STARTMSG 2221:0 @!@!@
  line 741, col 34 to line 741, col 93 of module three_party_two_cycles: 8348
@!@!@ENDMSG 2221 @!@!@
@!@!@STARTMSG 2221:0 @!@!@
  line 742, col 37 to line 742, col 79 of module three_party_two_cycles: 8348
@!@!@ENDMSG 2221 @!@!@
@!@!@STARTMSG 2221:0 @!@!@
  line 743, col 42 to line 744, col 153 of module three_party_two_cycles: 8348
@!@!@ENDMSG 2221 @!@!@
@!@!@STARTMSG 2221:0 @!@!@
  line 746, col 45 to line 746, col 77 of module three_party_two_cycles: 0
@!@!@ENDMSG 2221 @!@!@
@!@!@STARTMSG 2221:0 @!@!@
  line 747, col 34 to line 747, col 37 of module three_party_two_cycles: 168808
@!@!@ENDMSG 2221 @!@!@
@!@!@STARTMSG 2221:0 @!@!@
  line 748, col 34 to line 750, col 59 of module three_party_two_cycles: 168808
@!@!@ENDMSG 2221 @!@!@
@!@!@STARTMSG 2221:0 @!@!@
  line 751, col 26 to line 751, col 88 of module three_party_two_cycles: 177156
@!@!@ENDMSG 2221 @!@!@
@!@!@STARTMSG 2221:0 @!@!@
  |line 751, col 26 to line 751, col 55 of module three_party_two_cycles: 177156
@!@!@ENDMSG 2221 @!@!@
@!@!@STARTMSG 2221:0 @!@!@
  |line 751, col 60 to line 751, col 88 of module three_party_two_cycles: 115138
@!@!@ENDMSG 2221 @!@!@
@!@!@STARTMSG 2221:0 @!@!@
  line 752, col 31 to line 753, col 85 of module three_party_two_cycles: 5482
@!@!@ENDMSG 2221 @!@!@
@!@!@STARTMSG 2221:0 @!@!@
  line 754, col 37 to line 754, col 125 of module three_party_two_cycles: 171674
@!@!@ENDMSG 2221 @!@!@
@!@!@STARTMSG 2221:0 @!@!@
  |line 754, col 37 to line 754, col 69 of module three_party_two_cycles: 171674
@!@!@ENDMSG 2221 @!@!@
@!@!@STARTMSG 2221:0 @!@!@
  |line 754, col 72 to line 754, col 125 of module three_party_two_cycles: 33566
@!@!@ENDMSG 2221 @!@!@
@!@!@STARTMSG 2221:0 @!@!@
  line 755, col 42 to line 755, col 94 of module three_party_two_cycles: 1042
@!@!@ENDMSG 2221 @!@!@
@!@!@STARTMSG 2221:0 @!@!@
  line 756, col 48 to line 756, col 129 of module three_party_two_cycles: 170632
@!@!@ENDMSG 2221 @!@!@
@!@!@STARTMSG 2221:0 @!@!@
  |line 756, col 48 to line 756, col 97 of module three_party_two_cycles: 170632
@!@!@ENDMSG 2221 @!@!@
@!@!@STARTMSG 2221:0 @!@!@
  ||line 756, col 48 to line 756, col 75 of module three_party_two_cycles: 170632
@!@!@ENDMSG 2221 @!@!@
@!@!@STARTMSG 2221:0 @!@!@
  ||line 756, col 78 to line 756, col 97 of module three_party_two_cycles: 62018
@!@!@ENDMSG 2221 @!@!@
@!@!@STARTMSG 2221:0 @!@!@
  |line 756, col 100 to line 756, col 129 of module three_party_two_cycles: 36384
@!@!@ENDMSG 2221 @!@!@
@!@!@STARTMSG 2221:0 @!@!@
  line 757, col 53 to line 757, col 105 of module three_party_two_cycles: 33518
@!@!@ENDMSG 2221 @!@!@
@!@!@STARTMSG 2221:0 @!@!@
  line 758, col 56 to line 758, col 59 of module three_party_two_cycles: 137114
@!@!@ENDMSG 2221 @!@!@
@!@!@STARTMSG 2221:0 @!@!@
  line 759, col 56 to line 759, col 75 of module three_party_two_cycles: 137114
@!@!@ENDMSG 2221 @!@!@
@!@!@STARTMSG 2221:0 @!@!@
  line 760, col 23 to line 760, col 92 of module three_party_two_cycles: 177156
@!@!@ENDMSG 2221 @!@!@
@!@!@STARTMSG 2221:0 @!@!@
  line 761, col 23 to line 761, col 67 of module three_party_two_cycles: 177156
@!@!@ENDMSG 2221 @!@!@
@!@!@STARTMSG 2221:0 @!@!@
  line 762, col 23 to line 764, col 56 of module three_party_two_cycles: 177156
@!@!@ENDMSG 2221 @!@!@
@!@!@STARTMSG 2772:0 @!@!@
<P_R_SA_BCA_ON_AB line 766, col 1 to line 766, col 16 of module three_party_two_cycles>: 9619:247524
@!@!@ENDMSG 2772 @!@!@
@!@!@STARTMSG 2221:0 @!@!@
  line 766, col 24 to line 766, col 51 of module three_party_two_cycles: 3326970
@!@!@ENDMSG 2221 @!@!@
@!@!@STARTMSG 2221:0 @!@!@
  |line 766, col 24 to line 766, col 30 of module three_party_two_cycles: 3079446
@!@!@ENDMSG 2221 @!@!@
@!@!@STARTMSG 2221:0 @!@!@
  line 767, col 27 to line 767, col 157 of module three_party_two_cycles: 247524
@!@!@ENDMSG 2221 @!@!@
@!@!@STARTMSG 2221:0 @!@!@
  |line 767, col 27 to line 767, col 103 of module three_party_two_cycles: 247524
@!@!@ENDMSG 2221 @!@!@
@!@!@STARTMSG 2221:0 @!@!@
  ||line 767, col 27 to line 767, col 45 of module three_party_two_cycles: 247524
@!@!@ENDMSG 2221 @!@!@
@!@!@STARTMSG 2221:0 @!@!@
  ||line 767, col 48 to line 767, col 103 of module three_party_two_cycles: 166796
@!@!@ENDMSG 2221 @!@!@
@!@!@STARTMSG 2221:0 @!@!@
  |line 767, col 108 to line 767, col 157 of module three_party_two_cycles: 16790
@!@!@ENDMSG 2221 @!@!@
@!@!@STARTMSG 2221:0 @!@!@
  line 768, col 35 to line 769, col 163 of module three_party_two_cycles: 16790
@!@!@ENDMSG 2221 @!@!@
@!@!@STARTMSG 2221:0 @!@!@
  line 770, col 35 to line 770, col 95 of module three_party_two_cycles: 16790
@!@!@ENDMSG 2221 @!@!@
@!@!@STARTMSG 2221:0 @!@!@
  line 771, col 38 to line 771, col 80 of module three_party_two_cycles: 16790
@!@!@ENDMSG 2221 @!@!@
@!@!@STARTMSG 2221:0 @!@!@
  line 772, col 43 to line 773, col 154 of module three_party_two_cycles: 4968
@!@!@ENDMSG 2221 @!@!@
@!@!@STARTMSG 2221:0 @!@!@
  line 774, col 46 to line 774, col 49 of module three_party_two_cycles: 11822
@!@!@ENDMSG 2221 @!@!@
@!@!@STARTMSG 2221:0 @!@!@
  line 775, col 46 to line 775, col 78 of module three_party_two_cycles: 11822
@!@!@ENDMSG 2221 @!@!@
@!@!@STARTMSG 2221:0 @!@!@
  line 776, col 38 to line 776, col 80 of module three_party_two_cycles: 230734
@!@!@ENDMSG 2221 @!@!@
@!@!@STARTMSG 2221:0 @!@!@
  line 777, col 43 to line 777, col 130 of module three_party_two_cycles: 78092
@!@!@ENDMSG 2221 @!@!@
@!@!@STARTMSG 2221:0 @!@!@
  line 778, col 46 to line 778, col 49 of module three_party_two_cycles: 152642
@!@!@ENDMSG 2221 @!@!@
@!@!@STARTMSG 2221:0 @!@!@
  line 779, col 46 to line 779, col 78 of module three_party_two_cycles: 152642
@!@!@ENDMSG 2221 @!@!@
@!@!@STARTMSG 2221:0 @!@!@
  line 780, col 35 to line 781, col 60 of module three_party_two_cycles: 230734
@!@!@ENDMSG 2221 @!@!@
@!@!@STARTMSG 2221:0 @!@!@
  line 782, col 27 to line 782, col 118 of module three_party_two_cycles: 247524
@!@!@ENDMSG 2221 @!@!@
@!@!@STARTMSG 2221:0 @!@!@
  |line 782, col 27 to line 782, col 86 of module three_party_two_cycles: 247524
@!@!@ENDMSG 2221 @!@!@
@!@!@STARTMSG 2221:0 @!@!@
  ||line 782, col 27 to line 782, col 54 of module three_party_two_cycles: 247524
@!@!@ENDMSG 2221 @!@!@
@!@!@STARTMSG 2221:0 @!@!@
  ||line 782, col 57 to line 782, col 86 of module three_party_two_cycles: 86848
@!@!@ENDMSG 2221 @!@!@
@!@!@STARTMSG 2221:0 @!@!@
  |line 782, col 89 to line 782, col 118 of module three_party_two_cycles: 48356
@!@!@ENDMSG 2221 @!@!@
@!@!@STARTMSG 2221:0 @!@!@
  line 783, col 32 to line 784, col 86 of module three_party_two_cycles: 3168
@!@!@ENDMSG 2221 @!@!@
@!@!@STARTMSG 2221:0 @!@!@
  line 785, col 38 to line 785, col 130 of module three_party_two_cycles: 244356
@!@!@ENDMSG 2221 @!@!@
@!@!@STARTMSG 2221:0 @!@!@
  |line 785, col 38 to line 785, col 98 of module three_party_two_cycles: 244356
@!@!@ENDMSG 2221 @!@!@
@!@!@STARTMSG 2221:0 @!@!@
  ||line 785, col 38 to line 785, col 66 of module three_party_two_cycles: 244356
@!@!@ENDMSG 2221 @!@!@
@!@!@STARTMSG 2221:0 @!@!@
  ||line 785, col 69 to line 785, col 98 of module three_party_two_cycles: 160676
@!@!@ENDMSG 2221 @!@!@
@!@!@STARTMSG 2221:0 @!@!@
  |line 785, col 101 to line 785, col 130 of module three_party_two_cycles: 118794
@!@!@ENDMSG 2221 @!@!@
@!@!@STARTMSG 2221:0 @!@!@
  line 786, col 43 to line 788, col 97 of module three_party_two_cycles: 8640
@!@!@ENDMSG 2221 @!@!@
@!@!@STARTMSG 2221:0 @!@!@
  line 789, col 49 to line 789, col 139 of module three_party_two_cycles: 235716
@!@!@ENDMSG 2221 @!@!@
@!@!@STARTMSG 2221:0 @!@!@
  |line 789, col 49 to line 789, col 82 of module three_party_two_cycles: 235716
@!@!@ENDMSG 2221 @!@!@
@!@!@STARTMSG 2221:0 @!@!@
  |line 789, col 85 to line 789, col 139 of module three_party_two_cycles: 48278
@!@!@ENDMSG 2221 @!@!@
@!@!@STARTMSG 2221:0 @!@!@
  line 790, col 54 to line 790, col 106 of module three_party_two_cycles: 2084
@!@!@ENDMSG 2221 @!@!@
@!@!@STARTMSG 2221:0 @!@!@
  line 791, col 60 to line 791, col 143 of module three_party_two_cycles: 233632
@!@!@ENDMSG 2221 @!@!@
@!@!@STARTMSG 2221:0 @!@!@
  |line 791, col 60 to line 791, col 110 of module three_party_two_cycles: 233632
@!@!@ENDMSG 2221 @!@!@
@!@!@STARTMSG 2221:0 @!@!@
  ||line 791, col 60 to line 791, col 88 of module three_party_two_cycles: 233632
@!@!@ENDMSG 2221 @!@!@
@!@!@STARTMSG 2221:0 @!@!@
  ||line 791, col 91 to line 791, col 110 of module three_party_two_cycles: 80374
@!@!@ENDMSG 2221 @!@!@
@!@!@STARTMSG 2221:0 @!@!@
  |line 791, col 113 to line 791, col 143 of module three_party_two_cycles: 55802
@!@!@ENDMSG 2221 @!@!@
@!@!@STARTMSG 2221:0 @!@!@
  line 792, col 65 to line 792, col 117 of module three_party_two_cycles: 50820
@!@!@ENDMSG 2221 @!@!@
@!@!@STARTMSG 2221:0 @!@!@
  line 793, col 68 to line 793, col 71 of module three_party_two_cycles: 182812
@!@!@ENDMSG 2221 @!@!@
@!@!@STARTMSG 2221:0 @!@!@
  line 794, col 68 to line 794, col 87 of module three_party_two_cycles: 182812
@!@!@ENDMSG 2221 @!@!@
@!@!@STARTMSG 2221:0 @!@!@
  line 795, col 24 to line 795, col 94 of module three_party_two_cycles: 247524
@!@!@ENDMSG 2221 @!@!@
@!@!@STARTMSG 2221:0 @!@!@
  line 796, col 24 to line 796, col 54 of module three_party_two_cycles: 247524
@!@!@ENDMSG 2221 @!@!@
@!@!@STARTMSG 2221:0 @!@!@
  line 797, col 24 to line 799, col 57 of module three_party_two_cycles: 247524
@!@!@ENDMSG 2221 @!@!@
@!@!@STARTMSG 2772:0 @!@!@
<AB line 801, col 1 to line 801, col 2 of module three_party_two_cycles>: 26211:353860
@!@!@ENDMSG 2772 @!@!@
@!@!@STARTMSG 2221:0 @!@!@
  line 801, col 10 to line 801, col 23 of module three_party_two_cycles: 3433306
@!@!@ENDMSG 2221 @!@!@
@!@!@STARTMSG 2221:0 @!@!@
  |line 801, col 10 to line 801, col 16 of module three_party_two_cycles: 3079446
@!@!@ENDMSG 2221 @!@!@
@!@!@STARTMSG 2221:0 @!@!@
  line 802, col 13 to line 802, col 135 of module three_party_two_cycles: 353860
@!@!@ENDMSG 2221 @!@!@
@!@!@STARTMSG 2221:0 @!@!@
  |line 802, col 13 to line 802, col 98 of module three_party_two_cycles: 353860
@!@!@ENDMSG 2221 @!@!@
@!@!@STARTMSG 2221:0 @!@!@
  ||line 802, col 13 to line 802, col 58 of module three_party_two_cycles: 353860
@!@!@ENDMSG 2221 @!@!@
@!@!@STARTMSG 2221:0 @!@!@
  ||line 802, col 61 to line 802, col 98 of module three_party_two_cycles: 199352
@!@!@ENDMSG 2221 @!@!@
@!@!@STARTMSG 2221:0 @!@!@
  |line 802, col 104 to line 802, col 135 of module three_party_two_cycles: 25954
@!@!@ENDMSG 2221 @!@!@
@!@!@STARTMSG 2221:0 @!@!@
  line 803, col 21 to line 804, col 119 of module three_party_two_cycles: 25954
@!@!@ENDMSG 2221 @!@!@
@!@!@STARTMSG 2221:0 @!@!@
  line 805, col 21 to line 805, col 67 of module three_party_two_cycles: 25954
@!@!@ENDMSG 2221 @!@!@
@!@!@STARTMSG 2221:0 @!@!@
  line 806, col 21 to line 806, col 106 of module three_party_two_cycles: 25954
@!@!@ENDMSG 2221 @!@!@
@!@!@STARTMSG 2221:0 @!@!@
  line 807, col 21 to line 807, col 36 of module three_party_two_cycles: 25954
@!@!@ENDMSG 2221 @!@!@
@!@!@STARTMSG 2221:0 @!@!@
  line 808, col 24 to line 808, col 69 of module three_party_two_cycles: 327906
@!@!@ENDMSG 2221 @!@!@
@!@!@STARTMSG 2221:0 @!@!@
  line 809, col 29 to line 811, col 140 of module three_party_two_cycles: 173398
@!@!@ENDMSG 2221 @!@!@
@!@!@STARTMSG 2221:0 @!@!@
  line 812, col 32 to line 812, col 35 of module three_party_two_cycles: 154508
@!@!@ENDMSG 2221 @!@!@
@!@!@STARTMSG 2221:0 @!@!@
  line 813, col 32 to line 813, col 78 of module three_party_two_cycles: 154508
@!@!@ENDMSG 2221 @!@!@
@!@!@STARTMSG 2221:0 @!@!@
  line 814, col 21 to line 814, col 62 of module three_party_two_cycles: 327906
@!@!@ENDMSG 2221 @!@!@
@!@!@STARTMSG 2221:0 @!@!@
  line 815, col 13 to line 815, col 80 of module three_party_two_cycles: 353860
@!@!@ENDMSG 2221 @!@!@
@!@!@STARTMSG 2221:0 @!@!@
  |line 815, col 13 to line 815, col 60 of module three_party_two_cycles: 353860
@!@!@ENDMSG 2221 @!@!@
@!@!@STARTMSG 2221:0 @!@!@
  |line 815, col 64 to line 815, col 80 of module three_party_two_cycles: 199352
@!@!@ENDMSG 2221 @!@!@
@!@!@STARTMSG 2221:0 @!@!@
  line 816, col 18 to line 816, col 72 of module three_party_two_cycles: 173398
@!@!@ENDMSG 2221 @!@!@
@!@!@STARTMSG 2221:0 @!@!@
  line 817, col 21 to line 817, col 24 of module three_party_two_cycles: 180462
@!@!@ENDMSG 2221 @!@!@
@!@!@STARTMSG 2221:0 @!@!@
  line 818, col 21 to line 818, col 40 of module three_party_two_cycles: 180462
@!@!@ENDMSG 2221 @!@!@
@!@!@STARTMSG 2221:0 @!@!@
  line 819, col 10 to line 819, col 66 of module three_party_two_cycles: 353860
@!@!@ENDMSG 2221 @!@!@
@!@!@STARTMSG 2221:0 @!@!@
  line 820, col 10 to line 820, col 49 of module three_party_two_cycles: 353860
@!@!@ENDMSG 2221 @!@!@
@!@!@STARTMSG 2221:0 @!@!@
  line 821, col 10 to line 822, col 72 of module three_party_two_cycles: 353860
@!@!@ENDMSG 2221 @!@!@
@!@!@STARTMSG 2772:0 @!@!@
<SA_BA_ON_AB line 824, col 1 to line 824, col 11 of module three_party_two_cycles>: 121450:539256
@!@!@ENDMSG 2772 @!@!@
@!@!@STARTMSG 2221:0 @!@!@
  line 824, col 19 to line 824, col 41 of module three_party_two_cycles: 3618702
@!@!@ENDMSG 2221 @!@!@
@!@!@STARTMSG 2221:0 @!@!@
  |line 824, col 19 to line 824, col 25 of module three_party_two_cycles: 3079446
@!@!@ENDMSG 2221 @!@!@
@!@!@STARTMSG 2221:0 @!@!@
  line 825, col 22 to line 825, col 110 of module three_party_two_cycles: 539256
@!@!@ENDMSG 2221 @!@!@
@!@!@STARTMSG 2221:0 @!@!@
  |line 825, col 22 to line 825, col 66 of module three_party_two_cycles: 539256
@!@!@ENDMSG 2221 @!@!@
@!@!@STARTMSG 2221:0 @!@!@
  |line 825, col 71 to line 825, col 110 of module three_party_two_cycles: 291336
@!@!@ENDMSG 2221 @!@!@
@!@!@STARTMSG 2221:0 @!@!@
  line 826, col 30 to line 826, col 107 of module three_party_two_cycles: 291336
@!@!@ENDMSG 2221 @!@!@
@!@!@STARTMSG 2221:0 @!@!@
  line 827, col 30 to line 827, col 85 of module three_party_two_cycles: 291336
@!@!@ENDMSG 2221 @!@!@
@!@!@STARTMSG 2221:0 @!@!@
  line 828, col 33 to line 828, col 68 of module three_party_two_cycles: 291336
@!@!@ENDMSG 2221 @!@!@
@!@!@STARTMSG 2221:0 @!@!@
  line 829, col 38 to line 831, col 143 of module three_party_two_cycles: 117816
@!@!@ENDMSG 2221 @!@!@
@!@!@STARTMSG 2221:0 @!@!@
  line 832, col 41 to line 832, col 44 of module three_party_two_cycles: 173520
@!@!@ENDMSG 2221 @!@!@
@!@!@STARTMSG 2221:0 @!@!@
  line 833, col 41 to line 833, col 78 of module three_party_two_cycles: 173520
@!@!@ENDMSG 2221 @!@!@
@!@!@STARTMSG 2221:0 @!@!@
  line 834, col 33 to line 834, col 85 of module three_party_two_cycles: 291336
@!@!@ENDMSG 2221 @!@!@
@!@!@STARTMSG 2221:0 @!@!@
  line 835, col 38 to line 835, col 136 of module three_party_two_cycles: 137352
@!@!@ENDMSG 2221 @!@!@
@!@!@STARTMSG 2221:0 @!@!@
  line 836, col 41 to line 836, col 44 of module three_party_two_cycles: 153984
@!@!@ENDMSG 2221 @!@!@
@!@!@STARTMSG 2221:0 @!@!@
  line 837, col 41 to line 837, col 76 of module three_party_two_cycles: 153984
@!@!@ENDMSG 2221 @!@!@
@!@!@STARTMSG 2221:0 @!@!@
  line 838, col 33 to line 838, col 85 of module three_party_two_cycles: 247920
@!@!@ENDMSG 2221 @!@!@
@!@!@STARTMSG 2221:0 @!@!@
  line 839, col 38 to line 841, col 156 of module three_party_two_cycles: 121092
@!@!@ENDMSG 2221 @!@!@
@!@!@STARTMSG 2221:0 @!@!@
  line 842, col 41 to line 842, col 44 of module three_party_two_cycles: 126828
@!@!@ENDMSG 2221 @!@!@
@!@!@STARTMSG 2221:0 @!@!@
  line 843, col 41 to line 844, col 62 of module three_party_two_cycles: 126828
@!@!@ENDMSG 2221 @!@!@
@!@!@STARTMSG 2221:0 @!@!@
  line 845, col 30 to line 846, col 55 of module three_party_two_cycles: 247920
@!@!@ENDMSG 2221 @!@!@
@!@!@STARTMSG 2221:0 @!@!@
  line 847, col 22 to line 847, col 73 of module three_party_two_cycles: 539256
@!@!@ENDMSG 2221 @!@!@
@!@!@STARTMSG 2221:0 @!@!@
  |line 847, col 22 to line 847, col 46 of module three_party_two_cycles: 539256
@!@!@ENDMSG 2221 @!@!@
@!@!@STARTMSG 2221:0 @!@!@
  |line 847, col 49 to line 847, col 73 of module three_party_two_cycles: 414190
@!@!@ENDMSG 2221 @!@!@
@!@!@STARTMSG 2221:0 @!@!@
  line 848, col 27 to line 848, col 81 of module three_party_two_cycles: 219326
@!@!@ENDMSG 2221 @!@!@
@!@!@STARTMSG 2221:0 @!@!@
  line 849, col 33 to line 849, col 107 of module three_party_two_cycles: 319930
@!@!@ENDMSG 2221 @!@!@
@!@!@STARTMSG 2221:0 @!@!@
  |line 849, col 33 to line 849, col 61 of module three_party_two_cycles: 319930
@!@!@ENDMSG 2221 @!@!@
@!@!@STARTMSG 2221:0 @!@!@
  |line 849, col 64 to line 849, col 107 of module three_party_two_cycles: 139632
@!@!@ENDMSG 2221 @!@!@
@!@!@STARTMSG 2221:0 @!@!@
  line 850, col 41 to line 850, col 90 of module three_party_two_cycles: 0
@!@!@ENDMSG 2221 @!@!@
@!@!@STARTMSG 2221:0 @!@!@
  line 851, col 44 to line 851, col 128 of module three_party_two_cycles: 319930
@!@!@ENDMSG 2221 @!@!@
@!@!@STARTMSG 2221:0 @!@!@
  |line 851, col 44 to line 851, col 98 of module three_party_two_cycles: 319930
@!@!@ENDMSG 2221 @!@!@
@!@!@STARTMSG 2221:0 @!@!@
  ||line 851, col 44 to line 851, col 72 of module three_party_two_cycles: 319930
@!@!@ENDMSG 2221 @!@!@
@!@!@STARTMSG 2221:0 @!@!@
  ||line 851, col 75 to line 851, col 98 of module three_party_two_cycles: 155960
@!@!@ENDMSG 2221 @!@!@
@!@!@STARTMSG 2221:0 @!@!@
  |line 851, col 103 to line 851, col 128 of module three_party_two_cycles: 61348
@!@!@ENDMSG 2221 @!@!@
@!@!@STARTMSG 2221:0 @!@!@
  line 852, col 49 to line 852, col 101 of module three_party_two_cycles: 26480
@!@!@ENDMSG 2221 @!@!@
@!@!@STARTMSG 2221:0 @!@!@
  line 853, col 52 to line 853, col 55 of module three_party_two_cycles: 293450
@!@!@ENDMSG 2221 @!@!@
@!@!@STARTMSG 2221:0 @!@!@
  line 854, col 52 to line 854, col 71 of module three_party_two_cycles: 293450
@!@!@ENDMSG 2221 @!@!@
@!@!@STARTMSG 2221:0 @!@!@
  line 855, col 19 to line 855, col 84 of module three_party_two_cycles: 539256
@!@!@ENDMSG 2221 @!@!@
@!@!@STARTMSG 2221:0 @!@!@
  line 856, col 19 to line 856, col 59 of module three_party_two_cycles: 539256
@!@!@ENDMSG 2221 @!@!@
@!@!@STARTMSG 2221:0 @!@!@
  line 857, col 19 to line 858, col 60 of module three_party_two_cycles: 539256
@!@!@ENDMSG 2221 @!@!@
@!@!@STARTMSG 2772:0 @!@!@
<SA_BCA_ON_AB line 860, col 1 to line 860, col 12 of module three_party_two_cycles>: 180550:764760
@!@!@ENDMSG 2772 @!@!@
@!@!@STARTMSG 2221:0 @!@!@
  line 860, col 20 to line 860, col 43 of module three_party_two_cycles: 3844206
@!@!@ENDMSG 2221 @!@!@
@!@!@STARTMSG 2221:0 @!@!@
  |line 860, col 20 to line 860, col 26 of module three_party_two_cycles: 3079446
@!@!@ENDMSG 2221 @!@!@
@!@!@STARTMSG 2221:0 @!@!@
  line 861, col 23 to line 861, col 113 of module three_party_two_cycles: 764760
@!@!@ENDMSG 2221 @!@!@
@!@!@STARTMSG 2221:0 @!@!@
  |line 861, col 23 to line 861, col 68 of module three_party_two_cycles: 764760
@!@!@ENDMSG 2221 @!@!@
@!@!@STARTMSG 2221:0 @!@!@
  |line 861, col 73 to line 861, col 113 of module three_party_two_cycles: 523014
@!@!@ENDMSG 2221 @!@!@
@!@!@STARTMSG 2221:0 @!@!@
  line 862, col 31 to line 862, col 109 of module three_party_two_cycles: 523014
@!@!@ENDMSG 2221 @!@!@
@!@!@STARTMSG 2221:0 @!@!@
  line 863, col 31 to line 863, col 87 of module three_party_two_cycles: 523014
@!@!@ENDMSG 2221 @!@!@
@!@!@STARTMSG 2221:0 @!@!@
  line 864, col 34 to line 864, col 69 of module three_party_two_cycles: 523014
@!@!@ENDMSG 2221 @!@!@
@!@!@STARTMSG 2221:0 @!@!@
  line 865, col 39 to line 867, col 140 of module three_party_two_cycles: 45636
@!@!@ENDMSG 2221 @!@!@
@!@!@STARTMSG 2221:0 @!@!@
  line 868, col 42 to line 868, col 45 of module three_party_two_cycles: 477378
@!@!@ENDMSG 2221 @!@!@
@!@!@STARTMSG 2221:0 @!@!@
  line 869, col 42 to line 869, col 79 of module three_party_two_cycles: 477378
@!@!@ENDMSG 2221 @!@!@
@!@!@STARTMSG 2221:0 @!@!@
  line 870, col 34 to line 870, col 87 of module three_party_two_cycles: 523014
@!@!@ENDMSG 2221 @!@!@
@!@!@STARTMSG 2221:0 @!@!@
  line 871, col 39 to line 871, col 138 of module three_party_two_cycles: 236802
@!@!@ENDMSG 2221 @!@!@
@!@!@STARTMSG 2221:0 @!@!@
  line 872, col 42 to line 872, col 45 of module three_party_two_cycles: 286212
@!@!@ENDMSG 2221 @!@!@
@!@!@STARTMSG 2221:0 @!@!@
  line 873, col 42 to line 873, col 77 of module three_party_two_cycles: 286212
@!@!@ENDMSG 2221 @!@!@
@!@!@STARTMSG 2221:0 @!@!@
  line 874, col 34 to line 874, col 69 of module three_party_two_cycles: 241746
@!@!@ENDMSG 2221 @!@!@
@!@!@STARTMSG 2221:0 @!@!@
  line 875, col 39 to line 875, col 108 of module three_party_two_cycles: 45636
@!@!@ENDMSG 2221 @!@!@
@!@!@STARTMSG 2221:0 @!@!@
  line 876, col 42 to line 876, col 45 of module three_party_two_cycles: 196110
@!@!@ENDMSG 2221 @!@!@
@!@!@STARTMSG 2221:0 @!@!@
  line 877, col 42 to line 877, col 65 of module three_party_two_cycles: 196110
@!@!@ENDMSG 2221 @!@!@
@!@!@STARTMSG 2221:0 @!@!@
  line 878, col 34 to line 878, col 87 of module three_party_two_cycles: 241746
@!@!@ENDMSG 2221 @!@!@
@!@!@STARTMSG 2221:0 @!@!@
  line 879, col 39 to line 881, col 158 of module three_party_two_cycles: 109654
@!@!@ENDMSG 2221 @!@!@
@!@!@STARTMSG 2221:0 @!@!@
  line 882, col 42 to line 882, col 45 of module three_party_two_cycles: 132092
@!@!@ENDMSG 2221 @!@!@
@!@!@STARTMSG 2221:0 @!@!@
  line 883, col 42 to line 884, col 63 of module three_party_two_cycles: 132092
@!@!@ENDMSG 2221 @!@!@
@!@!@STARTMSG 2221:0 @!@!@
  line 885, col 31 to line 885, col 75 of module three_party_two_cycles: 241746
@!@!@ENDMSG 2221 @!@!@
@!@!@STARTMSG 2221:0 @!@!@
  line 886, col 23 to line 886, col 102 of module three_party_two_cycles: 764760
@!@!@ENDMSG 2221 @!@!@
@!@!@STARTMSG 2221:0 @!@!@
  |line 886, col 23 to line 886, col 76 of module three_party_two_cycles: 764760
@!@!@ENDMSG 2221 @!@!@
@!@!@STARTMSG 2221:0 @!@!@
  ||line 886, col 23 to line 886, col 48 of module three_party_two_cycles: 764760
@!@!@ENDMSG 2221 @!@!@
@!@!@STARTMSG 2221:0 @!@!@
  ||line 886, col 51 to line 886, col 76 of module three_party_two_cycles: 523014
@!@!@ENDMSG 2221 @!@!@
@!@!@STARTMSG 2221:0 @!@!@
  |line 886, col 79 to line 886, col 102 of module three_party_two_cycles: 391598
@!@!@ENDMSG 2221 @!@!@
@!@!@STARTMSG 2221:0 @!@!@
  line 887, col 28 to line 887, col 82 of module three_party_two_cycles: 90942
@!@!@ENDMSG 2221 @!@!@
@!@!@STARTMSG 2221:0 @!@!@
  line 888, col 34 to line 888, col 114 of module three_party_two_cycles: 673818
@!@!@ENDMSG 2221 @!@!@
@!@!@STARTMSG 2221:0 @!@!@
  |line 888, col 34 to line 888, col 87 of module three_party_two_cycles: 673818
@!@!@ENDMSG 2221 @!@!@
@!@!@STARTMSG 2221:0 @!@!@
  ||line 888, col 34 to line 888, col 59 of module three_party_two_cycles: 673818
@!@!@ENDMSG 2221 @!@!@
@!@!@STARTMSG 2221:0 @!@!@
  ||line 888, col 62 to line 888, col 87 of module three_party_two_cycles: 432072
@!@!@ENDMSG 2221 @!@!@
@!@!@STARTMSG 2221:0 @!@!@
  |line 888, col 90 to line 888, col 114 of module three_party_two_cycles: 300656
@!@!@ENDMSG 2221 @!@!@
@!@!@STARTMSG 2221:0 @!@!@
  line 889, col 39 to line 890, col 93 of module three_party_two_cycles: 300656
@!@!@ENDMSG 2221 @!@!@
@!@!@STARTMSG 2221:0 @!@!@
  line 891, col 45 to line 891, col 121 of module three_party_two_cycles: 373162
@!@!@ENDMSG 2221 @!@!@
@!@!@STARTMSG 2221:0 @!@!@
  |line 891, col 45 to line 891, col 73 of module three_party_two_cycles: 373162
@!@!@ENDMSG 2221 @!@!@
@!@!@STARTMSG 2221:0 @!@!@
  |line 891, col 76 to line 891, col 121 of module three_party_two_cycles: 237430
@!@!@ENDMSG 2221 @!@!@
@!@!@STARTMSG 2221:0 @!@!@
  line 892, col 50 to line 892, col 102 of module three_party_two_cycles: 78428
@!@!@ENDMSG 2221 @!@!@
@!@!@STARTMSG 2221:0 @!@!@
  line 893, col 56 to line 893, col 144 of module three_party_two_cycles: 294734
@!@!@ENDMSG 2221 @!@!@
@!@!@STARTMSG 2221:0 @!@!@
  |line 893, col 56 to line 893, col 113 of module three_party_two_cycles: 294734
@!@!@ENDMSG 2221 @!@!@
@!@!@STARTMSG 2221:0 @!@!@
  ||line 893, col 56 to line 893, col 85 of module three_party_two_cycles: 294734
@!@!@ENDMSG 2221 @!@!@
@!@!@STARTMSG 2221:0 @!@!@
  ||line 893, col 89 to line 893, col 113 of module three_party_two_cycles: 134434
@!@!@ENDMSG 2221 @!@!@
@!@!@STARTMSG 2221:0 @!@!@
  |line 893, col 118 to line 893, col 144 of module three_party_two_cycles: 49560
@!@!@ENDMSG 2221 @!@!@
@!@!@STARTMSG 2221:0 @!@!@
  line 894, col 61 to line 894, col 113 of module three_party_two_cycles: 24780
@!@!@ENDMSG 2221 @!@!@
@!@!@STARTMSG 2221:0 @!@!@
  line 895, col 64 to line 895, col 67 of module three_party_two_cycles: 269954
@!@!@ENDMSG 2221 @!@!@
@!@!@STARTMSG 2221:0 @!@!@
  line 896, col 64 to line 896, col 83 of module three_party_two_cycles: 269954
@!@!@ENDMSG 2221 @!@!@
@!@!@STARTMSG 2221:0 @!@!@
  line 897, col 20 to line 897, col 86 of module three_party_two_cycles: 764760
@!@!@ENDMSG 2221 @!@!@
@!@!@STARTMSG 2221:0 @!@!@
  line 898, col 20 to line 898, col 58 of module three_party_two_cycles: 764760
@!@!@ENDMSG 2221 @!@!@
@!@!@STARTMSG 2221:0 @!@!@
  line 899, col 20 to line 899, col 52 of module three_party_two_cycles: 764760
@!@!@ENDMSG 2221 @!@!@
@!@!@STARTMSG 2221:0 @!@!@
  line 900, col 20 to line 901, col 53 of module three_party_two_cycles: 764760
@!@!@ENDMSG 2221 @!@!@
@!@!@STARTMSG 2772:0 @!@!@
<P_E_BC line 906, col 1 to line 906, col 6 of module three_party_two_cycles>: 852:196426
@!@!@ENDMSG 2772 @!@!@
@!@!@STARTMSG 2221:0 @!@!@
  line 906, col 14 to line 906, col 31 of module three_party_two_cycles: 3275872
@!@!@ENDMSG 2221 @!@!@
@!@!@STARTMSG 2221:0 @!@!@
  |line 906, col 14 to line 906, col 20 of module three_party_two_cycles: 3079446
@!@!@ENDMSG 2221 @!@!@
@!@!@STARTMSG 2221:0 @!@!@
  line 907, col 17 to line 907, col 108 of module three_party_two_cycles: 196426
@!@!@ENDMSG 2221 @!@!@
@!@!@STARTMSG 2221:0 @!@!@
  |line 907, col 17 to line 907, col 63 of module three_party_two_cycles: 196426
@!@!@ENDMSG 2221 @!@!@
@!@!@STARTMSG 2221:0 @!@!@
  |line 907, col 68 to line 907, col 108 of module three_party_two_cycles: 1236
@!@!@ENDMSG 2221 @!@!@
@!@!@STARTMSG 2221:0 @!@!@
  line 908, col 22 to line 910, col 75 of module three_party_two_cycles: 1236
@!@!@ENDMSG 2221 @!@!@
@!@!@STARTMSG 2221:0 @!@!@
  line 911, col 25 to line 911, col 28 of module three_party_two_cycles: 195190
@!@!@ENDMSG 2221 @!@!@
@!@!@STARTMSG 2221:0 @!@!@
  line 912, col 25 to line 912, col 75 of module three_party_two_cycles: 195190
@!@!@ENDMSG 2221 @!@!@
@!@!@STARTMSG 2221:0 @!@!@
  line 913, col 17 to line 913, col 92 of module three_party_two_cycles: 196426
@!@!@ENDMSG 2221 @!@!@
@!@!@STARTMSG 2221:0 @!@!@
  |line 913, col 17 to line 913, col 41 of module three_party_two_cycles: 196426
@!@!@ENDMSG 2221 @!@!@
@!@!@STARTMSG 2221:0 @!@!@
  |line 913, col 46 to line 913, col 92 of module three_party_two_cycles: 5818
@!@!@ENDMSG 2221 @!@!@
@!@!@STARTMSG 2221:0 @!@!@
  line 914, col 22 to line 914, col 74 of module three_party_two_cycles: 66
@!@!@ENDMSG 2221 @!@!@
@!@!@STARTMSG 2221:0 @!@!@
  line 915, col 28 to line 915, col 70 of module three_party_two_cycles: 196360
@!@!@ENDMSG 2221 @!@!@
@!@!@STARTMSG 2221:0 @!@!@
  |line 915, col 28 to line 915, col 48 of module three_party_two_cycles: 196360
@!@!@ENDMSG 2221 @!@!@
@!@!@STARTMSG 2221:0 @!@!@
  |line 915, col 51 to line 915, col 70 of module three_party_two_cycles: 45834
@!@!@ENDMSG 2221 @!@!@
@!@!@STARTMSG 2221:0 @!@!@
  line 916, col 33 to line 916, col 85 of module three_party_two_cycles: 366
@!@!@ENDMSG 2221 @!@!@
@!@!@STARTMSG 2221:0 @!@!@
  line 917, col 39 to line 917, col 81 of module three_party_two_cycles: 195994
@!@!@ENDMSG 2221 @!@!@
@!@!@STARTMSG 2221:0 @!@!@
  |line 917, col 39 to line 917, col 58 of module three_party_two_cycles: 195994
@!@!@ENDMSG 2221 @!@!@
@!@!@STARTMSG 2221:0 @!@!@
  |line 917, col 61 to line 917, col 81 of module three_party_two_cycles: 150526
@!@!@ENDMSG 2221 @!@!@
@!@!@STARTMSG 2221:0 @!@!@
  line 918, col 44 to line 918, col 96 of module three_party_two_cycles: 149722
@!@!@ENDMSG 2221 @!@!@
@!@!@STARTMSG 2221:0 @!@!@
  line 919, col 47 to line 919, col 50 of module three_party_two_cycles: 46272
@!@!@ENDMSG 2221 @!@!@
@!@!@STARTMSG 2221:0 @!@!@
  line 920, col 47 to line 920, col 66 of module three_party_two_cycles: 46272
@!@!@ENDMSG 2221 @!@!@
@!@!@STARTMSG 2221:0 @!@!@
  line 921, col 14 to line 921, col 74 of module three_party_two_cycles: 196426
@!@!@ENDMSG 2221 @!@!@
@!@!@STARTMSG 2221:0 @!@!@
  line 922, col 14 to line 922, col 57 of module three_party_two_cycles: 196426
@!@!@ENDMSG 2221 @!@!@
@!@!@STARTMSG 2221:0 @!@!@
  line 923, col 14 to line 925, col 55 of module three_party_two_cycles: 196426
@!@!@ENDMSG 2221 @!@!@
@!@!@STARTMSG 2772:0 @!@!@
<P_R_SA_CA_ON_BC line 927, col 1 to line 927, col 15 of module three_party_two_cycles>: 6948:395616
@!@!@ENDMSG 2772 @!@!@
@!@!@STARTMSG 2221:0 @!@!@
  line 927, col 23 to line 927, col 49 of module three_party_two_cycles: 3475062
@!@!@ENDMSG 2221 @!@!@
@!@!@STARTMSG 2221:0 @!@!@
  |line 927, col 23 to line 927, col 29 of module three_party_two_cycles: 3079446
@!@!@ENDMSG 2221 @!@!@
@!@!@STARTMSG 2221:0 @!@!@
  line 928, col 26 to line 928, col 154 of module three_party_two_cycles: 395616
@!@!@ENDMSG 2221 @!@!@
@!@!@STARTMSG 2221:0 @!@!@
  |line 928, col 26 to line 928, col 101 of module three_party_two_cycles: 395616
@!@!@ENDMSG 2221 @!@!@
@!@!@STARTMSG 2221:0 @!@!@
  ||line 928, col 26 to line 928, col 44 of module three_party_two_cycles: 395616
@!@!@ENDMSG 2221 @!@!@
@!@!@STARTMSG 2221:0 @!@!@
  ||line 928, col 47 to line 928, col 101 of module three_party_two_cycles: 217208
@!@!@ENDMSG 2221 @!@!@
@!@!@STARTMSG 2221:0 @!@!@
  |line 928, col 106 to line 928, col 154 of module three_party_two_cycles: 10532
@!@!@ENDMSG 2221 @!@!@
@!@!@STARTMSG 2221:0 @!@!@
  line 929, col 34 to line 930, col 160 of module three_party_two_cycles: 10532
@!@!@ENDMSG 2221 @!@!@
@!@!@STARTMSG 2221:0 @!@!@
  line 931, col 34 to line 931, col 93 of module three_party_two_cycles: 10532
@!@!@ENDMSG 2221 @!@!@
@!@!@STARTMSG 2221:0 @!@!@
  line 932, col 37 to line 932, col 79 of module three_party_two_cycles: 10532
@!@!@ENDMSG 2221 @!@!@
@!@!@STARTMSG 2221:0 @!@!@
  line 933, col 42 to line 934, col 153 of module three_party_two_cycles: 10532
@!@!@ENDMSG 2221 @!@!@
@!@!@STARTMSG 2221:0 @!@!@
  line 936, col 45 to line 936, col 77 of module three_party_two_cycles: 0
@!@!@ENDMSG 2221 @!@!@
@!@!@STARTMSG 2221:0 @!@!@
  line 937, col 37 to line 937, col 79 of module three_party_two_cycles: 385084
@!@!@ENDMSG 2221 @!@!@
@!@!@STARTMSG 2221:0 @!@!@
  line 938, col 42 to line 938, col 129 of module three_party_two_cycles: 206676
@!@!@ENDMSG 2221 @!@!@
@!@!@STARTMSG 2221:0 @!@!@
  line 939, col 45 to line 939, col 48 of module three_party_two_cycles: 178408
@!@!@ENDMSG 2221 @!@!@
@!@!@STARTMSG 2221:0 @!@!@
  line 940, col 45 to line 940, col 77 of module three_party_two_cycles: 178408
@!@!@ENDMSG 2221 @!@!@
@!@!@STARTMSG 2221:0 @!@!@
  line 941, col 34 to line 942, col 59 of module three_party_two_cycles: 385084
@!@!@ENDMSG 2221 @!@!@
@!@!@STARTMSG 2221:0 @!@!@
  line 943, col 26 to line 943, col 85 of module three_party_two_cycles: 395616
@!@!@ENDMSG 2221 @!@!@
@!@!@STARTMSG 2221:0 @!@!@
  |line 943, col 26 to line 943, col 54 of module three_party_two_cycles: 395616
@!@!@ENDMSG 2221 @!@!@
@!@!@STARTMSG 2221:0 @!@!@
  |line 943, col 57 to line 943, col 85 of module three_party_two_cycles: 253448
@!@!@ENDMSG 2221 @!@!@
@!@!@STARTMSG 2221:0 @!@!@
  line 944, col 31 to line 945, col 85 of module three_party_two_cycles: 6364
@!@!@ENDMSG 2221 @!@!@
@!@!@STARTMSG 2221:0 @!@!@
  line 946, col 37 to line 946, col 125 of module three_party_two_cycles: 389252
@!@!@ENDMSG 2221 @!@!@
@!@!@STARTMSG 2221:0 @!@!@
  |line 946, col 37 to line 946, col 69 of module three_party_two_cycles: 389252
@!@!@ENDMSG 2221 @!@!@
@!@!@STARTMSG 2221:0 @!@!@
  |line 946, col 72 to line 946, col 125 of module three_party_two_cycles: 70702
@!@!@ENDMSG 2221 @!@!@
@!@!@STARTMSG 2221:0 @!@!@
  line 947, col 42 to line 947, col 96 of module three_party_two_cycles: 1236
@!@!@ENDMSG 2221 @!@!@
@!@!@STARTMSG 2221:0 @!@!@
  line 948, col 48 to line 948, col 129 of module three_party_two_cycles: 388016
@!@!@ENDMSG 2221 @!@!@
@!@!@STARTMSG 2221:0 @!@!@
  |line 948, col 48 to line 948, col 97 of module three_party_two_cycles: 388016
@!@!@ENDMSG 2221 @!@!@
@!@!@STARTMSG 2221:0 @!@!@
  ||line 948, col 48 to line 948, col 75 of module three_party_two_cycles: 388016
@!@!@ENDMSG 2221 @!@!@
@!@!@STARTMSG 2221:0 @!@!@
  ||line 948, col 78 to line 948, col 97 of module three_party_two_cycles: 142168
@!@!@ENDMSG 2221 @!@!@
@!@!@STARTMSG 2221:0 @!@!@
  |line 948, col 100 to line 948, col 129 of module three_party_two_cycles: 81614
@!@!@ENDMSG 2221 @!@!@
@!@!@STARTMSG 2221:0 @!@!@
  line 949, col 53 to line 949, col 107 of module three_party_two_cycles: 77446
@!@!@ENDMSG 2221 @!@!@
@!@!@STARTMSG 2221:0 @!@!@
  line 950, col 56 to line 950, col 59 of module three_party_two_cycles: 310570
@!@!@ENDMSG 2221 @!@!@
@!@!@STARTMSG 2221:0 @!@!@
  line 951, col 56 to line 951, col 75 of module three_party_two_cycles: 310570
@!@!@ENDMSG 2221 @!@!@
@!@!@STARTMSG 2221:0 @!@!@
  line 952, col 23 to line 952, col 92 of module three_party_two_cycles: 395616
@!@!@ENDMSG 2221 @!@!@
@!@!@STARTMSG 2221:0 @!@!@
  line 953, col 23 to line 953, col 53 of module three_party_two_cycles: 395616
@!@!@ENDMSG 2221 @!@!@
@!@!@STARTMSG 2221:0 @!@!@
  line 954, col 23 to line 956, col 56 of module three_party_two_cycles: 395616
@!@!@ENDMSG 2221 @!@!@
@!@!@STARTMSG 2772:0 @!@!@
<BC line 958, col 1 to line 958, col 2 of module three_party_two_cycles>: 29568:593476
@!@!@ENDMSG 2772 @!@!@
@!@!@STARTMSG 2221:0 @!@!@
  line 958, col 10 to line 958, col 23 of module three_party_two_cycles: 3672922
@!@!@ENDMSG 2221 @!@!@
@!@!@STARTMSG 2221:0 @!@!@
  |line 958, col 10 to line 958, col 16 of module three_party_two_cycles: 3079446
@!@!@ENDMSG 2221 @!@!@
@!@!@STARTMSG 2221:0 @!@!@
  line 959, col 13 to line 959, col 134 of module three_party_two_cycles: 593476
@!@!@ENDMSG 2221 @!@!@
@!@!@STARTMSG 2221:0 @!@!@
  |line 959, col 13 to line 959, col 98 of module three_party_two_cycles: 593476
@!@!@ENDMSG 2221 @!@!@
@!@!@STARTMSG 2221:0 @!@!@
  ||line 959, col 13 to line 959, col 58 of module three_party_two_cycles: 593476
@!@!@ENDMSG 2221 @!@!@
@!@!@STARTMSG 2221:0 @!@!@
  ||line 959, col 61 to line 959, col 98 of module three_party_two_cycles: 208022
@!@!@ENDMSG 2221 @!@!@
@!@!@STARTMSG 2221:0 @!@!@
  |line 959, col 103 to line 959, col 134 of module three_party_two_cycles: 39098
@!@!@ENDMSG 2221 @!@!@
@!@!@STARTMSG 2221:0 @!@!@
  line 960, col 21 to line 961, col 118 of module three_party_two_cycles: 39098
@!@!@ENDMSG 2221 @!@!@
@!@!@STARTMSG 2221:0 @!@!@
  line 962, col 21 to line 962, col 67 of module three_party_two_cycles: 39098
@!@!@ENDMSG 2221 @!@!@
@!@!@STARTMSG 2221:0 @!@!@
  line 963, col 21 to line 963, col 106 of module three_party_two_cycles: 39098
@!@!@ENDMSG 2221 @!@!@
@!@!@STARTMSG 2221:0 @!@!@
  line 964, col 21 to line 964, col 36 of module three_party_two_cycles: 39098
@!@!@ENDMSG 2221 @!@!@
@!@!@STARTMSG 2221:0 @!@!@
  line 965, col 24 to line 965, col 69 of module three_party_two_cycles: 554378
@!@!@ENDMSG 2221 @!@!@
@!@!@STARTMSG 2221:0 @!@!@
  line 966, col 29 to line 968, col 139 of module three_party_two_cycles: 168924
@!@!@ENDMSG 2221 @!@!@
@!@!@STARTMSG 2221:0 @!@!@
  line 969, col 32 to line 969, col 35 of module three_party_two_cycles: 385454
@!@!@ENDMSG 2221 @!@!@
@!@!@STARTMSG 2221:0 @!@!@
  line 970, col 32 to line 970, col 78 of module three_party_two_cycles: 385454
@!@!@ENDMSG 2221 @!@!@
@!@!@STARTMSG 2221:0 @!@!@
  line 971, col 21 to line 971, col 62 of module three_party_two_cycles: 554378
@!@!@ENDMSG 2221 @!@!@
@!@!@STARTMSG 2221:0 @!@!@
  line 972, col 13 to line 972, col 73 of module three_party_two_cycles: 593476
@!@!@ENDMSG 2221 @!@!@
@!@!@STARTMSG 2221:0 @!@!@
  |line 972, col 13 to line 972, col 33 of module three_party_two_cycles: 593476
@!@!@ENDMSG 2221 @!@!@
@!@!@STARTMSG 2221:0 @!@!@
  |line 972, col 36 to line 972, col 73 of module three_party_two_cycles: 176082
@!@!@ENDMSG 2221 @!@!@
@!@!@STARTMSG 2221:0 @!@!@
  line 973, col 18 to line 973, col 70 of module three_party_two_cycles: 33038
@!@!@ENDMSG 2221 @!@!@
@!@!@STARTMSG 2221:0 @!@!@
  line 974, col 24 to line 974, col 109 of module three_party_two_cycles: 560438
@!@!@ENDMSG 2221 @!@!@
@!@!@STARTMSG 2221:0 @!@!@
  |line 974, col 24 to line 974, col 89 of module three_party_two_cycles: 560438
@!@!@ENDMSG 2221 @!@!@
@!@!@STARTMSG 2221:0 @!@!@
  ||line 974, col 24 to line 974, col 39 of module three_party_two_cycles: 560438
@!@!@ENDMSG 2221 @!@!@
@!@!@STARTMSG 2221:0 @!@!@
  ||line 974, col 42 to line 974, col 89 of module three_party_two_cycles: 162032
@!@!@ENDMSG 2221 @!@!@
@!@!@STARTMSG 2221:0 @!@!@
  |line 974, col 93 to line 974, col 109 of module three_party_two_cycles: 62852
@!@!@ENDMSG 2221 @!@!@
@!@!@STARTMSG 2221:0 @!@!@
  line 975, col 29 to line 975, col 81 of module three_party_two_cycles: 50404
@!@!@ENDMSG 2221 @!@!@
@!@!@STARTMSG 2221:0 @!@!@
  line 976, col 35 to line 976, col 69 of module three_party_two_cycles: 510034
@!@!@ENDMSG 2221 @!@!@
@!@!@STARTMSG 2221:0 @!@!@
  |line 976, col 35 to line 976, col 51 of module three_party_two_cycles: 510034
@!@!@ENDMSG 2221 @!@!@
@!@!@STARTMSG 2221:0 @!@!@
  |line 976, col 54 to line 976, col 69 of module three_party_two_cycles: 398406
@!@!@ENDMSG 2221 @!@!@
@!@!@STARTMSG 2221:0 @!@!@
  line 977, col 40 to line 977, col 92 of module three_party_two_cycles: 13776
@!@!@ENDMSG 2221 @!@!@
@!@!@STARTMSG 2221:0 @!@!@
  line 978, col 43 to line 978, col 46 of module three_party_two_cycles: 496258
@!@!@ENDMSG 2221 @!@!@
@!@!@STARTMSG 2221:0 @!@!@
  line 979, col 43 to line 979, col 62 of module three_party_two_cycles: 496258
@!@!@ENDMSG 2221 @!@!@
@!@!@STARTMSG 2221:0 @!@!@
  line 980, col 10 to line 980, col 66 of module three_party_two_cycles: 593476
@!@!@ENDMSG 2221 @!@!@
@!@!@STARTMSG 2221:0 @!@!@
  line 981, col 10 to line 981, col 49 of module three_party_two_cycles: 593476
@!@!@ENDMSG 2221 @!@!@
@!@!@STARTMSG 2221:0 @!@!@
  line 982, col 10 to line 983, col 72 of module three_party_two_cycles: 593476
@!@!@ENDMSG 2221 @!@!@
@!@!@STARTMSG 2772:0 @!@!@
<SA_CA_ON_BC line 985, col 1 to line 985, col 11 of module three_party_two_cycles>: 96117:752092
@!@!@ENDMSG 2772 @!@!@
@!@!@STARTMSG 2221:0 @!@!@
  line 985, col 19 to line 985, col 41 of module three_party_two_cycles: 3831538
@!@!@ENDMSG 2221 @!@!@
@!@!@STARTMSG 2221:0 @!@!@
  |line 985, col 19 to line 985, col 25 of module three_party_two_cycles: 3079446
@!@!@ENDMSG 2221 @!@!@
@!@!@STARTMSG 2221:0 @!@!@
  line 986, col 22 to line 986, col 110 of module three_party_two_cycles: 752092
@!@!@ENDMSG 2221 @!@!@
@!@!@STARTMSG 2221:0 @!@!@
  |line 986, col 22 to line 986, col 66 of module three_party_two_cycles: 752092
@!@!@ENDMSG 2221 @!@!@
@!@!@STARTMSG 2221:0 @!@!@
  |line 986, col 71 to line 986, col 110 of module three_party_two_cycles: 363050
@!@!@ENDMSG 2221 @!@!@
@!@!@STARTMSG 2221:0 @!@!@
  line 987, col 30 to line 987, col 107 of module three_party_two_cycles: 363050
@!@!@ENDMSG 2221 @!@!@
@!@!@STARTMSG 2221:0 @!@!@
  line 988, col 30 to line 988, col 85 of module three_party_two_cycles: 363050
@!@!@ENDMSG 2221 @!@!@
@!@!@STARTMSG 2221:0 @!@!@
  line 989, col 33 to line 989, col 68 of module three_party_two_cycles: 363050
@!@!@ENDMSG 2221 @!@!@
@!@!@STARTMSG 2221:0 @!@!@
  line 990, col 38 to line 992, col 139 of module three_party_two_cycles: 103534
@!@!@ENDMSG 2221 @!@!@
@!@!@STARTMSG 2221:0 @!@!@
  line 993, col 41 to line 993, col 44 of module three_party_two_cycles: 259516
@!@!@ENDMSG 2221 @!@!@
@!@!@STARTMSG 2221:0 @!@!@
  line 994, col 41 to line 994, col 78 of module three_party_two_cycles: 259516
@!@!@ENDMSG 2221 @!@!@
@!@!@STARTMSG 2221:0 @!@!@
  line 995, col 33 to line 995, col 85 of module three_party_two_cycles: 363050
@!@!@ENDMSG 2221 @!@!@
@!@!@STARTMSG 2221:0 @!@!@
  line 996, col 38 to line 996, col 136 of module three_party_two_cycles: 165718
@!@!@ENDMSG 2221 @!@!@
@!@!@STARTMSG 2221:0 @!@!@
  line 997, col 41 to line 997, col 44 of module three_party_two_cycles: 197332
@!@!@ENDMSG 2221 @!@!@
@!@!@STARTMSG 2221:0 @!@!@
  line 998, col 41 to line 998, col 76 of module three_party_two_cycles: 197332
@!@!@ENDMSG 2221 @!@!@
@!@!@STARTMSG 2221:0 @!@!@
  line 999, col 33 to line 999, col 68 of module three_party_two_cycles: 389042
@!@!@ENDMSG 2221 @!@!@
@!@!@STARTMSG 2221:0 @!@!@
  line 1000, col 38 to line 1000, col 107 of module three_party_two_cycles: 96432
@!@!@ENDMSG 2221 @!@!@
@!@!@STARTMSG 2221:0 @!@!@
  line 1001, col 41 to line 1001, col 44 of module three_party_two_cycles: 292610
@!@!@ENDMSG 2221 @!@!@
@!@!@STARTMSG 2221:0 @!@!@
  line 1002, col 41 to line 1002, col 64 of module three_party_two_cycles: 292610
@!@!@ENDMSG 2221 @!@!@
@!@!@STARTMSG 2221:0 @!@!@
  line 1003, col 33 to line 1003, col 85 of module three_party_two_cycles: 389042
@!@!@ENDMSG 2221 @!@!@
@!@!@STARTMSG 2221:0 @!@!@
  line 1004, col 38 to line 1006, col 156 of module three_party_two_cycles: 195330
@!@!@ENDMSG 2221 @!@!@
@!@!@STARTMSG 2221:0 @!@!@
  line 1007, col 41 to line 1007, col 44 of module three_party_two_cycles: 193712
@!@!@ENDMSG 2221 @!@!@
@!@!@STARTMSG 2221:0 @!@!@
  line 1008, col 41 to line 1009, col 62 of module three_party_two_cycles: 193712
@!@!@ENDMSG 2221 @!@!@
@!@!@STARTMSG 2221:0 @!@!@
  line 1010, col 30 to line 1010, col 74 of module three_party_two_cycles: 389042
@!@!@ENDMSG 2221 @!@!@
@!@!@STARTMSG 2221:0 @!@!@
  line 1011, col 22 to line 1011, col 73 of module three_party_two_cycles: 752092
@!@!@ENDMSG 2221 @!@!@
@!@!@STARTMSG 2221:0 @!@!@
  |line 1011, col 22 to line 1011, col 46 of module three_party_two_cycles: 752092
@!@!@ENDMSG 2221 @!@!@
@!@!@STARTMSG 2221:0 @!@!@
  |line 1011, col 49 to line 1011, col 73 of module three_party_two_cycles: 578370
@!@!@ENDMSG 2221 @!@!@
@!@!@STARTMSG 2221:0 @!@!@
  line 1012, col 27 to line 1012, col 81 of module three_party_two_cycles: 274876
@!@!@ENDMSG 2221 @!@!@
@!@!@STARTMSG 2221:0 @!@!@
  line 1013, col 33 to line 1013, col 107 of module three_party_two_cycles: 477216
@!@!@ENDMSG 2221 @!@!@
@!@!@STARTMSG 2221:0 @!@!@
  |line 1013, col 33 to line 1013, col 61 of module three_party_two_cycles: 477216
@!@!@ENDMSG 2221 @!@!@
@!@!@STARTMSG 2221:0 @!@!@
  |line 1013, col 64 to line 1013, col 107 of module three_party_two_cycles: 217848
@!@!@ENDMSG 2221 @!@!@
@!@!@STARTMSG 2221:0 @!@!@
  line 1014, col 41 to line 1014, col 92 of module three_party_two_cycles: 0
@!@!@ENDMSG 2221 @!@!@
@!@!@STARTMSG 2221:0 @!@!@
  line 1015, col 44 to line 1015, col 128 of module three_party_two_cycles: 477216
@!@!@ENDMSG 2221 @!@!@
@!@!@STARTMSG 2221:0 @!@!@
  |line 1015, col 44 to line 1015, col 98 of module three_party_two_cycles: 477216
@!@!@ENDMSG 2221 @!@!@
@!@!@STARTMSG 2221:0 @!@!@
  ||line 1015, col 44 to line 1015, col 72 of module three_party_two_cycles: 477216
@!@!@ENDMSG 2221 @!@!@
@!@!@STARTMSG 2221:0 @!@!@
  ||line 1015, col 75 to line 1015, col 98 of module three_party_two_cycles: 236802
@!@!@ENDMSG 2221 @!@!@
@!@!@STARTMSG 2221:0 @!@!@
  |line 1015, col 103 to line 1015, col 128 of module three_party_two_cycles: 85424
@!@!@ENDMSG 2221 @!@!@
@!@!@STARTMSG 2221:0 @!@!@
  line 1016, col 49 to line 1016, col 103 of module three_party_two_cycles: 43952
@!@!@ENDMSG 2221 @!@!@
@!@!@STARTMSG 2221:0 @!@!@
  line 1017, col 52 to line 1017, col 55 of module three_party_two_cycles: 433264
@!@!@ENDMSG 2221 @!@!@
@!@!@STARTMSG 2221:0 @!@!@
  line 1018, col 52 to line 1018, col 71 of module three_party_two_cycles: 433264
@!@!@ENDMSG 2221 @!@!@
@!@!@STARTMSG 2221:0 @!@!@
  line 1019, col 19 to line 1019, col 84 of module three_party_two_cycles: 752092
@!@!@ENDMSG 2221 @!@!@
@!@!@STARTMSG 2221:0 @!@!@
  line 1020, col 19 to line 1020, col 57 of module three_party_two_cycles: 752092
@!@!@ENDMSG 2221 @!@!@
@!@!@STARTMSG 2221:0 @!@!@
  line 1021, col 19 to line 1021, col 51 of module three_party_two_cycles: 752092
@!@!@ENDMSG 2221 @!@!@
@!@!@STARTMSG 2221:0 @!@!@
  line 1022, col 19 to line 1023, col 52 of module three_party_two_cycles: 752092
@!@!@ENDMSG 2221 @!@!@
@!@!@STARTMSG 2772:0 @!@!@
<P_E_CA line 1027, col 1 to line 1027, col 6 of module three_party_two_cycles>: 4379:186776
@!@!@ENDMSG 2772 @!@!@
@!@!@STARTMSG 2221:0 @!@!@
  line 1027, col 14 to line 1027, col 31 of module three_party_two_cycles: 3266222
@!@!@ENDMSG 2221 @!@!@
@!@!@STARTMSG 2221:0 @!@!@
  |line 1027, col 14 to line 1027, col 20 of module three_party_two_cycles: 3079446
@!@!@ENDMSG 2221 @!@!@
@!@!@STARTMSG 2221:0 @!@!@
  line 1028, col 17 to line 1028, col 108 of module three_party_two_cycles: 186776
@!@!@ENDMSG 2221 @!@!@
@!@!@STARTMSG 2221:0 @!@!@
  |line 1028, col 17 to line 1028, col 63 of module three_party_two_cycles: 186776
@!@!@ENDMSG 2221 @!@!@
@!@!@STARTMSG 2221:0 @!@!@
  |line 1028, col 68 to line 1028, col 108 of module three_party_two_cycles: 3402
@!@!@ENDMSG 2221 @!@!@
@!@!@STARTMSG 2221:0 @!@!@
  line 1029, col 22 to line 1031, col 75 of module three_party_two_cycles: 3402
@!@!@ENDMSG 2221 @!@!@
@!@!@STARTMSG 2221:0 @!@!@
  line 1032, col 25 to line 1032, col 28 of module three_party_two_cycles: 183374
@!@!@ENDMSG 2221 @!@!@
@!@!@STARTMSG 2221:0 @!@!@
  line 1033, col 25 to line 1033, col 75 of module three_party_two_cycles: 183374
@!@!@ENDMSG 2221 @!@!@
@!@!@STARTMSG 2221:0 @!@!@
  line 1034, col 17 to line 1034, col 91 of module three_party_two_cycles: 186776
@!@!@ENDMSG 2221 @!@!@
@!@!@STARTMSG 2221:0 @!@!@
  |line 1034, col 17 to line 1034, col 41 of module three_party_two_cycles: 186776
@!@!@ENDMSG 2221 @!@!@
@!@!@STARTMSG 2221:0 @!@!@
  |line 1034, col 45 to line 1034, col 91 of module three_party_two_cycles: 12046
@!@!@ENDMSG 2221 @!@!@
@!@!@STARTMSG 2221:0 @!@!@
  line 1035, col 22 to line 1035, col 76 of module three_party_two_cycles: 212
@!@!@ENDMSG 2221 @!@!@
@!@!@STARTMSG 2221:0 @!@!@
  line 1036, col 28 to line 1036, col 70 of module three_party_two_cycles: 186564
@!@!@ENDMSG 2221 @!@!@
@!@!@STARTMSG 2221:0 @!@!@
  |line 1036, col 28 to line 1036, col 47 of module three_party_two_cycles: 186564
@!@!@ENDMSG 2221 @!@!@
@!@!@STARTMSG 2221:0 @!@!@
  |line 1036, col 50 to line 1036, col 70 of module three_party_two_cycles: 107614
@!@!@ENDMSG 2221 @!@!@
@!@!@STARTMSG 2221:0 @!@!@
  line 1037, col 33 to line 1037, col 87 of module three_party_two_cycles: 105662
@!@!@ENDMSG 2221 @!@!@
@!@!@STARTMSG 2221:0 @!@!@
  line 1038, col 39 to line 1038, col 81 of module three_party_two_cycles: 80902
@!@!@ENDMSG 2221 @!@!@
@!@!@STARTMSG 2221:0 @!@!@
  |line 1038, col 39 to line 1038, col 59 of module three_party_two_cycles: 80902
@!@!@ENDMSG 2221 @!@!@
@!@!@STARTMSG 2221:0 @!@!@
  |line 1038, col 62 to line 1038, col 81 of module three_party_two_cycles: 78950
@!@!@ENDMSG 2221 @!@!@
@!@!@STARTMSG 2221:0 @!@!@
  line 1039, col 44 to line 1039, col 98 of module three_party_two_cycles: 1238
@!@!@ENDMSG 2221 @!@!@
@!@!@STARTMSG 2221:0 @!@!@
  line 1040, col 47 to line 1040, col 50 of module three_party_two_cycles: 79664
@!@!@ENDMSG 2221 @!@!@
@!@!@STARTMSG 2221:0 @!@!@
  line 1041, col 47 to line 1041, col 66 of module three_party_two_cycles: 79664
@!@!@ENDMSG 2221 @!@!@
@!@!@STARTMSG 2221:0 @!@!@
  line 1042, col 14 to line 1042, col 74 of module three_party_two_cycles: 186776
@!@!@ENDMSG 2221 @!@!@
@!@!@STARTMSG 2221:0 @!@!@
  line 1043, col 14 to line 1043, col 56 of module three_party_two_cycles: 186776
@!@!@ENDMSG 2221 @!@!@
@!@!@STARTMSG 2221:0 @!@!@
  line 1044, col 14 to line 1046, col 55 of module three_party_two_cycles: 186776
@!@!@ENDMSG 2221 @!@!@
@!@!@STARTMSG 2772:0 @!@!@
<P_R_SA_A_ON_CA line 1048, col 1 to line 1048, col 14 of module three_party_two_cycles>: 8769:379470
@!@!@ENDMSG 2772 @!@!@
@!@!@STARTMSG 2221:0 @!@!@
  line 1048, col 22 to line 1048, col 47 of module three_party_two_cycles: 3458916
@!@!@ENDMSG 2221 @!@!@
@!@!@STARTMSG 2221:0 @!@!@
  |line 1048, col 22 to line 1048, col 28 of module three_party_two_cycles: 3079446
@!@!@ENDMSG 2221 @!@!@
@!@!@STARTMSG 2221:0 @!@!@
  line 1049, col 25 to line 1049, col 151 of module three_party_two_cycles: 379470
@!@!@ENDMSG 2221 @!@!@
@!@!@STARTMSG 2221:0 @!@!@
  |line 1049, col 25 to line 1049, col 99 of module three_party_two_cycles: 379470
@!@!@ENDMSG 2221 @!@!@
@!@!@STARTMSG 2221:0 @!@!@
  ||line 1049, col 25 to line 1049, col 43 of module three_party_two_cycles: 379470
@!@!@ENDMSG 2221 @!@!@
@!@!@STARTMSG 2221:0 @!@!@
  ||line 1049, col 46 to line 1049, col 99 of module three_party_two_cycles: 197000
@!@!@ENDMSG 2221 @!@!@
@!@!@STARTMSG 2221:0 @!@!@
  |line 1049, col 104 to line 1049, col 151 of module three_party_two_cycles: 6422
@!@!@ENDMSG 2221 @!@!@
@!@!@STARTMSG 2221:0 @!@!@
  line 1050, col 33 to line 1051, col 157 of module three_party_two_cycles: 6422
@!@!@ENDMSG 2221 @!@!@
@!@!@STARTMSG 2221:0 @!@!@
  line 1052, col 33 to line 1052, col 91 of module three_party_two_cycles: 6422
@!@!@ENDMSG 2221 @!@!@
@!@!@STARTMSG 2221:0 @!@!@
  line 1053, col 36 to line 1053, col 78 of module three_party_two_cycles: 6422
@!@!@ENDMSG 2221 @!@!@
@!@!@STARTMSG 2221:0 @!@!@
  line 1054, col 41 to line 1055, col 152 of module three_party_two_cycles: 6422
@!@!@ENDMSG 2221 @!@!@
@!@!@STARTMSG 2221:0 @!@!@
  line 1057, col 44 to line 1057, col 76 of module three_party_two_cycles: 0
@!@!@ENDMSG 2221 @!@!@
@!@!@STARTMSG 2221:0 @!@!@
  line 1058, col 36 to line 1058, col 78 of module three_party_two_cycles: 373048
@!@!@ENDMSG 2221 @!@!@
@!@!@STARTMSG 2221:0 @!@!@
  line 1059, col 41 to line 1059, col 128 of module three_party_two_cycles: 190578
@!@!@ENDMSG 2221 @!@!@
@!@!@STARTMSG 2221:0 @!@!@
  line 1060, col 44 to line 1060, col 47 of module three_party_two_cycles: 182470
@!@!@ENDMSG 2221 @!@!@
@!@!@STARTMSG 2221:0 @!@!@
  line 1061, col 44 to line 1061, col 76 of module three_party_two_cycles: 182470
@!@!@ENDMSG 2221 @!@!@
@!@!@STARTMSG 2221:0 @!@!@
  line 1062, col 33 to line 1063, col 58 of module three_party_two_cycles: 373048
@!@!@ENDMSG 2221 @!@!@
@!@!@STARTMSG 2221:0 @!@!@
  line 1064, col 25 to line 1064, col 126 of module three_party_two_cycles: 379470
@!@!@ENDMSG 2221 @!@!@
@!@!@STARTMSG 2221:0 @!@!@
  |line 1064, col 25 to line 1064, col 77 of module three_party_two_cycles: 379470
@!@!@ENDMSG 2221 @!@!@
@!@!@STARTMSG 2221:0 @!@!@
  |line 1064, col 80 to line 1064, col 126 of module three_party_two_cycles: 25568
@!@!@ENDMSG 2221 @!@!@
@!@!@STARTMSG 2221:0 @!@!@
  line 1065, col 30 to line 1065, col 84 of module three_party_two_cycles: 490
@!@!@ENDMSG 2221 @!@!@
@!@!@STARTMSG 2221:0 @!@!@
  line 1066, col 36 to line 1066, col 111 of module three_party_two_cycles: 378980
@!@!@ENDMSG 2221 @!@!@
@!@!@STARTMSG 2221:0 @!@!@
  |line 1066, col 36 to line 1066, col 80 of module three_party_two_cycles: 378980
@!@!@ENDMSG 2221 @!@!@
@!@!@STARTMSG 2221:0 @!@!@
  ||line 1066, col 38 to line 1066, col 79 of module three_party_two_cycles: 378980
@!@!@ENDMSG 2221 @!@!@
@!@!@STARTMSG 2221:0 @!@!@
  |||line 1066, col 38 to line 1066, col 57 of module three_party_two_cycles: 378980
@!@!@ENDMSG 2221 @!@!@
@!@!@STARTMSG 2221:0 @!@!@
  |||line 1066, col 60 to line 1066, col 79 of module three_party_two_cycles: 244746
@!@!@ENDMSG 2221 @!@!@
@!@!@STARTMSG 2221:0 @!@!@
  |line 1066, col 84 to line 1066, col 111 of module three_party_two_cycles: 249972
@!@!@ENDMSG 2221 @!@!@
@!@!@STARTMSG 2221:0 @!@!@
  line 1067, col 41 to line 1067, col 95 of module three_party_two_cycles: 2460
@!@!@ENDMSG 2221 @!@!@
@!@!@STARTMSG 2221:0 @!@!@
  line 1068, col 47 to line 1068, col 119 of module three_party_two_cycles: 376520
@!@!@ENDMSG 2221 @!@!@
@!@!@STARTMSG 2221:0 @!@!@
  |line 1068, col 47 to line 1068, col 88 of module three_party_two_cycles: 376520
@!@!@ENDMSG 2221 @!@!@
@!@!@STARTMSG 2221:0 @!@!@
  ||line 1068, col 47 to line 1068, col 66 of module three_party_two_cycles: 376520
@!@!@ENDMSG 2221 @!@!@
@!@!@STARTMSG 2221:0 @!@!@
  ||line 1068, col 69 to line 1068, col 88 of module three_party_two_cycles: 244746
@!@!@ENDMSG 2221 @!@!@
@!@!@STARTMSG 2221:0 @!@!@
  |line 1068, col 91 to line 1068, col 119 of module three_party_two_cycles: 129008
@!@!@ENDMSG 2221 @!@!@
@!@!@STARTMSG 2221:0 @!@!@
  line 1069, col 52 to line 1069, col 106 of module three_party_two_cycles: 125536
@!@!@ENDMSG 2221 @!@!@
@!@!@STARTMSG 2221:0 @!@!@
  line 1070, col 55 to line 1070, col 58 of module three_party_two_cycles: 250984
@!@!@ENDMSG 2221 @!@!@
@!@!@STARTMSG 2221:0 @!@!@
  line 1071, col 55 to line 1071, col 74 of module three_party_two_cycles: 250984
@!@!@ENDMSG 2221 @!@!@
@!@!@STARTMSG 2221:0 @!@!@
  line 1072, col 22 to line 1072, col 90 of module three_party_two_cycles: 379470
@!@!@ENDMSG 2221 @!@!@
@!@!@STARTMSG 2221:0 @!@!@
  line 1073, col 22 to line 1073, col 52 of module three_party_two_cycles: 379470
@!@!@ENDMSG 2221 @!@!@
@!@!@STARTMSG 2221:0 @!@!@
  line 1074, col 22 to line 1076, col 55 of module three_party_two_cycles: 379470
@!@!@ENDMSG 2221 @!@!@
@!@!@STARTMSG 2772:0 @!@!@
<CA line 1078, col 1 to line 1078, col 2 of module three_party_two_cycles>: 62420:603314
@!@!@ENDMSG 2772 @!@!@
@!@!@STARTMSG 2221:0 @!@!@
  line 1078, col 10 to line 1078, col 23 of module three_party_two_cycles: 3682760
@!@!@ENDMSG 2221 @!@!@
@!@!@STARTMSG 2221:0 @!@!@
  |line 1078, col 10 to line 1078, col 16 of module three_party_two_cycles: 3079446
@!@!@ENDMSG 2221 @!@!@
@!@!@STARTMSG 2221:0 @!@!@
  line 1079, col 13 to line 1079, col 134 of module three_party_two_cycles: 603314
@!@!@ENDMSG 2221 @!@!@
@!@!@STARTMSG 2221:0 @!@!@
  |line 1079, col 13 to line 1079, col 98 of module three_party_two_cycles: 603314
@!@!@ENDMSG 2221 @!@!@
@!@!@STARTMSG 2221:0 @!@!@
  ||line 1079, col 13 to line 1079, col 58 of module three_party_two_cycles: 603314
@!@!@ENDMSG 2221 @!@!@
@!@!@STARTMSG 2221:0 @!@!@
  ||line 1079, col 61 to line 1079, col 98 of module three_party_two_cycles: 235084
@!@!@ENDMSG 2221 @!@!@
@!@!@STARTMSG 2221:0 @!@!@
  |line 1079, col 103 to line 1079, col 134 of module three_party_two_cycles: 68464
@!@!@ENDMSG 2221 @!@!@
@!@!@STARTMSG 2221:0 @!@!@
  line 1080, col 21 to line 1081, col 117 of module three_party_two_cycles: 68464
@!@!@ENDMSG 2221 @!@!@
@!@!@STARTMSG 2221:0 @!@!@
  line 1082, col 21 to line 1082, col 106 of module three_party_two_cycles: 68464
@!@!@ENDMSG 2221 @!@!@
@!@!@STARTMSG 2221:0 @!@!@
  line 1083, col 21 to line 1083, col 67 of module three_party_two_cycles: 68464
@!@!@ENDMSG 2221 @!@!@
@!@!@STARTMSG 2221:0 @!@!@
  line 1084, col 21 to line 1084, col 36 of module three_party_two_cycles: 68464
@!@!@ENDMSG 2221 @!@!@
@!@!@STARTMSG 2221:0 @!@!@
  line 1085, col 24 to line 1085, col 69 of module three_party_two_cycles: 534850
@!@!@ENDMSG 2221 @!@!@
@!@!@STARTMSG 2221:0 @!@!@
  line 1086, col 29 to line 1088, col 143 of module three_party_two_cycles: 166620
@!@!@ENDMSG 2221 @!@!@
@!@!@STARTMSG 2221:0 @!@!@
  line 1089, col 32 to line 1089, col 35 of module three_party_two_cycles: 368230
@!@!@ENDMSG 2221 @!@!@
@!@!@STARTMSG 2221:0 @!@!@
  line 1090, col 32 to line 1090, col 78 of module three_party_two_cycles: 368230
@!@!@ENDMSG 2221 @!@!@
@!@!@STARTMSG 2221:0 @!@!@
  line 1091, col 21 to line 1091, col 62 of module three_party_two_cycles: 534850
@!@!@ENDMSG 2221 @!@!@
@!@!@STARTMSG 2221:0 @!@!@
  line 1092, col 10 to line 1092, col 66 of module three_party_two_cycles: 603314
@!@!@ENDMSG 2221 @!@!@
@!@!@STARTMSG 2221:0 @!@!@
  line 1093, col 13 to line 1093, col 74 of module three_party_two_cycles: 603314
@!@!@ENDMSG 2221 @!@!@
@!@!@STARTMSG 2221:0 @!@!@
  |line 1093, col 13 to line 1093, col 34 of module three_party_two_cycles: 603314
@!@!@ENDMSG 2221 @!@!@
@!@!@STARTMSG 2221:0 @!@!@
  |line 1093, col 37 to line 1093, col 74 of module three_party_two_cycles: 235852
@!@!@ENDMSG 2221 @!@!@
@!@!@STARTMSG 2221:0 @!@!@
  line 1094, col 18 to line 1094, col 72 of module three_party_two_cycles: 58620
@!@!@ENDMSG 2221 @!@!@
@!@!@STARTMSG 2221:0 @!@!@
  line 1095, col 24 to line 1095, col 58 of module three_party_two_cycles: 544694
@!@!@ENDMSG 2221 @!@!@
@!@!@STARTMSG 2221:0 @!@!@
  |line 1095, col 24 to line 1095, col 40 of module three_party_two_cycles: 544694
@!@!@ENDMSG 2221 @!@!@
@!@!@STARTMSG 2221:0 @!@!@
  |line 1095, col 43 to line 1095, col 58 of module three_party_two_cycles: 443012
@!@!@ENDMSG 2221 @!@!@
@!@!@STARTMSG 2221:0 @!@!@
  line 1096, col 29 to line 1096, col 83 of module three_party_two_cycles: 27748
@!@!@ENDMSG 2221 @!@!@
@!@!@STARTMSG 2221:0 @!@!@
  line 1097, col 35 to line 1097, col 120 of module three_party_two_cycles: 516946
@!@!@ENDMSG 2221 @!@!@
@!@!@STARTMSG 2221:0 @!@!@
  |line 1097, col 35 to line 1097, col 100 of module three_party_two_cycles: 516946
@!@!@ENDMSG 2221 @!@!@
@!@!@STARTMSG 2221:0 @!@!@
  ||line 1097, col 35 to line 1097, col 50 of module three_party_two_cycles: 516946
@!@!@ENDMSG 2221 @!@!@
@!@!@STARTMSG 2221:0 @!@!@
  ||line 1097, col 53 to line 1097, col 100 of module three_party_two_cycles: 101682
@!@!@ENDMSG 2221 @!@!@
@!@!@STARTMSG 2221:0 @!@!@
  |line 1097, col 104 to line 1097, col 120 of module three_party_two_cycles: 51402
@!@!@ENDMSG 2221 @!@!@
@!@!@STARTMSG 2221:0 @!@!@
  line 1098, col 40 to line 1098, col 94 of module three_party_two_cycles: 34964
@!@!@ENDMSG 2221 @!@!@
@!@!@STARTMSG 2221:0 @!@!@
  line 1099, col 43 to line 1099, col 46 of module three_party_two_cycles: 481982
@!@!@ENDMSG 2221 @!@!@
@!@!@STARTMSG 2221:0 @!@!@
  line 1100, col 43 to line 1100, col 62 of module three_party_two_cycles: 481982
@!@!@ENDMSG 2221 @!@!@
@!@!@STARTMSG 2221:0 @!@!@
  line 1101, col 10 to line 1101, col 48 of module three_party_two_cycles: 603314
@!@!@ENDMSG 2221 @!@!@
@!@!@STARTMSG 2221:0 @!@!@
  line 1102, col 10 to line 1103, col 72 of module three_party_two_cycles: 603314
@!@!@ENDMSG 2221 @!@!@
@!@!@STARTMSG 2772:0 @!@!@
<SA_A_ON_CA line 1105, col 1 to line 1105, col 10 of module three_party_two_cycles>: 58578:724690
@!@!@ENDMSG 2772 @!@!@
@!@!@STARTMSG 2221:0 @!@!@
  line 1105, col 18 to line 1105, col 39 of module three_party_two_cycles: 3804136
@!@!@ENDMSG 2221 @!@!@
@!@!@STARTMSG 2221:0 @!@!@
  |line 1105, col 18 to line 1105, col 24 of module three_party_two_cycles: 3079446
@!@!@ENDMSG 2221 @!@!@
@!@!@STARTMSG 2221:0 @!@!@
  line 1106, col 21 to line 1106, col 107 of module three_party_two_cycles: 724690
@!@!@ENDMSG 2221 @!@!@
@!@!@STARTMSG 2221:0 @!@!@
  |line 1106, col 21 to line 1106, col 64 of module three_party_two_cycles: 724690
@!@!@ENDMSG 2221 @!@!@
@!@!@STARTMSG 2221:0 @!@!@
  |line 1106, col 69 to line 1106, col 107 of module three_party_two_cycles: 233978
@!@!@ENDMSG 2221 @!@!@
@!@!@STARTMSG 2221:0 @!@!@
  line 1107, col 29 to line 1107, col 105 of module three_party_two_cycles: 233978
@!@!@ENDMSG 2221 @!@!@
@!@!@STARTMSG 2221:0 @!@!@
  line 1108, col 29 to line 1108, col 83 of module three_party_two_cycles: 233978
@!@!@ENDMSG 2221 @!@!@
@!@!@STARTMSG 2221:0 @!@!@
  line 1109, col 32 to line 1109, col 67 of module three_party_two_cycles: 233978
@!@!@ENDMSG 2221 @!@!@
@!@!@STARTMSG 2221:0 @!@!@
  line 1110, col 37 to line 1112, col 142 of module three_party_two_cycles: 78582
@!@!@ENDMSG 2221 @!@!@
@!@!@STARTMSG 2221:0 @!@!@
  line 1113, col 40 to line 1113, col 43 of module three_party_two_cycles: 155396
@!@!@ENDMSG 2221 @!@!@
@!@!@STARTMSG 2221:0 @!@!@
  line 1114, col 40 to line 1114, col 77 of module three_party_two_cycles: 155396
@!@!@ENDMSG 2221 @!@!@
@!@!@STARTMSG 2221:0 @!@!@
  line 1115, col 32 to line 1115, col 83 of module three_party_two_cycles: 233978
@!@!@ENDMSG 2221 @!@!@
@!@!@STARTMSG 2221:0 @!@!@
  line 1116, col 37 to line 1116, col 134 of module three_party_two_cycles: 98238
@!@!@ENDMSG 2221 @!@!@
@!@!@STARTMSG 2221:0 @!@!@
  line 1117, col 40 to line 1117, col 43 of module three_party_two_cycles: 135740
@!@!@ENDMSG 2221 @!@!@
@!@!@STARTMSG 2221:0 @!@!@
  line 1118, col 40 to line 1118, col 75 of module three_party_two_cycles: 135740
@!@!@ENDMSG 2221 @!@!@
@!@!@STARTMSG 2221:0 @!@!@
  line 1119, col 32 to line 1119, col 67 of module three_party_two_cycles: 490712
@!@!@ENDMSG 2221 @!@!@
@!@!@STARTMSG 2221:0 @!@!@
  line 1120, col 37 to line 1120, col 106 of module three_party_two_cycles: 122534
@!@!@ENDMSG 2221 @!@!@
@!@!@STARTMSG 2221:0 @!@!@
  line 1121, col 40 to line 1121, col 43 of module three_party_two_cycles: 368178
@!@!@ENDMSG 2221 @!@!@
@!@!@STARTMSG 2221:0 @!@!@
  line 1122, col 40 to line 1122, col 63 of module three_party_two_cycles: 368178
@!@!@ENDMSG 2221 @!@!@
@!@!@STARTMSG 2221:0 @!@!@
  line 1123, col 32 to line 1123, col 83 of module three_party_two_cycles: 490712
@!@!@ENDMSG 2221 @!@!@
@!@!@STARTMSG 2221:0 @!@!@
  line 1124, col 37 to line 1126, col 158 of module three_party_two_cycles: 253536
@!@!@ENDMSG 2221 @!@!@
@!@!@STARTMSG 2221:0 @!@!@
  line 1127, col 40 to line 1127, col 43 of module three_party_two_cycles: 237176
@!@!@ENDMSG 2221 @!@!@
@!@!@STARTMSG 2221:0 @!@!@
  line 1128, col 40 to line 1129, col 61 of module three_party_two_cycles: 237176
@!@!@ENDMSG 2221 @!@!@
@!@!@STARTMSG 2221:0 @!@!@
  line 1130, col 29 to line 1130, col 73 of module three_party_two_cycles: 490712
@!@!@ENDMSG 2221 @!@!@
@!@!@STARTMSG 2221:0 @!@!@
  line 1131, col 21 to line 1131, col 105 of module three_party_two_cycles: 724690
@!@!@ENDMSG 2221 @!@!@
@!@!@STARTMSG 2221:0 @!@!@
  |line 1131, col 21 to line 1131, col 65 of module three_party_two_cycles: 724690
@!@!@ENDMSG 2221 @!@!@
@!@!@STARTMSG 2221:0 @!@!@
  |line 1131, col 68 to line 1131, col 105 of module three_party_two_cycles: 277348
@!@!@ENDMSG 2221 @!@!@
@!@!@STARTMSG 2221:0 @!@!@
  line 1132, col 26 to line 1132, col 80 of module three_party_two_cycles: 78120
@!@!@ENDMSG 2221 @!@!@
@!@!@STARTMSG 2221:0 @!@!@
  line 1133, col 32 to line 1133, col 124 of module three_party_two_cycles: 646570
@!@!@ENDMSG 2221 @!@!@
@!@!@STARTMSG 2221:0 @!@!@
  |line 1133, col 32 to line 1133, col 97 of module three_party_two_cycles: 646570
@!@!@ENDMSG 2221 @!@!@
@!@!@STARTMSG 2221:0 @!@!@
  ||line 1133, col 32 to line 1133, col 59 of module three_party_two_cycles: 646570
@!@!@ENDMSG 2221 @!@!@
@!@!@STARTMSG 2221:0 @!@!@
  ||line 1133, col 63 to line 1133, col 96 of module three_party_two_cycles: 321998
@!@!@ENDMSG 2221 @!@!@
@!@!@STARTMSG 2221:0 @!@!@
  |||line 1133, col 63 to line 1133, col 78 of module three_party_two_cycles: 321998
@!@!@ENDMSG 2221 @!@!@
@!@!@STARTMSG 2221:0 @!@!@
  |||line 1133, col 81 to line 1133, col 96 of module three_party_two_cycles: 171340
@!@!@ENDMSG 2221 @!@!@
@!@!@STARTMSG 2221:0 @!@!@
  |line 1133, col 100 to line 1133, col 124 of module three_party_two_cycles: 35548
@!@!@ENDMSG 2221 @!@!@
@!@!@STARTMSG 2221:0 @!@!@
  line 1134, col 37 to line 1134, col 91 of module three_party_two_cycles: 21268
@!@!@ENDMSG 2221 @!@!@
@!@!@STARTMSG 2221:0 @!@!@
  line 1135, col 43 to line 1135, col 63 of module three_party_two_cycles: 625302
@!@!@ENDMSG 2221 @!@!@
@!@!@STARTMSG 2221:0 @!@!@
  line 1136, col 48 to line 1136, col 102 of module three_party_two_cycles: 171286
@!@!@ENDMSG 2221 @!@!@
@!@!@STARTMSG 2221:0 @!@!@
  line 1137, col 54 to line 1137, col 130 of module three_party_two_cycles: 454016
@!@!@ENDMSG 2221 @!@!@
@!@!@STARTMSG 2221:0 @!@!@
  |line 1137, col 54 to line 1137, col 102 of module three_party_two_cycles: 454016
@!@!@ENDMSG 2221 @!@!@
@!@!@STARTMSG 2221:0 @!@!@
  ||line 1137, col 54 to line 1137, col 81 of module three_party_two_cycles: 454016
@!@!@ENDMSG 2221 @!@!@
@!@!@STARTMSG 2221:0 @!@!@
  ||line 1137, col 86 to line 1137, col 102 of module three_party_two_cycles: 219934
@!@!@ENDMSG 2221 @!@!@
@!@!@STARTMSG 2221:0 @!@!@
  |line 1137, col 106 to line 1137, col 130 of module three_party_two_cycles: 133318
@!@!@ENDMSG 2221 @!@!@
@!@!@STARTMSG 2221:0 @!@!@
  line 1138, col 59 to line 1138, col 113 of module three_party_two_cycles: 108888
@!@!@ENDMSG 2221 @!@!@
@!@!@STARTMSG 2221:0 @!@!@
  line 1139, col 65 to line 1139, col 120 of module three_party_two_cycles: 345128
@!@!@ENDMSG 2221 @!@!@
@!@!@STARTMSG 2221:0 @!@!@
  |line 1139, col 65 to line 1139, col 93 of module three_party_two_cycles: 345128
@!@!@ENDMSG 2221 @!@!@
@!@!@STARTMSG 2221:0 @!@!@
  |line 1139, col 97 to line 1139, col 120 of module three_party_two_cycles: 234082
@!@!@ENDMSG 2221 @!@!@
@!@!@STARTMSG 2221:0 @!@!@
  line 1140, col 70 to line 1140, col 124 of module three_party_two_cycles: 54314
@!@!@ENDMSG 2221 @!@!@
@!@!@STARTMSG 2221:0 @!@!@
  line 1141, col 76 to line 1141, col 157 of module three_party_two_cycles: 290814
@!@!@ENDMSG 2221 @!@!@
@!@!@STARTMSG 2221:0 @!@!@
  |line 1141, col 76 to line 1141, col 131 of module three_party_two_cycles: 290814
@!@!@ENDMSG 2221 @!@!@
@!@!@STARTMSG 2221:0 @!@!@
  ||line 1141, col 76 to line 1141, col 112 of module three_party_two_cycles: 290814
@!@!@ENDMSG 2221 @!@!@
@!@!@STARTMSG 2221:0 @!@!@
  |||line 1141, col 78 to line 1141, col 111 of module three_party_two_cycles: 290814
@!@!@ENDMSG 2221 @!@!@
@!@!@STARTMSG 2221:0 @!@!@
  ||||line 1141, col 78 to line 1141, col 93 of module three_party_two_cycles: 290814
@!@!@ENDMSG 2221 @!@!@
@!@!@STARTMSG 2221:0 @!@!@
  ||||line 1141, col 96 to line 1141, col 111 of module three_party_two_cycles: 60122
@!@!@ENDMSG 2221 @!@!@
@!@!@STARTMSG 2221:0 @!@!@
  ||line 1141, col 116 to line 1141, col 131 of module three_party_two_cycles: 281974
@!@!@ENDMSG 2221 @!@!@
@!@!@STARTMSG 2221:0 @!@!@
  |line 1141, col 134 to line 1141, col 157 of module three_party_two_cycles: 145272
@!@!@ENDMSG 2221 @!@!@
@!@!@STARTMSG 2221:0 @!@!@
  line 1142, col 81 to line 1142, col 135 of module three_party_two_cycles: 13580
@!@!@ENDMSG 2221 @!@!@
@!@!@STARTMSG 2221:0 @!@!@
  line 1143, col 84 to line 1143, col 87 of module three_party_two_cycles: 277234
@!@!@ENDMSG 2221 @!@!@
@!@!@STARTMSG 2221:0 @!@!@
  line 1144, col 84 to line 1144, col 103 of module three_party_two_cycles: 277234
@!@!@ENDMSG 2221 @!@!@
@!@!@STARTMSG 2221:0 @!@!@
  line 1145, col 18 to line 1145, col 82 of module three_party_two_cycles: 724690
@!@!@ENDMSG 2221 @!@!@
@!@!@STARTMSG 2221:0 @!@!@
  line 1146, col 18 to line 1146, col 56 of module three_party_two_cycles: 724690
@!@!@ENDMSG 2221 @!@!@
@!@!@STARTMSG 2221:0 @!@!@
  line 1147, col 18 to line 1147, col 50 of module three_party_two_cycles: 724690
@!@!@ENDMSG 2221 @!@!@
@!@!@STARTMSG 2221:0 @!@!@
  line 1148, col 18 to line 1149, col 51 of module three_party_two_cycles: 724690
@!@!@ENDMSG 2221 @!@!@
@!@!@STARTMSG 2772:0 @!@!@
<P_E_BA line 1153, col 1 to line 1153, col 6 of module three_party_two_cycles>: 5502:199992
@!@!@ENDMSG 2772 @!@!@
@!@!@STARTMSG 2221:0 @!@!@
  line 1153, col 14 to line 1153, col 31 of module three_party_two_cycles: 3279438
@!@!@ENDMSG 2221 @!@!@
@!@!@STARTMSG 2221:0 @!@!@
  |line 1153, col 14 to line 1153, col 20 of module three_party_two_cycles: 3079446
@!@!@ENDMSG 2221 @!@!@
@!@!@STARTMSG 2221:0 @!@!@
  line 1154, col 17 to line 1154, col 108 of module three_party_two_cycles: 199992
@!@!@ENDMSG 2221 @!@!@
@!@!@STARTMSG 2221:0 @!@!@
  |line 1154, col 17 to line 1154, col 63 of module three_party_two_cycles: 199992
@!@!@ENDMSG 2221 @!@!@
@!@!@STARTMSG 2221:0 @!@!@
  |line 1154, col 68 to line 1154, col 108 of module three_party_two_cycles: 1352
@!@!@ENDMSG 2221 @!@!@
@!@!@STARTMSG 2221:0 @!@!@
  line 1155, col 22 to line 1157, col 75 of module three_party_two_cycles: 1352
@!@!@ENDMSG 2221 @!@!@
@!@!@STARTMSG 2221:0 @!@!@
  line 1158, col 25 to line 1158, col 28 of module three_party_two_cycles: 198640
@!@!@ENDMSG 2221 @!@!@
@!@!@STARTMSG 2221:0 @!@!@
  line 1159, col 25 to line 1159, col 75 of module three_party_two_cycles: 198640
@!@!@ENDMSG 2221 @!@!@
@!@!@STARTMSG 2221:0 @!@!@
  line 1160, col 17 to line 1160, col 90 of module three_party_two_cycles: 199992
@!@!@ENDMSG 2221 @!@!@
@!@!@STARTMSG 2221:0 @!@!@
  |line 1160, col 17 to line 1160, col 41 of module three_party_two_cycles: 199992
@!@!@ENDMSG 2221 @!@!@
@!@!@STARTMSG 2221:0 @!@!@
  |line 1160, col 44 to line 1160, col 90 of module three_party_two_cycles: 5558
@!@!@ENDMSG 2221 @!@!@
@!@!@STARTMSG 2221:0 @!@!@
  line 1161, col 22 to line 1161, col 74 of module three_party_two_cycles: 68
@!@!@ENDMSG 2221 @!@!@
@!@!@STARTMSG 2221:0 @!@!@
  line 1162, col 28 to line 1162, col 70 of module three_party_two_cycles: 199924
@!@!@ENDMSG 2221 @!@!@
@!@!@STARTMSG 2221:0 @!@!@
  |line 1162, col 28 to line 1162, col 47 of module three_party_two_cycles: 199924
@!@!@ENDMSG 2221 @!@!@
@!@!@STARTMSG 2221:0 @!@!@
  |line 1162, col 50 to line 1162, col 70 of module three_party_two_cycles: 151380
@!@!@ENDMSG 2221 @!@!@
@!@!@STARTMSG 2221:0 @!@!@
  line 1163, col 33 to line 1163, col 85 of module three_party_two_cycles: 150560
@!@!@ENDMSG 2221 @!@!@
@!@!@STARTMSG 2221:0 @!@!@
  line 1164, col 39 to line 1164, col 81 of module three_party_two_cycles: 49364
@!@!@ENDMSG 2221 @!@!@
@!@!@STARTMSG 2221:0 @!@!@
  |line 1164, col 39 to line 1164, col 59 of module three_party_two_cycles: 49364
@!@!@ENDMSG 2221 @!@!@
@!@!@STARTMSG 2221:0 @!@!@
  |line 1164, col 62 to line 1164, col 81 of module three_party_two_cycles: 48544
@!@!@ENDMSG 2221 @!@!@
@!@!@STARTMSG 2221:0 @!@!@
  line 1165, col 44 to line 1165, col 96 of module three_party_two_cycles: 464
@!@!@ENDMSG 2221 @!@!@
@!@!@STARTMSG 2221:0 @!@!@
  line 1166, col 47 to line 1166, col 50 of module three_party_two_cycles: 48900
@!@!@ENDMSG 2221 @!@!@
@!@!@STARTMSG 2221:0 @!@!@
  line 1167, col 47 to line 1167, col 66 of module three_party_two_cycles: 48900
@!@!@ENDMSG 2221 @!@!@
@!@!@STARTMSG 2221:0 @!@!@
  line 1168, col 14 to line 1168, col 74 of module three_party_two_cycles: 199992
@!@!@ENDMSG 2221 @!@!@
@!@!@STARTMSG 2221:0 @!@!@
  line 1169, col 14 to line 1169, col 56 of module three_party_two_cycles: 199992
@!@!@ENDMSG 2221 @!@!@
@!@!@STARTMSG 2221:0 @!@!@
  line 1170, col 14 to line 1172, col 55 of module three_party_two_cycles: 199992
@!@!@ENDMSG 2221 @!@!@
@!@!@STARTMSG 2772:0 @!@!@
<P_R_SA_A_ON_BA line 1174, col 1 to line 1174, col 14 of module three_party_two_cycles>: 14434:380396
@!@!@ENDMSG 2772 @!@!@
@!@!@STARTMSG 2221:0 @!@!@
  line 1174, col 22 to line 1174, col 47 of module three_party_two_cycles: 3459842
@!@!@ENDMSG 2221 @!@!@
@!@!@STARTMSG 2221:0 @!@!@
  |line 1174, col 22 to line 1174, col 28 of module three_party_two_cycles: 3079446
@!@!@ENDMSG 2221 @!@!@
@!@!@STARTMSG 2221:0 @!@!@
  line 1175, col 25 to line 1175, col 151 of module three_party_two_cycles: 380396
@!@!@ENDMSG 2221 @!@!@
@!@!@STARTMSG 2221:0 @!@!@
  |line 1175, col 25 to line 1175, col 99 of module three_party_two_cycles: 380396
@!@!@ENDMSG 2221 @!@!@
@!@!@STARTMSG 2221:0 @!@!@
  ||line 1175, col 25 to line 1175, col 43 of module three_party_two_cycles: 380396
@!@!@ENDMSG 2221 @!@!@
@!@!@STARTMSG 2221:0 @!@!@
  ||line 1175, col 46 to line 1175, col 99 of module three_party_two_cycles: 198800
@!@!@ENDMSG 2221 @!@!@
@!@!@STARTMSG 2221:0 @!@!@
  |line 1175, col 104 to line 1175, col 151 of module three_party_two_cycles: 5562
@!@!@ENDMSG 2221 @!@!@
@!@!@STARTMSG 2221:0 @!@!@
  line 1176, col 33 to line 1177, col 157 of module three_party_two_cycles: 5562
@!@!@ENDMSG 2221 @!@!@
@!@!@STARTMSG 2221:0 @!@!@
  line 1178, col 33 to line 1178, col 91 of module three_party_two_cycles: 5562
@!@!@ENDMSG 2221 @!@!@
@!@!@STARTMSG 2221:0 @!@!@
  line 1179, col 36 to line 1179, col 78 of module three_party_two_cycles: 5562
@!@!@ENDMSG 2221 @!@!@
@!@!@STARTMSG 2221:0 @!@!@
  line 1180, col 41 to line 1181, col 152 of module three_party_two_cycles: 5562
@!@!@ENDMSG 2221 @!@!@
@!@!@STARTMSG 2221:0 @!@!@
  line 1183, col 44 to line 1183, col 76 of module three_party_two_cycles: 0
@!@!@ENDMSG 2221 @!@!@
@!@!@STARTMSG 2221:0 @!@!@
  line 1184, col 36 to line 1184, col 78 of module three_party_two_cycles: 374834
@!@!@ENDMSG 2221 @!@!@
@!@!@STARTMSG 2221:0 @!@!@
  line 1185, col 41 to line 1185, col 128 of module three_party_two_cycles: 193238
@!@!@ENDMSG 2221 @!@!@
@!@!@STARTMSG 2221:0 @!@!@
  line 1186, col 44 to line 1186, col 47 of module three_party_two_cycles: 181596
@!@!@ENDMSG 2221 @!@!@
@!@!@STARTMSG 2221:0 @!@!@
  line 1187, col 44 to line 1187, col 76 of module three_party_two_cycles: 181596
@!@!@ENDMSG 2221 @!@!@
@!@!@STARTMSG 2221:0 @!@!@
  line 1188, col 33 to line 1189, col 58 of module three_party_two_cycles: 374834
@!@!@ENDMSG 2221 @!@!@
@!@!@STARTMSG 2221:0 @!@!@
  line 1190, col 25 to line 1190, col 126 of module three_party_two_cycles: 380396
@!@!@ENDMSG 2221 @!@!@
@!@!@STARTMSG 2221:0 @!@!@
  |line 1190, col 25 to line 1190, col 77 of module three_party_two_cycles: 380396
@!@!@ENDMSG 2221 @!@!@
@!@!@STARTMSG 2221:0 @!@!@
  ||line 1190, col 27 to line 1190, col 76 of module three_party_two_cycles: 380396
@!@!@ENDMSG 2221 @!@!@
@!@!@STARTMSG 2221:0 @!@!@
  |||line 1190, col 27 to line 1190, col 50 of module three_party_two_cycles: 380396
@!@!@ENDMSG 2221 @!@!@
@!@!@STARTMSG 2221:0 @!@!@
  |||line 1190, col 53 to line 1190, col 76 of module three_party_two_cycles: 356480
@!@!@ENDMSG 2221 @!@!@
@!@!@STARTMSG 2221:0 @!@!@
  |line 1190, col 80 to line 1190, col 126 of module three_party_two_cycles: 23916
@!@!@ENDMSG 2221 @!@!@
@!@!@STARTMSG 2221:0 @!@!@
  line 1191, col 30 to line 1191, col 84 of module three_party_two_cycles: 686
@!@!@ENDMSG 2221 @!@!@
@!@!@STARTMSG 2221:0 @!@!@
  line 1192, col 36 to line 1192, col 111 of module three_party_two_cycles: 379710
@!@!@ENDMSG 2221 @!@!@
@!@!@STARTMSG 2221:0 @!@!@
  |line 1192, col 36 to line 1192, col 80 of module three_party_two_cycles: 379710
@!@!@ENDMSG 2221 @!@!@
@!@!@STARTMSG 2221:0 @!@!@
  ||line 1192, col 38 to line 1192, col 79 of module three_party_two_cycles: 379710
@!@!@ENDMSG 2221 @!@!@
@!@!@STARTMSG 2221:0 @!@!@
  |||line 1192, col 38 to line 1192, col 57 of module three_party_two_cycles: 379710
@!@!@ENDMSG 2221 @!@!@
@!@!@STARTMSG 2221:0 @!@!@
  |||line 1192, col 60 to line 1192, col 79 of module three_party_two_cycles: 198348
@!@!@ENDMSG 2221 @!@!@
@!@!@STARTMSG 2221:0 @!@!@
  |line 1192, col 84 to line 1192, col 111 of module three_party_two_cycles: 247268
@!@!@ENDMSG 2221 @!@!@
@!@!@STARTMSG 2221:0 @!@!@
  line 1193, col 41 to line 1193, col 95 of module three_party_two_cycles: 1318
@!@!@ENDMSG 2221 @!@!@
@!@!@STARTMSG 2221:0 @!@!@
  line 1194, col 47 to line 1194, col 119 of module three_party_two_cycles: 378392
@!@!@ENDMSG 2221 @!@!@
@!@!@STARTMSG 2221:0 @!@!@
  |line 1194, col 47 to line 1194, col 88 of module three_party_two_cycles: 378392
@!@!@ENDMSG 2221 @!@!@
@!@!@STARTMSG 2221:0 @!@!@
  ||line 1194, col 47 to line 1194, col 66 of module three_party_two_cycles: 378392
@!@!@ENDMSG 2221 @!@!@
@!@!@STARTMSG 2221:0 @!@!@
  ||line 1194, col 69 to line 1194, col 88 of module three_party_two_cycles: 197030
@!@!@ENDMSG 2221 @!@!@
@!@!@STARTMSG 2221:0 @!@!@
  |line 1194, col 91 to line 1194, col 119 of module three_party_two_cycles: 132442
@!@!@ENDMSG 2221 @!@!@
@!@!@STARTMSG 2221:0 @!@!@
  line 1195, col 52 to line 1195, col 106 of module three_party_two_cycles: 128650
@!@!@ENDMSG 2221 @!@!@
@!@!@STARTMSG 2221:0 @!@!@
  line 1196, col 55 to line 1196, col 58 of module three_party_two_cycles: 249742
@!@!@ENDMSG 2221 @!@!@
@!@!@STARTMSG 2221:0 @!@!@
  line 1197, col 55 to line 1197, col 74 of module three_party_two_cycles: 249742
@!@!@ENDMSG 2221 @!@!@
@!@!@STARTMSG 2221:0 @!@!@
  line 1198, col 22 to line 1198, col 90 of module three_party_two_cycles: 380396
@!@!@ENDMSG 2221 @!@!@
@!@!@STARTMSG 2221:0 @!@!@
  line 1199, col 22 to line 1199, col 52 of module three_party_two_cycles: 380396
@!@!@ENDMSG 2221 @!@!@
@!@!@STARTMSG 2221:0 @!@!@
  line 1200, col 22 to line 1202, col 55 of module three_party_two_cycles: 380396
@!@!@ENDMSG 2221 @!@!@
@!@!@STARTMSG 2772:0 @!@!@
<BA line 1204, col 1 to line 1204, col 2 of module three_party_two_cycles>: 85740:585366
@!@!@ENDMSG 2772 @!@!@
@!@!@STARTMSG 2221:0 @!@!@
  line 1204, col 10 to line 1204, col 23 of module three_party_two_cycles: 3664812
@!@!@ENDMSG 2221 @!@!@
@!@!@STARTMSG 2221:0 @!@!@
  |line 1204, col 10 to line 1204, col 16 of module three_party_two_cycles: 3079446
@!@!@ENDMSG 2221 @!@!@
@!@!@STARTMSG 2221:0 @!@!@
  line 1205, col 13 to line 1205, col 134 of module three_party_two_cycles: 585366
@!@!@ENDMSG 2221 @!@!@
@!@!@STARTMSG 2221:0 @!@!@
  |line 1205, col 13 to line 1205, col 98 of module three_party_two_cycles: 585366
@!@!@ENDMSG 2221 @!@!@
@!@!@STARTMSG 2221:0 @!@!@
  ||line 1205, col 13 to line 1205, col 58 of module three_party_two_cycles: 585366
@!@!@ENDMSG 2221 @!@!@
@!@!@STARTMSG 2221:0 @!@!@
  ||line 1205, col 61 to line 1205, col 98 of module three_party_two_cycles: 211524
@!@!@ENDMSG 2221 @!@!@
@!@!@STARTMSG 2221:0 @!@!@
  |line 1205, col 103 to line 1205, col 134 of module three_party_two_cycles: 42228
@!@!@ENDMSG 2221 @!@!@
@!@!@STARTMSG 2221:0 @!@!@
  line 1206, col 21 to line 1207, col 117 of module three_party_two_cycles: 42228
@!@!@ENDMSG 2221 @!@!@
@!@!@STARTMSG 2221:0 @!@!@
  line 1208, col 21 to line 1208, col 106 of module three_party_two_cycles: 42228
@!@!@ENDMSG 2221 @!@!@
@!@!@STARTMSG 2221:0 @!@!@
  line 1209, col 21 to line 1209, col 67 of module three_party_two_cycles: 42228
@!@!@ENDMSG 2221 @!@!@
@!@!@STARTMSG 2221:0 @!@!@
  line 1210, col 21 to line 1210, col 36 of module three_party_two_cycles: 42228
@!@!@ENDMSG 2221 @!@!@
@!@!@STARTMSG 2221:0 @!@!@
  line 1211, col 24 to line 1211, col 69 of module three_party_two_cycles: 543138
@!@!@ENDMSG 2221 @!@!@
@!@!@STARTMSG 2221:0 @!@!@
  line 1212, col 29 to line 1214, col 139 of module three_party_two_cycles: 169296
@!@!@ENDMSG 2221 @!@!@
@!@!@STARTMSG 2221:0 @!@!@
  line 1215, col 32 to line 1215, col 35 of module three_party_two_cycles: 373842
@!@!@ENDMSG 2221 @!@!@
@!@!@STARTMSG 2221:0 @!@!@
  line 1216, col 32 to line 1216, col 78 of module three_party_two_cycles: 373842
@!@!@ENDMSG 2221 @!@!@
@!@!@STARTMSG 2221:0 @!@!@
  line 1217, col 21 to line 1217, col 62 of module three_party_two_cycles: 543138
@!@!@ENDMSG 2221 @!@!@
@!@!@STARTMSG 2221:0 @!@!@
  line 1218, col 13 to line 1218, col 73 of module three_party_two_cycles: 585366
@!@!@ENDMSG 2221 @!@!@
@!@!@STARTMSG 2221:0 @!@!@
  |line 1218, col 13 to line 1218, col 33 of module three_party_two_cycles: 585366
@!@!@ENDMSG 2221 @!@!@
@!@!@STARTMSG 2221:0 @!@!@
  |line 1218, col 36 to line 1218, col 73 of module three_party_two_cycles: 174918
@!@!@ENDMSG 2221 @!@!@
@!@!@STARTMSG 2221:0 @!@!@
  line 1219, col 18 to line 1219, col 70 of module three_party_two_cycles: 36342
@!@!@ENDMSG 2221 @!@!@
@!@!@STARTMSG 2221:0 @!@!@
  line 1220, col 24 to line 1220, col 109 of module three_party_two_cycles: 549024
@!@!@ENDMSG 2221 @!@!@
@!@!@STARTMSG 2221:0 @!@!@
  |line 1220, col 24 to line 1220, col 89 of module three_party_two_cycles: 549024
@!@!@ENDMSG 2221 @!@!@
@!@!@STARTMSG 2221:0 @!@!@
  ||line 1220, col 24 to line 1220, col 39 of module three_party_two_cycles: 549024
@!@!@ENDMSG 2221 @!@!@
@!@!@STARTMSG 2221:0 @!@!@
  ||line 1220, col 42 to line 1220, col 89 of module three_party_two_cycles: 159050
@!@!@ENDMSG 2221 @!@!@
@!@!@STARTMSG 2221:0 @!@!@
  |line 1220, col 93 to line 1220, col 109 of module three_party_two_cycles: 62290
@!@!@ENDMSG 2221 @!@!@
@!@!@STARTMSG 2221:0 @!@!@
  line 1221, col 29 to line 1221, col 81 of module three_party_two_cycles: 49938
@!@!@ENDMSG 2221 @!@!@
@!@!@STARTMSG 2221:0 @!@!@
  line 1222, col 35 to line 1222, col 69 of module three_party_two_cycles: 499086
@!@!@ENDMSG 2221 @!@!@
@!@!@STARTMSG 2221:0 @!@!@
  |line 1222, col 35 to line 1222, col 51 of module three_party_two_cycles: 499086
@!@!@ENDMSG 2221 @!@!@
@!@!@STARTMSG 2221:0 @!@!@
  |line 1222, col 54 to line 1222, col 69 of module three_party_two_cycles: 389974
@!@!@ENDMSG 2221 @!@!@
@!@!@STARTMSG 2221:0 @!@!@
  line 1223, col 40 to line 1223, col 92 of module three_party_two_cycles: 15254
@!@!@ENDMSG 2221 @!@!@
@!@!@STARTMSG 2221:0 @!@!@
  line 1224, col 43 to line 1224, col 46 of module three_party_two_cycles: 483832
@!@!@ENDMSG 2221 @!@!@
@!@!@STARTMSG 2221:0 @!@!@
  line 1225, col 43 to line 1225, col 62 of module three_party_two_cycles: 483832
@!@!@ENDMSG 2221 @!@!@
@!@!@STARTMSG 2221:0 @!@!@
  line 1226, col 10 to line 1226, col 66 of module three_party_two_cycles: 585366
@!@!@ENDMSG 2221 @!@!@
@!@!@STARTMSG 2221:0 @!@!@
  line 1227, col 10 to line 1227, col 48 of module three_party_two_cycles: 585366
@!@!@ENDMSG 2221 @!@!@
@!@!@STARTMSG 2221:0 @!@!@
  line 1228, col 10 to line 1229, col 72 of module three_party_two_cycles: 585366
@!@!@ENDMSG 2221 @!@!@
@!@!@STARTMSG 2772:0 @!@!@
<SA_A_ON_BA line 1231, col 1 to line 1231, col 10 of module three_party_two_cycles>: 75235:731400
@!@!@ENDMSG 2772 @!@!@
@!@!@STARTMSG 2221:0 @!@!@
  line 1231, col 18 to line 1231, col 39 of module three_party_two_cycles: 3810846
@!@!@ENDMSG 2221 @!@!@
@!@!@STARTMSG 2221:0 @!@!@
  |line 1231, col 18 to line 1231, col 24 of module three_party_two_cycles: 3079446
@!@!@ENDMSG 2221 @!@!@
@!@!@STARTMSG 2221:0 @!@!@
  line 1232, col 21 to line 1232, col 107 of module three_party_two_cycles: 731400
@!@!@ENDMSG 2221 @!@!@
@!@!@STARTMSG 2221:0 @!@!@
  |line 1232, col 21 to line 1232, col 64 of module three_party_two_cycles: 731400
@!@!@ENDMSG 2221 @!@!@
@!@!@STARTMSG 2221:0 @!@!@
  |line 1232, col 69 to line 1232, col 107 of module three_party_two_cycles: 243342
@!@!@ENDMSG 2221 @!@!@
@!@!@STARTMSG 2221:0 @!@!@
  line 1233, col 29 to line 1233, col 105 of module three_party_two_cycles: 243342
@!@!@ENDMSG 2221 @!@!@
@!@!@STARTMSG 2221:0 @!@!@
  line 1234, col 29 to line 1234, col 83 of module three_party_two_cycles: 243342
@!@!@ENDMSG 2221 @!@!@
@!@!@STARTMSG 2221:0 @!@!@
  line 1235, col 32 to line 1235, col 67 of module three_party_two_cycles: 243342
@!@!@ENDMSG 2221 @!@!@
@!@!@STARTMSG 2221:0 @!@!@
  line 1236, col 37 to line 1238, col 142 of module three_party_two_cycles: 73366
@!@!@ENDMSG 2221 @!@!@
@!@!@STARTMSG 2221:0 @!@!@
  line 1239, col 40 to line 1239, col 43 of module three_party_two_cycles: 169976
@!@!@ENDMSG 2221 @!@!@
@!@!@STARTMSG 2221:0 @!@!@
  line 1240, col 40 to line 1240, col 77 of module three_party_two_cycles: 169976
@!@!@ENDMSG 2221 @!@!@
@!@!@STARTMSG 2221:0 @!@!@
  line 1241, col 32 to line 1241, col 83 of module three_party_two_cycles: 243342
@!@!@ENDMSG 2221 @!@!@
@!@!@STARTMSG 2221:0 @!@!@
  line 1242, col 37 to line 1242, col 134 of module three_party_two_cycles: 108220
@!@!@ENDMSG 2221 @!@!@
@!@!@STARTMSG 2221:0 @!@!@
  line 1243, col 40 to line 1243, col 43 of module three_party_two_cycles: 135122
@!@!@ENDMSG 2221 @!@!@
@!@!@STARTMSG 2221:0 @!@!@
  line 1244, col 40 to line 1244, col 75 of module three_party_two_cycles: 135122
@!@!@ENDMSG 2221 @!@!@
@!@!@STARTMSG 2221:0 @!@!@
  line 1245, col 32 to line 1245, col 67 of module three_party_two_cycles: 488058
@!@!@ENDMSG 2221 @!@!@
@!@!@STARTMSG 2221:0 @!@!@
  line 1246, col 37 to line 1246, col 106 of module three_party_two_cycles: 122758
@!@!@ENDMSG 2221 @!@!@
@!@!@STARTMSG 2221:0 @!@!@
  line 1247, col 40 to line 1247, col 43 of module three_party_two_cycles: 365300
@!@!@ENDMSG 2221 @!@!@
@!@!@STARTMSG 2221:0 @!@!@
  line 1248, col 40 to line 1248, col 63 of module three_party_two_cycles: 365300
@!@!@ENDMSG 2221 @!@!@
@!@!@STARTMSG 2221:0 @!@!@
  line 1249, col 32 to line 1249, col 83 of module three_party_two_cycles: 488058
@!@!@ENDMSG 2221 @!@!@
@!@!@STARTMSG 2221:0 @!@!@
  line 1250, col 37 to line 1252, col 154 of module three_party_two_cycles: 248870
@!@!@ENDMSG 2221 @!@!@
@!@!@STARTMSG 2221:0 @!@!@
  line 1253, col 40 to line 1253, col 43 of module three_party_two_cycles: 239188
@!@!@ENDMSG 2221 @!@!@
@!@!@STARTMSG 2221:0 @!@!@
  line 1254, col 40 to line 1255, col 61 of module three_party_two_cycles: 239188
@!@!@ENDMSG 2221 @!@!@
@!@!@STARTMSG 2221:0 @!@!@
  line 1256, col 29 to line 1256, col 73 of module three_party_two_cycles: 488058
@!@!@ENDMSG 2221 @!@!@
@!@!@STARTMSG 2221:0 @!@!@
  line 1257, col 21 to line 1257, col 105 of module three_party_two_cycles: 731400
@!@!@ENDMSG 2221 @!@!@
@!@!@STARTMSG 2221:0 @!@!@
  |line 1257, col 21 to line 1257, col 65 of module three_party_two_cycles: 731400
@!@!@ENDMSG 2221 @!@!@
@!@!@STARTMSG 2221:0 @!@!@
  ||line 1257, col 23 to line 1257, col 64 of module three_party_two_cycles: 731400
@!@!@ENDMSG 2221 @!@!@
@!@!@STARTMSG 2221:0 @!@!@
  |||line 1257, col 23 to line 1257, col 42 of module three_party_two_cycles: 731400
@!@!@ENDMSG 2221 @!@!@
@!@!@STARTMSG 2221:0 @!@!@
  |||line 1257, col 45 to line 1257, col 64 of module three_party_two_cycles: 448164
@!@!@ENDMSG 2221 @!@!@
@!@!@STARTMSG 2221:0 @!@!@
  |line 1257, col 68 to line 1257, col 105 of module three_party_two_cycles: 283236
@!@!@ENDMSG 2221 @!@!@
@!@!@STARTMSG 2221:0 @!@!@
  line 1258, col 26 to line 1258, col 80 of module three_party_two_cycles: 88154
@!@!@ENDMSG 2221 @!@!@
@!@!@STARTMSG 2221:0 @!@!@
  line 1259, col 32 to line 1259, col 124 of module three_party_two_cycles: 643246
@!@!@ENDMSG 2221 @!@!@
@!@!@STARTMSG 2221:0 @!@!@
  |line 1259, col 32 to line 1259, col 97 of module three_party_two_cycles: 643246
@!@!@ENDMSG 2221 @!@!@
@!@!@STARTMSG 2221:0 @!@!@
  ||line 1259, col 32 to line 1259, col 59 of module three_party_two_cycles: 643246
@!@!@ENDMSG 2221 @!@!@
@!@!@STARTMSG 2221:0 @!@!@
  ||line 1259, col 63 to line 1259, col 96 of module three_party_two_cycles: 320330
@!@!@ENDMSG 2221 @!@!@
@!@!@STARTMSG 2221:0 @!@!@
  |||line 1259, col 63 to line 1259, col 78 of module three_party_two_cycles: 320330
@!@!@ENDMSG 2221 @!@!@
@!@!@STARTMSG 2221:0 @!@!@
  |||line 1259, col 81 to line 1259, col 96 of module three_party_two_cycles: 62574
@!@!@ENDMSG 2221 @!@!@
@!@!@STARTMSG 2221:0 @!@!@
  |line 1259, col 100 to line 1259, col 124 of module three_party_two_cycles: 35728
@!@!@ENDMSG 2221 @!@!@
@!@!@STARTMSG 2221:0 @!@!@
  line 1260, col 37 to line 1260, col 91 of module three_party_two_cycles: 21582
@!@!@ENDMSG 2221 @!@!@
@!@!@STARTMSG 2221:0 @!@!@
  line 1261, col 43 to line 1261, col 63 of module three_party_two_cycles: 621664
@!@!@ENDMSG 2221 @!@!@
@!@!@STARTMSG 2221:0 @!@!@
  line 1262, col 48 to line 1262, col 102 of module three_party_two_cycles: 170282
@!@!@ENDMSG 2221 @!@!@
@!@!@STARTMSG 2221:0 @!@!@
  line 1263, col 54 to line 1263, col 130 of module three_party_two_cycles: 451382
@!@!@ENDMSG 2221 @!@!@
@!@!@STARTMSG 2221:0 @!@!@
  |line 1263, col 54 to line 1263, col 102 of module three_party_two_cycles: 451382
@!@!@ENDMSG 2221 @!@!@
@!@!@STARTMSG 2221:0 @!@!@
  ||line 1263, col 54 to line 1263, col 81 of module three_party_two_cycles: 451382
@!@!@ENDMSG 2221 @!@!@
@!@!@STARTMSG 2221:0 @!@!@
  ||line 1263, col 86 to line 1263, col 102 of module three_party_two_cycles: 218194
@!@!@ENDMSG 2221 @!@!@
@!@!@STARTMSG 2221:0 @!@!@
  |line 1263, col 106 to line 1263, col 130 of module three_party_two_cycles: 131472
@!@!@ENDMSG 2221 @!@!@
@!@!@STARTMSG 2221:0 @!@!@
  line 1264, col 59 to line 1264, col 113 of module three_party_two_cycles: 98920
@!@!@ENDMSG 2221 @!@!@
@!@!@STARTMSG 2221:0 @!@!@
  line 1265, col 65 to line 1265, col 120 of module three_party_two_cycles: 352462
@!@!@ENDMSG 2221 @!@!@
@!@!@STARTMSG 2221:0 @!@!@
  |line 1265, col 65 to line 1265, col 93 of module three_party_two_cycles: 352462
@!@!@ENDMSG 2221 @!@!@
@!@!@STARTMSG 2221:0 @!@!@
  |line 1265, col 97 to line 1265, col 120 of module three_party_two_cycles: 233188
@!@!@ENDMSG 2221 @!@!@
@!@!@STARTMSG 2221:0 @!@!@
  line 1266, col 70 to line 1266, col 124 of module three_party_two_cycles: 51750
@!@!@ENDMSG 2221 @!@!@
@!@!@STARTMSG 2221:0 @!@!@
  line 1267, col 76 to line 1267, col 157 of module three_party_two_cycles: 300712
@!@!@ENDMSG 2221 @!@!@
@!@!@STARTMSG 2221:0 @!@!@
  |line 1267, col 76 to line 1267, col 131 of module three_party_two_cycles: 300712
@!@!@ENDMSG 2221 @!@!@
@!@!@STARTMSG 2221:0 @!@!@
  ||line 1267, col 76 to line 1267, col 112 of module three_party_two_cycles: 300712
@!@!@ENDMSG 2221 @!@!@
@!@!@STARTMSG 2221:0 @!@!@
  |||line 1267, col 78 to line 1267, col 111 of module three_party_two_cycles: 300712
@!@!@ENDMSG 2221 @!@!@
@!@!@STARTMSG 2221:0 @!@!@
  ||||line 1267, col 78 to line 1267, col 93 of module three_party_two_cycles: 300712
@!@!@ENDMSG 2221 @!@!@
@!@!@STARTMSG 2221:0 @!@!@
  ||||line 1267, col 96 to line 1267, col 111 of module three_party_two_cycles: 48406
@!@!@ENDMSG 2221 @!@!@
@!@!@STARTMSG 2221:0 @!@!@
  ||line 1267, col 116 to line 1267, col 131 of module three_party_two_cycles: 293918
@!@!@ENDMSG 2221 @!@!@
@!@!@STARTMSG 2221:0 @!@!@
  |line 1267, col 134 to line 1267, col 157 of module three_party_two_cycles: 145848
@!@!@ENDMSG 2221 @!@!@
@!@!@STARTMSG 2221:0 @!@!@
  line 1268, col 81 to line 1268, col 135 of module three_party_two_cycles: 14752
@!@!@ENDMSG 2221 @!@!@
@!@!@STARTMSG 2221:0 @!@!@
  line 1269, col 84 to line 1269, col 87 of module three_party_two_cycles: 285960
@!@!@ENDMSG 2221 @!@!@
@!@!@STARTMSG 2221:0 @!@!@
  line 1270, col 84 to line 1270, col 103 of module three_party_two_cycles: 285960
@!@!@ENDMSG 2221 @!@!@
@!@!@STARTMSG 2221:0 @!@!@
  line 1271, col 18 to line 1271, col 82 of module three_party_two_cycles: 731400
@!@!@ENDMSG 2221 @!@!@
@!@!@STARTMSG 2221:0 @!@!@
  line 1272, col 18 to line 1272, col 56 of module three_party_two_cycles: 731400
@!@!@ENDMSG 2221 @!@!@
@!@!@STARTMSG 2221:0 @!@!@
  line 1273, col 18 to line 1273, col 50 of module three_party_two_cycles: 731400
@!@!@ENDMSG 2221 @!@!@
@!@!@STARTMSG 2221:0 @!@!@
  line 1274, col 18 to line 1275, col 51 of module three_party_two_cycles: 731400
@!@!@ENDMSG 2221 @!@!@
@!@!@STARTMSG 2772:0 @!@!@
<tick line 1279, col 1 to line 1279, col 4 of module three_party_two_cycles>: 1349162:1539723
@!@!@ENDMSG 2772 @!@!@
@!@!@STARTMSG 2221:0 @!@!@
  line 1279, col 12 to line 1279, col 29 of module three_party_two_cycles: 4619169
@!@!@ENDMSG 2221 @!@!@
@!@!@STARTMSG 2221:0 @!@!@
  |line 1279, col 12 to line 1279, col 20 of module three_party_two_cycles: 3079446
@!@!@ENDMSG 2221 @!@!@
@!@!@STARTMSG 2221:0 @!@!@
  line 1280, col 16 to line 1280, col 27 of module three_party_two_cycles: 1539723
@!@!@ENDMSG 2221 @!@!@
@!@!@STARTMSG 2221:0 @!@!@
  line 1281, col 20 to line 1281, col 56 of module three_party_two_cycles: 1040459
@!@!@ENDMSG 2221 @!@!@
@!@!@STARTMSG 2221:0 @!@!@
  line 1282, col 20 to line 1282, col 57 of module three_party_two_cycles: 499264
@!@!@ENDMSG 2221 @!@!@
@!@!@STARTMSG 2221:0 @!@!@
  line 1283, col 12 to line 1286, col 65 of module three_party_two_cycles: 1539723
@!@!@ENDMSG 2221 @!@!@
@!@!@STARTMSG 2772:0 @!@!@
<tok line 1288, col 1 to line 1288, col 3 of module three_party_two_cycles>: 939087:1040459
@!@!@ENDMSG 2772 @!@!@
@!@!@STARTMSG 2221:0 @!@!@
  line 1288, col 11 to line 1288, col 27 of module three_party_two_cycles: 4119905
@!@!@ENDMSG 2221 @!@!@
@!@!@STARTMSG 2221:0 @!@!@
  |line 1288, col 11 to line 1288, col 19 of module three_party_two_cycles: 3079446
@!@!@ENDMSG 2221 @!@!@
@!@!@STARTMSG 2221:0 @!@!@
  line 1289, col 11 to line 1289, col 28 of module three_party_two_cycles: 1040459
@!@!@ENDMSG 2221 @!@!@
@!@!@STARTMSG 2221:0 @!@!@
  line 1290, col 11 to line 1290, col 45 of module three_party_two_cycles: 1040459
@!@!@ENDMSG 2221 @!@!@
@!@!@STARTMSG 2221:0 @!@!@
  line 1291, col 11 to line 1294, col 52 of module three_party_two_cycles: 1040459
@!@!@ENDMSG 2221 @!@!@
@!@!@STARTMSG 2772:0 @!@!@
<Terminating line 1299, col 1 to line 1299, col 11 of module three_party_two_cycles>: 0:19713
@!@!@ENDMSG 2772 @!@!@
@!@!@STARTMSG 2221:0 @!@!@
  line 1299, col 40 to line 1299, col 56 of module three_party_two_cycles: 4458401
@!@!@ENDMSG 2221 @!@!@
@!@!@STARTMSG 2221:0 @!@!@
  |line 1299, col 40 to line 1299, col 47 of module three_party_two_cycles: 4359836
@!@!@ENDMSG 2221 @!@!@
@!@!@STARTMSG 2221:0 @!@!@
  line 1299, col 31 to line 1299, col 37 of module three_party_two_cycles: 3079446
@!@!@ENDMSG 2221 @!@!@
@!@!@STARTMSG 2221:0 @!@!@
  line 1300, col 19 to line 1300, col 32 of module three_party_two_cycles: 19713
@!@!@ENDMSG 2221 @!@!@
@!@!@STARTMSG 2202:0 @!@!@
End of statistics.
@!@!@ENDMSG 2202 @!@!@
@!@!@STARTMSG 2200:0 @!@!@
Progress(44) at 2021-05-13 21:59:11: 10,495,882 states generated (11,714,154 s/min), 3,079,446 distinct states found (3,436,881 ds/min), 0 states left on queue.
@!@!@ENDMSG 2200 @!@!@
@!@!@STARTMSG 2199:0 @!@!@
10495882 states generated, 3079446 distinct states found, 0 states left on queue.
@!@!@ENDMSG 2199 @!@!@
@!@!@STARTMSG 2194:0 @!@!@
The depth of the complete state graph search is 44.
@!@!@ENDMSG 2194 @!@!@
@!@!@STARTMSG 2268:0 @!@!@
The average outdegree of the complete state graph is 1 (minimum is 0, the maximum 5 and the 95th percentile is 2).
@!@!@ENDMSG 2268 @!@!@
@!@!@STARTMSG 2186:0 @!@!@
Finished in 53798ms at (2021-05-13 21:59:11)
@!@!@ENDMSG 2186 @!@!@
