@!@!@STARTMSG 2262:0 @!@!@
TLC2 Version 2.15 of Day Month 20?? (rev: eb3ff99)
@!@!@ENDMSG 2262 @!@!@
@!@!@STARTMSG 2187:0 @!@!@
Running breadth-first search Model-Checking with fp 116 and seed 8265395684557080243 with 4 workers on 8 cores with 1214MB heap and 2730MB offheap memory [pid: 86901] (Mac OS X 10.16 x86_64, AdoptOpenJDK 14.0.1 x86_64, OffHeapDiskFPSet, DiskStateQueue).
@!@!@ENDMSG 2187 @!@!@
@!@!@STARTMSG 2220:0 @!@!@
Starting SANY...
@!@!@ENDMSG 2220 @!@!@
Parsing file /Users/yingjie/Documents/GitHub/model_checking_on_hedged_atomic_swaps/three_party_one_cycle.toolbox/Model_1/MC.tla
Parsing file /Users/yingjie/Documents/GitHub/model_checking_on_hedged_atomic_swaps/three_party_one_cycle.toolbox/Model_1/three_party_one_cycle.tla
Parsing file /private/var/folders/pd/j6c2d3397rn1ql_nlj6ylttc0000gp/T/AppTranslocation/314D6613-6660-40EE-A536-D35BDA75EEDD/d/TLA+ Toolbox.app/Contents/Eclipse/plugins/org.lamport.tlatools_1.0.0.202004251858/tla2sany/StandardModules/TLC.tla
Parsing file /private/var/folders/pd/j6c2d3397rn1ql_nlj6ylttc0000gp/T/AppTranslocation/314D6613-6660-40EE-A536-D35BDA75EEDD/d/TLA+ Toolbox.app/Contents/Eclipse/plugins/org.lamport.tlatools_1.0.0.202004251858/tla2sany/StandardModules/Integers.tla
Parsing file /private/var/folders/pd/j6c2d3397rn1ql_nlj6ylttc0000gp/T/AppTranslocation/314D6613-6660-40EE-A536-D35BDA75EEDD/d/TLA+ Toolbox.app/Contents/Eclipse/plugins/org.lamport.tlatools_1.0.0.202004251858/tla2sany/StandardModules/Naturals.tla
Parsing file /private/var/folders/pd/j6c2d3397rn1ql_nlj6ylttc0000gp/T/AppTranslocation/314D6613-6660-40EE-A536-D35BDA75EEDD/d/TLA+ Toolbox.app/Contents/Eclipse/plugins/org.lamport.tlatools_1.0.0.202004251858/tla2sany/StandardModules/Sequences.tla
Parsing file /private/var/folders/pd/j6c2d3397rn1ql_nlj6ylttc0000gp/T/AppTranslocation/314D6613-6660-40EE-A536-D35BDA75EEDD/d/TLA+ Toolbox.app/Contents/Eclipse/plugins/org.lamport.tlatools_1.0.0.202004251858/tla2sany/StandardModules/FiniteSets.tla
Semantic processing of module Naturals
Semantic processing of module Integers
Semantic processing of module Sequences
Semantic processing of module FiniteSets
Semantic processing of module TLC
Semantic processing of module three_party_one_cycle
Semantic processing of module MC
@!@!@STARTMSG 2219:0 @!@!@
SANY finished.
@!@!@ENDMSG 2219 @!@!@
@!@!@STARTMSG 2185:0 @!@!@
Starting... (2021-05-10 20:12:41)
@!@!@ENDMSG 2185 @!@!@
@!@!@STARTMSG 2189:0 @!@!@
Computing initial states...
@!@!@ENDMSG 2189 @!@!@
@!@!@STARTMSG 2190:0 @!@!@
Finished computing initial states: 1 distinct state generated at 2021-05-10 20:12:43.
@!@!@ENDMSG 2190 @!@!@
@!@!@STARTMSG 2200:0 @!@!@
Progress(20) at 2021-05-10 20:12:46: 271,970 states generated (271,970 s/min), 120,293 distinct states found (120,293 ds/min), 24,776 states left on queue.
@!@!@ENDMSG 2200 @!@!@
@!@!@STARTMSG 2193:0 @!@!@
Model checking completed. No error has been found.
  Estimates of the probability that TLC did not check all reachable states
  because two distinct states had the same fingerprint:
  calculated (optimistic):  val = 1.6E-8
  based on the actual fingerprints:  val = 1.4E-9
@!@!@ENDMSG 2193 @!@!@
@!@!@STARTMSG 2201:0 @!@!@
The coverage statistics at 2021-05-10 20:12:56
@!@!@ENDMSG 2201 @!@!@
@!@!@STARTMSG 2773:0 @!@!@
<Init line 339, col 1 to line 339, col 4 of module three_party_one_cycle>: 1:1
@!@!@ENDMSG 2773 @!@!@
@!@!@STARTMSG 2221:0 @!@!@
  line 340, col 9 to line 355, col 66 of module three_party_one_cycle: 1
@!@!@ENDMSG 2221 @!@!@
@!@!@STARTMSG 2772:0 @!@!@
<S_B_D_P line 357, col 1 to line 357, col 7 of module three_party_one_cycle>: 553:12708
@!@!@ENDMSG 2772 @!@!@
@!@!@STARTMSG 2221:0 @!@!@
  line 357, col 15 to line 357, col 37 of module three_party_one_cycle: 484278
@!@!@ENDMSG 2221 @!@!@
@!@!@STARTMSG 2221:0 @!@!@
  |line 357, col 15 to line 357, col 25 of module three_party_one_cycle: 471570
@!@!@ENDMSG 2221 @!@!@
@!@!@STARTMSG 2221:0 @!@!@
  line 358, col 18 to line 358, col 95 of module three_party_one_cycle: 12708
@!@!@ENDMSG 2221 @!@!@
@!@!@STARTMSG 2221:0 @!@!@
  |line 358, col 18 to line 358, col 57 of module three_party_one_cycle: 12708
@!@!@ENDMSG 2221 @!@!@
@!@!@STARTMSG 2221:0 @!@!@
  |line 358, col 62 to line 358, col 95 of module three_party_one_cycle: 756
@!@!@ENDMSG 2221 @!@!@
@!@!@STARTMSG 2221:0 @!@!@
  line 359, col 23 to line 362, col 74 of module three_party_one_cycle: 756
@!@!@ENDMSG 2221 @!@!@
@!@!@STARTMSG 2221:0 @!@!@
  line 363, col 26 to line 363, col 29 of module three_party_one_cycle: 11952
@!@!@ENDMSG 2221 @!@!@
@!@!@STARTMSG 2221:0 @!@!@
  line 364, col 26 to line 364, col 69 of module three_party_one_cycle: 11952
@!@!@ENDMSG 2221 @!@!@
@!@!@STARTMSG 2221:0 @!@!@
  line 365, col 18 to line 365, col 86 of module three_party_one_cycle: 12708
@!@!@ENDMSG 2221 @!@!@
@!@!@STARTMSG 2221:0 @!@!@
  |line 365, col 18 to line 365, col 40 of module three_party_one_cycle: 12708
@!@!@ENDMSG 2221 @!@!@
@!@!@STARTMSG 2221:0 @!@!@
  |line 365, col 45 to line 365, col 86 of module three_party_one_cycle: 346
@!@!@ENDMSG 2221 @!@!@
@!@!@STARTMSG 2221:0 @!@!@
  line 366, col 23 to line 366, col 73 of module three_party_one_cycle: 26
@!@!@ENDMSG 2221 @!@!@
@!@!@STARTMSG 2221:0 @!@!@
  line 367, col 29 to line 367, col 67 of module three_party_one_cycle: 12682
@!@!@ENDMSG 2221 @!@!@
@!@!@STARTMSG 2221:0 @!@!@
  |line 367, col 29 to line 367, col 47 of module three_party_one_cycle: 12682
@!@!@ENDMSG 2221 @!@!@
@!@!@STARTMSG 2221:0 @!@!@
  |line 367, col 50 to line 367, col 67 of module three_party_one_cycle: 1864
@!@!@ENDMSG 2221 @!@!@
@!@!@STARTMSG 2221:0 @!@!@
  line 368, col 34 to line 368, col 84 of module three_party_one_cycle: 94
@!@!@ENDMSG 2221 @!@!@
@!@!@STARTMSG 2221:0 @!@!@
  line 369, col 40 to line 369, col 78 of module three_party_one_cycle: 12588
@!@!@ENDMSG 2221 @!@!@
@!@!@STARTMSG 2221:0 @!@!@
  |line 369, col 40 to line 369, col 57 of module three_party_one_cycle: 12588
@!@!@ENDMSG 2221 @!@!@
@!@!@STARTMSG 2221:0 @!@!@
  |line 369, col 60 to line 369, col 78 of module three_party_one_cycle: 10818
@!@!@ENDMSG 2221 @!@!@
@!@!@STARTMSG 2221:0 @!@!@
  line 370, col 45 to line 370, col 95 of module three_party_one_cycle: 10182
@!@!@ENDMSG 2221 @!@!@
@!@!@STARTMSG 2221:0 @!@!@
  line 371, col 48 to line 371, col 51 of module three_party_one_cycle: 2406
@!@!@ENDMSG 2221 @!@!@
@!@!@STARTMSG 2221:0 @!@!@
  line 372, col 48 to line 372, col 67 of module three_party_one_cycle: 2406
@!@!@ENDMSG 2221 @!@!@
@!@!@STARTMSG 2221:0 @!@!@
  line 373, col 15 to line 373, col 73 of module three_party_one_cycle: 12708
@!@!@ENDMSG 2221 @!@!@
@!@!@STARTMSG 2221:0 @!@!@
  line 374, col 15 to line 374, col 52 of module three_party_one_cycle: 12708
@!@!@ENDMSG 2221 @!@!@
@!@!@STARTMSG 2221:0 @!@!@
  line 375, col 15 to line 375, col 68 of module three_party_one_cycle: 12708
@!@!@ENDMSG 2221 @!@!@
@!@!@STARTMSG 2772:0 @!@!@
<S_A_E line 377, col 1 to line 377, col 5 of module three_party_one_cycle>: 4250:49712
@!@!@ENDMSG 2772 @!@!@
@!@!@STARTMSG 2221:0 @!@!@
  line 377, col 13 to line 377, col 33 of module three_party_one_cycle: 521282
@!@!@ENDMSG 2221 @!@!@
@!@!@STARTMSG 2221:0 @!@!@
  |line 377, col 13 to line 377, col 23 of module three_party_one_cycle: 471570
@!@!@ENDMSG 2221 @!@!@
@!@!@STARTMSG 2221:0 @!@!@
  line 378, col 16 to line 378, col 118 of module three_party_one_cycle: 49712
@!@!@ENDMSG 2221 @!@!@
@!@!@STARTMSG 2221:0 @!@!@
  |line 378, col 16 to line 378, col 77 of module three_party_one_cycle: 49712
@!@!@ENDMSG 2221 @!@!@
@!@!@STARTMSG 2221:0 @!@!@
  ||line 378, col 16 to line 378, col 32 of module three_party_one_cycle: 49712
@!@!@ENDMSG 2221 @!@!@
@!@!@STARTMSG 2221:0 @!@!@
  ||line 378, col 37 to line 378, col 77 of module three_party_one_cycle: 37760
@!@!@ENDMSG 2221 @!@!@
@!@!@STARTMSG 2221:0 @!@!@
  |line 378, col 83 to line 378, col 118 of module three_party_one_cycle: 4282
@!@!@ENDMSG 2221 @!@!@
@!@!@STARTMSG 2221:0 @!@!@
  line 379, col 24 to line 381, col 109 of module three_party_one_cycle: 4282
@!@!@ENDMSG 2221 @!@!@
@!@!@STARTMSG 2221:0 @!@!@
  line 382, col 24 to line 382, col 70 of module three_party_one_cycle: 4282
@!@!@ENDMSG 2221 @!@!@
@!@!@STARTMSG 2221:0 @!@!@
  line 383, col 24 to line 383, col 49 of module three_party_one_cycle: 4282
@!@!@ENDMSG 2221 @!@!@
@!@!@STARTMSG 2221:0 @!@!@
  line 384, col 27 to line 384, col 62 of module three_party_one_cycle: 45430
@!@!@ENDMSG 2221 @!@!@
@!@!@STARTMSG 2221:0 @!@!@
  line 385, col 32 to line 385, col 105 of module three_party_one_cycle: 33478
@!@!@ENDMSG 2221 @!@!@
@!@!@STARTMSG 2221:0 @!@!@
  line 386, col 35 to line 386, col 38 of module three_party_one_cycle: 11952
@!@!@ENDMSG 2221 @!@!@
@!@!@STARTMSG 2221:0 @!@!@
  line 387, col 35 to line 387, col 60 of module three_party_one_cycle: 11952
@!@!@ENDMSG 2221 @!@!@
@!@!@STARTMSG 2221:0 @!@!@
  line 388, col 24 to line 388, col 65 of module three_party_one_cycle: 45430
@!@!@ENDMSG 2221 @!@!@
@!@!@STARTMSG 2221:0 @!@!@
  line 389, col 16 to line 389, col 82 of module three_party_one_cycle: 49712
@!@!@ENDMSG 2221 @!@!@
@!@!@STARTMSG 2221:0 @!@!@
  line 390, col 24 to line 390, col 73 of module three_party_one_cycle: 0
@!@!@ENDMSG 2221 @!@!@
@!@!@STARTMSG 2221:0 @!@!@
  line 391, col 27 to line 391, col 63 of module three_party_one_cycle: 49712
@!@!@ENDMSG 2221 @!@!@
@!@!@STARTMSG 2221:0 @!@!@
  |line 391, col 27 to line 391, col 45 of module three_party_one_cycle: 49712
@!@!@ENDMSG 2221 @!@!@
@!@!@STARTMSG 2221:0 @!@!@
  |line 391, col 48 to line 391, col 63 of module three_party_one_cycle: 11952
@!@!@ENDMSG 2221 @!@!@
@!@!@STARTMSG 2221:0 @!@!@
  line 392, col 35 to line 392, col 84 of module three_party_one_cycle: 0
@!@!@ENDMSG 2221 @!@!@
@!@!@STARTMSG 2221:0 @!@!@
  line 393, col 38 to line 393, col 74 of module three_party_one_cycle: 49712
@!@!@ENDMSG 2221 @!@!@
@!@!@STARTMSG 2221:0 @!@!@
  |line 393, col 38 to line 393, col 55 of module three_party_one_cycle: 49712
@!@!@ENDMSG 2221 @!@!@
@!@!@STARTMSG 2221:0 @!@!@
  |line 393, col 58 to line 393, col 74 of module three_party_one_cycle: 37760
@!@!@ENDMSG 2221 @!@!@
@!@!@STARTMSG 2221:0 @!@!@
  line 394, col 43 to line 394, col 95 of module three_party_one_cycle: 33478
@!@!@ENDMSG 2221 @!@!@
@!@!@STARTMSG 2221:0 @!@!@
  line 395, col 46 to line 395, col 49 of module three_party_one_cycle: 16234
@!@!@ENDMSG 2221 @!@!@
@!@!@STARTMSG 2221:0 @!@!@
  line 396, col 46 to line 396, col 65 of module three_party_one_cycle: 16234
@!@!@ENDMSG 2221 @!@!@
@!@!@STARTMSG 2221:0 @!@!@
  line 397, col 13 to line 397, col 69 of module three_party_one_cycle: 49712
@!@!@ENDMSG 2221 @!@!@
@!@!@STARTMSG 2221:0 @!@!@
  line 398, col 13 to line 398, col 50 of module three_party_one_cycle: 49712
@!@!@ENDMSG 2221 @!@!@
@!@!@STARTMSG 2221:0 @!@!@
  line 399, col 13 to line 399, col 50 of module three_party_one_cycle: 49712
@!@!@ENDMSG 2221 @!@!@
@!@!@STARTMSG 2772:0 @!@!@
<S_B_R line 401, col 1 to line 401, col 5 of module three_party_one_cycle>: 17443:180960
@!@!@ENDMSG 2772 @!@!@
@!@!@STARTMSG 2221:0 @!@!@
  line 401, col 13 to line 401, col 33 of module three_party_one_cycle: 652530
@!@!@ENDMSG 2221 @!@!@
@!@!@STARTMSG 2221:0 @!@!@
  |line 401, col 13 to line 401, col 23 of module three_party_one_cycle: 471570
@!@!@ENDMSG 2221 @!@!@
@!@!@STARTMSG 2221:0 @!@!@
  line 402, col 16 to line 402, col 110 of module three_party_one_cycle: 180960
@!@!@ENDMSG 2221 @!@!@
@!@!@STARTMSG 2221:0 @!@!@
  |line 402, col 16 to line 402, col 70 of module three_party_one_cycle: 180960
@!@!@ENDMSG 2221 @!@!@
@!@!@STARTMSG 2221:0 @!@!@
  ||line 402, col 16 to line 402, col 30 of module three_party_one_cycle: 180960
@!@!@ENDMSG 2221 @!@!@
@!@!@STARTMSG 2221:0 @!@!@
  ||line 402, col 33 to line 402, col 70 of module three_party_one_cycle: 138196
@!@!@ENDMSG 2221 @!@!@
@!@!@STARTMSG 2221:0 @!@!@
  |line 402, col 74 to line 402, col 110 of module three_party_one_cycle: 109268
@!@!@ENDMSG 2221 @!@!@
@!@!@STARTMSG 2221:0 @!@!@
  line 403, col 24 to line 403, col 92 of module three_party_one_cycle: 109268
@!@!@ENDMSG 2221 @!@!@
@!@!@STARTMSG 2221:0 @!@!@
  line 404, col 27 to line 404, col 64 of module three_party_one_cycle: 109268
@!@!@ENDMSG 2221 @!@!@
@!@!@STARTMSG 2221:0 @!@!@
  line 405, col 32 to line 405, col 105 of module three_party_one_cycle: 109268
@!@!@ENDMSG 2221 @!@!@
@!@!@STARTMSG 2221:0 @!@!@
  line 407, col 35 to line 407, col 60 of module three_party_one_cycle: 0
@!@!@ENDMSG 2221 @!@!@
@!@!@STARTMSG 2221:0 @!@!@
  line 408, col 24 to line 409, col 126 of module three_party_one_cycle: 109268
@!@!@ENDMSG 2221 @!@!@
@!@!@STARTMSG 2221:0 @!@!@
  line 410, col 24 to line 410, col 70 of module three_party_one_cycle: 109268
@!@!@ENDMSG 2221 @!@!@
@!@!@STARTMSG 2221:0 @!@!@
  line 411, col 27 to line 411, col 81 of module three_party_one_cycle: 71692
@!@!@ENDMSG 2221 @!@!@
@!@!@STARTMSG 2221:0 @!@!@
  |line 411, col 27 to line 411, col 41 of module three_party_one_cycle: 71692
@!@!@ENDMSG 2221 @!@!@
@!@!@STARTMSG 2221:0 @!@!@
  |line 411, col 45 to line 411, col 81 of module three_party_one_cycle: 28928
@!@!@ENDMSG 2221 @!@!@
@!@!@STARTMSG 2221:0 @!@!@
  line 412, col 35 to line 412, col 103 of module three_party_one_cycle: 28928
@!@!@ENDMSG 2221 @!@!@
@!@!@STARTMSG 2221:0 @!@!@
  line 413, col 38 to line 413, col 75 of module three_party_one_cycle: 28928
@!@!@ENDMSG 2221 @!@!@
@!@!@STARTMSG 2221:0 @!@!@
  line 414, col 43 to line 416, col 148 of module three_party_one_cycle: 28928
@!@!@ENDMSG 2221 @!@!@
@!@!@STARTMSG 2221:0 @!@!@
  line 418, col 46 to line 419, col 67 of module three_party_one_cycle: 0
@!@!@ENDMSG 2221 @!@!@
@!@!@STARTMSG 2221:0 @!@!@
  line 420, col 35 to line 420, col 38 of module three_party_one_cycle: 42764
@!@!@ENDMSG 2221 @!@!@
@!@!@STARTMSG 2221:0 @!@!@
  line 421, col 35 to line 422, col 74 of module three_party_one_cycle: 42764
@!@!@ENDMSG 2221 @!@!@
@!@!@STARTMSG 2221:0 @!@!@
  line 423, col 24 to line 423, col 43 of module three_party_one_cycle: 71692
@!@!@ENDMSG 2221 @!@!@
@!@!@STARTMSG 2221:0 @!@!@
  line 424, col 16 to line 424, col 118 of module three_party_one_cycle: 180960
@!@!@ENDMSG 2221 @!@!@
@!@!@STARTMSG 2221:0 @!@!@
  |line 424, col 16 to line 424, col 100 of module three_party_one_cycle: 180960
@!@!@ENDMSG 2221 @!@!@
@!@!@STARTMSG 2221:0 @!@!@
  ||line 424, col 16 to line 424, col 56 of module three_party_one_cycle: 180960
@!@!@ENDMSG 2221 @!@!@
@!@!@STARTMSG 2221:0 @!@!@
  ||line 424, col 60 to line 424, col 99 of module three_party_one_cycle: 113066
@!@!@ENDMSG 2221 @!@!@
@!@!@STARTMSG 2221:0 @!@!@
  |line 424, col 103 to line 424, col 118 of module three_party_one_cycle: 30340
@!@!@ENDMSG 2221 @!@!@
@!@!@STARTMSG 2221:0 @!@!@
  line 425, col 21 to line 425, col 73 of module three_party_one_cycle: 18122
@!@!@ENDMSG 2221 @!@!@
@!@!@STARTMSG 2221:0 @!@!@
  line 426, col 27 to line 426, col 87 of module three_party_one_cycle: 162838
@!@!@ENDMSG 2221 @!@!@
@!@!@STARTMSG 2221:0 @!@!@
  |line 426, col 27 to line 426, col 69 of module three_party_one_cycle: 162838
@!@!@ENDMSG 2221 @!@!@
@!@!@STARTMSG 2221:0 @!@!@
  |line 426, col 72 to line 426, col 87 of module three_party_one_cycle: 120604
@!@!@ENDMSG 2221 @!@!@
@!@!@STARTMSG 2221:0 @!@!@
  line 427, col 32 to line 427, col 84 of module three_party_one_cycle: 69674
@!@!@ENDMSG 2221 @!@!@
@!@!@STARTMSG 2221:0 @!@!@
  line 428, col 38 to line 428, col 91 of module three_party_one_cycle: 93164
@!@!@ENDMSG 2221 @!@!@
@!@!@STARTMSG 2221:0 @!@!@
  |line 428, col 38 to line 428, col 58 of module three_party_one_cycle: 93164
@!@!@ENDMSG 2221 @!@!@
@!@!@STARTMSG 2221:0 @!@!@
  |line 428, col 61 to line 428, col 91 of module three_party_one_cycle: 32268
@!@!@ENDMSG 2221 @!@!@
@!@!@STARTMSG 2221:0 @!@!@
  line 429, col 43 to line 429, col 93 of module three_party_one_cycle: 12730
@!@!@ENDMSG 2221 @!@!@
@!@!@STARTMSG 2221:0 @!@!@
  line 430, col 49 to line 430, col 101 of module three_party_one_cycle: 80434
@!@!@ENDMSG 2221 @!@!@
@!@!@STARTMSG 2221:0 @!@!@
  |line 430, col 49 to line 430, col 82 of module three_party_one_cycle: 80434
@!@!@ENDMSG 2221 @!@!@
@!@!@STARTMSG 2221:0 @!@!@
  ||line 430, col 49 to line 430, col 64 of module three_party_one_cycle: 80434
@!@!@ENDMSG 2221 @!@!@
@!@!@STARTMSG 2221:0 @!@!@
  ||line 430, col 67 to line 430, col 82 of module three_party_one_cycle: 44178
@!@!@ENDMSG 2221 @!@!@
@!@!@STARTMSG 2221:0 @!@!@
  |line 430, col 85 to line 430, col 101 of module three_party_one_cycle: 30834
@!@!@ENDMSG 2221 @!@!@
@!@!@STARTMSG 2221:0 @!@!@
  line 431, col 54 to line 431, col 104 of module three_party_one_cycle: 9362
@!@!@ENDMSG 2221 @!@!@
@!@!@STARTMSG 2221:0 @!@!@
  line 432, col 57 to line 432, col 60 of module three_party_one_cycle: 71072
@!@!@ENDMSG 2221 @!@!@
@!@!@STARTMSG 2221:0 @!@!@
  line 433, col 57 to line 433, col 76 of module three_party_one_cycle: 71072
@!@!@ENDMSG 2221 @!@!@
@!@!@STARTMSG 2221:0 @!@!@
  line 434, col 13 to line 434, col 69 of module three_party_one_cycle: 180960
@!@!@ENDMSG 2221 @!@!@
@!@!@STARTMSG 2221:0 @!@!@
  line 435, col 13 to line 435, col 49 of module three_party_one_cycle: 180960
@!@!@ENDMSG 2221 @!@!@
@!@!@STARTMSG 2221:0 @!@!@
  line 436, col 13 to line 436, col 42 of module three_party_one_cycle: 180960
@!@!@ENDMSG 2221 @!@!@
@!@!@STARTMSG 2772:0 @!@!@
<S_C_D_P line 440, col 1 to line 440, col 7 of module three_party_one_cycle>: 302:10974
@!@!@ENDMSG 2772 @!@!@
@!@!@STARTMSG 2221:0 @!@!@
  line 440, col 15 to line 440, col 38 of module three_party_one_cycle: 482544
@!@!@ENDMSG 2221 @!@!@
@!@!@STARTMSG 2221:0 @!@!@
  |line 440, col 15 to line 440, col 26 of module three_party_one_cycle: 471570
@!@!@ENDMSG 2221 @!@!@
@!@!@STARTMSG 2221:0 @!@!@
  line 441, col 18 to line 441, col 98 of module three_party_one_cycle: 10974
@!@!@ENDMSG 2221 @!@!@
@!@!@STARTMSG 2221:0 @!@!@
  |line 441, col 18 to line 441, col 58 of module three_party_one_cycle: 10974
@!@!@ENDMSG 2221 @!@!@
@!@!@STARTMSG 2221:0 @!@!@
  |line 441, col 63 to line 441, col 98 of module three_party_one_cycle: 208
@!@!@ENDMSG 2221 @!@!@
@!@!@STARTMSG 2221:0 @!@!@
  line 442, col 23 to line 445, col 74 of module three_party_one_cycle: 208
@!@!@ENDMSG 2221 @!@!@
@!@!@STARTMSG 2221:0 @!@!@
  line 446, col 26 to line 446, col 29 of module three_party_one_cycle: 10766
@!@!@ENDMSG 2221 @!@!@
@!@!@STARTMSG 2221:0 @!@!@
  line 447, col 26 to line 447, col 69 of module three_party_one_cycle: 10766
@!@!@ENDMSG 2221 @!@!@
@!@!@STARTMSG 2221:0 @!@!@
  line 448, col 18 to line 448, col 86 of module three_party_one_cycle: 10974
@!@!@ENDMSG 2221 @!@!@
@!@!@STARTMSG 2221:0 @!@!@
  |line 448, col 18 to line 448, col 40 of module three_party_one_cycle: 10974
@!@!@ENDMSG 2221 @!@!@
@!@!@STARTMSG 2221:0 @!@!@
  |line 448, col 45 to line 448, col 86 of module three_party_one_cycle: 502
@!@!@ENDMSG 2221 @!@!@
@!@!@STARTMSG 2221:0 @!@!@
  line 449, col 23 to line 449, col 75 of module three_party_one_cycle: 8
@!@!@ENDMSG 2221 @!@!@
@!@!@STARTMSG 2221:0 @!@!@
  line 450, col 29 to line 450, col 67 of module three_party_one_cycle: 10966
@!@!@ENDMSG 2221 @!@!@
@!@!@STARTMSG 2221:0 @!@!@
  |line 450, col 29 to line 450, col 47 of module three_party_one_cycle: 10966
@!@!@ENDMSG 2221 @!@!@
@!@!@STARTMSG 2221:0 @!@!@
  |line 450, col 50 to line 450, col 67 of module three_party_one_cycle: 2640
@!@!@ENDMSG 2221 @!@!@
@!@!@STARTMSG 2221:0 @!@!@
  line 451, col 34 to line 451, col 86 of module three_party_one_cycle: 72
@!@!@ENDMSG 2221 @!@!@
@!@!@STARTMSG 2221:0 @!@!@
  line 452, col 40 to line 452, col 78 of module three_party_one_cycle: 10894
@!@!@ENDMSG 2221 @!@!@
@!@!@STARTMSG 2221:0 @!@!@
  |line 452, col 40 to line 452, col 57 of module three_party_one_cycle: 10894
@!@!@ENDMSG 2221 @!@!@
@!@!@STARTMSG 2221:0 @!@!@
  |line 452, col 60 to line 452, col 78 of module three_party_one_cycle: 8326
@!@!@ENDMSG 2221 @!@!@
@!@!@STARTMSG 2221:0 @!@!@
  line 453, col 45 to line 453, col 97 of module three_party_one_cycle: 8198
@!@!@ENDMSG 2221 @!@!@
@!@!@STARTMSG 2221:0 @!@!@
  line 454, col 48 to line 454, col 51 of module three_party_one_cycle: 2696
@!@!@ENDMSG 2221 @!@!@
@!@!@STARTMSG 2221:0 @!@!@
  line 455, col 48 to line 455, col 67 of module three_party_one_cycle: 2696
@!@!@ENDMSG 2221 @!@!@
@!@!@STARTMSG 2221:0 @!@!@
  line 456, col 15 to line 456, col 73 of module three_party_one_cycle: 10974
@!@!@ENDMSG 2221 @!@!@
@!@!@STARTMSG 2221:0 @!@!@
  line 457, col 15 to line 457, col 53 of module three_party_one_cycle: 10974
@!@!@ENDMSG 2221 @!@!@
@!@!@STARTMSG 2221:0 @!@!@
  line 458, col 15 to line 458, col 68 of module three_party_one_cycle: 10974
@!@!@ENDMSG 2221 @!@!@
@!@!@STARTMSG 2772:0 @!@!@
<S_B_E line 460, col 1 to line 460, col 5 of module three_party_one_cycle>: 5648:39394
@!@!@ENDMSG 2772 @!@!@
@!@!@STARTMSG 2221:0 @!@!@
  line 460, col 13 to line 460, col 34 of module three_party_one_cycle: 510964
@!@!@ENDMSG 2221 @!@!@
@!@!@STARTMSG 2221:0 @!@!@
  |line 460, col 13 to line 460, col 24 of module three_party_one_cycle: 471570
@!@!@ENDMSG 2221 @!@!@
@!@!@STARTMSG 2221:0 @!@!@
  line 461, col 16 to line 461, col 111 of module three_party_one_cycle: 39394
@!@!@ENDMSG 2221 @!@!@
@!@!@STARTMSG 2221:0 @!@!@
  |line 461, col 16 to line 461, col 73 of module three_party_one_cycle: 39394
@!@!@ENDMSG 2221 @!@!@
@!@!@STARTMSG 2221:0 @!@!@
  ||line 461, col 16 to line 461, col 32 of module three_party_one_cycle: 39394
@!@!@ENDMSG 2221 @!@!@
@!@!@STARTMSG 2221:0 @!@!@
  ||line 461, col 37 to line 461, col 73 of module three_party_one_cycle: 28628
@!@!@ENDMSG 2221 @!@!@
@!@!@STARTMSG 2221:0 @!@!@
  |line 461, col 78 to line 461, col 111 of module three_party_one_cycle: 6438
@!@!@ENDMSG 2221 @!@!@
@!@!@STARTMSG 2221:0 @!@!@
  line 462, col 24 to line 464, col 107 of module three_party_one_cycle: 6438
@!@!@ENDMSG 2221 @!@!@
@!@!@STARTMSG 2221:0 @!@!@
  line 465, col 24 to line 465, col 70 of module three_party_one_cycle: 6438
@!@!@ENDMSG 2221 @!@!@
@!@!@STARTMSG 2221:0 @!@!@
  line 466, col 24 to line 466, col 49 of module three_party_one_cycle: 6438
@!@!@ENDMSG 2221 @!@!@
@!@!@STARTMSG 2221:0 @!@!@
  line 467, col 27 to line 467, col 64 of module three_party_one_cycle: 32956
@!@!@ENDMSG 2221 @!@!@
@!@!@STARTMSG 2221:0 @!@!@
  line 468, col 32 to line 468, col 107 of module three_party_one_cycle: 22190
@!@!@ENDMSG 2221 @!@!@
@!@!@STARTMSG 2221:0 @!@!@
  line 469, col 35 to line 469, col 38 of module three_party_one_cycle: 10766
@!@!@ENDMSG 2221 @!@!@
@!@!@STARTMSG 2221:0 @!@!@
  line 470, col 35 to line 470, col 60 of module three_party_one_cycle: 10766
@!@!@ENDMSG 2221 @!@!@
@!@!@STARTMSG 2221:0 @!@!@
  line 471, col 24 to line 471, col 65 of module three_party_one_cycle: 32956
@!@!@ENDMSG 2221 @!@!@
@!@!@STARTMSG 2221:0 @!@!@
  line 472, col 16 to line 472, col 80 of module three_party_one_cycle: 39394
@!@!@ENDMSG 2221 @!@!@
@!@!@STARTMSG 2221:0 @!@!@
  |line 472, col 16 to line 472, col 36 of module three_party_one_cycle: 39394
@!@!@ENDMSG 2221 @!@!@
@!@!@STARTMSG 2221:0 @!@!@
  |line 472, col 41 to line 472, col 80 of module three_party_one_cycle: 5506
@!@!@ENDMSG 2221 @!@!@
@!@!@STARTMSG 2221:0 @!@!@
  line 473, col 21 to line 473, col 71 of module three_party_one_cycle: 954
@!@!@ENDMSG 2221 @!@!@
@!@!@STARTMSG 2221:0 @!@!@
  line 474, col 27 to line 474, col 81 of module three_party_one_cycle: 38440
@!@!@ENDMSG 2221 @!@!@
@!@!@STARTMSG 2221:0 @!@!@
  |line 474, col 27 to line 474, col 62 of module three_party_one_cycle: 38440
@!@!@ENDMSG 2221 @!@!@
@!@!@STARTMSG 2221:0 @!@!@
  ||line 474, col 27 to line 474, col 42 of module three_party_one_cycle: 38440
@!@!@ENDMSG 2221 @!@!@
@!@!@STARTMSG 2221:0 @!@!@
  ||line 474, col 45 to line 474, col 62 of module three_party_one_cycle: 26120
@!@!@ENDMSG 2221 @!@!@
@!@!@STARTMSG 2221:0 @!@!@
  |line 474, col 65 to line 474, col 81 of module three_party_one_cycle: 19268
@!@!@ENDMSG 2221 @!@!@
@!@!@STARTMSG 2221:0 @!@!@
  line 475, col 32 to line 475, col 82 of module three_party_one_cycle: 14604
@!@!@ENDMSG 2221 @!@!@
@!@!@STARTMSG 2221:0 @!@!@
  line 476, col 38 to line 476, col 72 of module three_party_one_cycle: 23836
@!@!@ENDMSG 2221 @!@!@
@!@!@STARTMSG 2221:0 @!@!@
  |line 476, col 38 to line 476, col 54 of module three_party_one_cycle: 23836
@!@!@ENDMSG 2221 @!@!@
@!@!@STARTMSG 2221:0 @!@!@
  |line 476, col 57 to line 476, col 72 of module three_party_one_cycle: 12320
@!@!@ENDMSG 2221 @!@!@
@!@!@STARTMSG 2221:0 @!@!@
  line 477, col 43 to line 477, col 93 of module three_party_one_cycle: 1038
@!@!@ENDMSG 2221 @!@!@
@!@!@STARTMSG 2221:0 @!@!@
  line 478, col 46 to line 478, col 49 of module three_party_one_cycle: 22798
@!@!@ENDMSG 2221 @!@!@
@!@!@STARTMSG 2221:0 @!@!@
  line 479, col 46 to line 479, col 65 of module three_party_one_cycle: 22798
@!@!@ENDMSG 2221 @!@!@
@!@!@STARTMSG 2221:0 @!@!@
  line 480, col 13 to line 480, col 69 of module three_party_one_cycle: 39394
@!@!@ENDMSG 2221 @!@!@
@!@!@STARTMSG 2221:0 @!@!@
  line 481, col 13 to line 481, col 51 of module three_party_one_cycle: 39394
@!@!@ENDMSG 2221 @!@!@
@!@!@STARTMSG 2221:0 @!@!@
  line 482, col 13 to line 482, col 50 of module three_party_one_cycle: 39394
@!@!@ENDMSG 2221 @!@!@
@!@!@STARTMSG 2772:0 @!@!@
<S_C_R line 484, col 1 to line 484, col 5 of module three_party_one_cycle>: 18146:171898
@!@!@ENDMSG 2772 @!@!@
@!@!@STARTMSG 2221:0 @!@!@
  line 484, col 13 to line 484, col 34 of module three_party_one_cycle: 643468
@!@!@ENDMSG 2221 @!@!@
@!@!@STARTMSG 2221:0 @!@!@
  |line 484, col 13 to line 484, col 24 of module three_party_one_cycle: 471570
@!@!@ENDMSG 2221 @!@!@
@!@!@STARTMSG 2221:0 @!@!@
  line 485, col 16 to line 485, col 108 of module three_party_one_cycle: 171898
@!@!@ENDMSG 2221 @!@!@
@!@!@STARTMSG 2221:0 @!@!@
  |line 485, col 16 to line 485, col 68 of module three_party_one_cycle: 171898
@!@!@ENDMSG 2221 @!@!@
@!@!@STARTMSG 2221:0 @!@!@
  ||line 485, col 16 to line 485, col 30 of module three_party_one_cycle: 171898
@!@!@ENDMSG 2221 @!@!@
@!@!@STARTMSG 2221:0 @!@!@
  ||line 485, col 33 to line 485, col 68 of module three_party_one_cycle: 141906
@!@!@ENDMSG 2221 @!@!@
@!@!@STARTMSG 2221:0 @!@!@
  |line 485, col 73 to line 485, col 108 of module three_party_one_cycle: 86328
@!@!@ENDMSG 2221 @!@!@
@!@!@STARTMSG 2221:0 @!@!@
  line 486, col 24 to line 486, col 90 of module three_party_one_cycle: 86328
@!@!@ENDMSG 2221 @!@!@
@!@!@STARTMSG 2221:0 @!@!@
  line 487, col 27 to line 487, col 64 of module three_party_one_cycle: 86328
@!@!@ENDMSG 2221 @!@!@
@!@!@STARTMSG 2221:0 @!@!@
  line 488, col 32 to line 488, col 107 of module three_party_one_cycle: 86328
@!@!@ENDMSG 2221 @!@!@
@!@!@STARTMSG 2221:0 @!@!@
  line 490, col 35 to line 490, col 60 of module three_party_one_cycle: 0
@!@!@ENDMSG 2221 @!@!@
@!@!@STARTMSG 2221:0 @!@!@
  line 491, col 24 to line 492, col 124 of module three_party_one_cycle: 86328
@!@!@ENDMSG 2221 @!@!@
@!@!@STARTMSG 2221:0 @!@!@
  line 493, col 24 to line 493, col 70 of module three_party_one_cycle: 86328
@!@!@ENDMSG 2221 @!@!@
@!@!@STARTMSG 2221:0 @!@!@
  line 494, col 27 to line 494, col 81 of module three_party_one_cycle: 85570
@!@!@ENDMSG 2221 @!@!@
@!@!@STARTMSG 2221:0 @!@!@
  |line 494, col 27 to line 494, col 41 of module three_party_one_cycle: 85570
@!@!@ENDMSG 2221 @!@!@
@!@!@STARTMSG 2221:0 @!@!@
  |line 494, col 46 to line 494, col 81 of module three_party_one_cycle: 55578
@!@!@ENDMSG 2221 @!@!@
@!@!@STARTMSG 2221:0 @!@!@
  line 495, col 35 to line 495, col 101 of module three_party_one_cycle: 55578
@!@!@ENDMSG 2221 @!@!@
@!@!@STARTMSG 2221:0 @!@!@
  line 496, col 38 to line 496, col 75 of module three_party_one_cycle: 55578
@!@!@ENDMSG 2221 @!@!@
@!@!@STARTMSG 2221:0 @!@!@
  line 497, col 43 to line 499, col 150 of module three_party_one_cycle: 55578
@!@!@ENDMSG 2221 @!@!@
@!@!@STARTMSG 2221:0 @!@!@
  line 501, col 46 to line 502, col 67 of module three_party_one_cycle: 0
@!@!@ENDMSG 2221 @!@!@
@!@!@STARTMSG 2221:0 @!@!@
  line 503, col 35 to line 503, col 38 of module three_party_one_cycle: 29992
@!@!@ENDMSG 2221 @!@!@
@!@!@STARTMSG 2221:0 @!@!@
  line 504, col 35 to line 505, col 74 of module three_party_one_cycle: 29992
@!@!@ENDMSG 2221 @!@!@
@!@!@STARTMSG 2221:0 @!@!@
  line 506, col 24 to line 506, col 43 of module three_party_one_cycle: 85570
@!@!@ENDMSG 2221 @!@!@
@!@!@STARTMSG 2221:0 @!@!@
  line 507, col 16 to line 507, col 76 of module three_party_one_cycle: 171898
@!@!@ENDMSG 2221 @!@!@
@!@!@STARTMSG 2221:0 @!@!@
  |line 507, col 16 to line 507, col 58 of module three_party_one_cycle: 171898
@!@!@ENDMSG 2221 @!@!@
@!@!@STARTMSG 2221:0 @!@!@
  |line 507, col 61 to line 507, col 76 of module three_party_one_cycle: 114330
@!@!@ENDMSG 2221 @!@!@
@!@!@STARTMSG 2221:0 @!@!@
  line 508, col 21 to line 508, col 73 of module three_party_one_cycle: 54010
@!@!@ENDMSG 2221 @!@!@
@!@!@STARTMSG 2221:0 @!@!@
  line 509, col 27 to line 509, col 82 of module three_party_one_cycle: 117888
@!@!@ENDMSG 2221 @!@!@
@!@!@STARTMSG 2221:0 @!@!@
  |line 509, col 27 to line 509, col 47 of module three_party_one_cycle: 117888
@!@!@ENDMSG 2221 @!@!@
@!@!@STARTMSG 2221:0 @!@!@
  |line 509, col 52 to line 509, col 82 of module three_party_one_cycle: 36524
@!@!@ENDMSG 2221 @!@!@
@!@!@STARTMSG 2221:0 @!@!@
  line 510, col 32 to line 510, col 84 of module three_party_one_cycle: 5938
@!@!@ENDMSG 2221 @!@!@
@!@!@STARTMSG 2221:0 @!@!@
  line 511, col 38 to line 511, col 90 of module three_party_one_cycle: 111950
@!@!@ENDMSG 2221 @!@!@
@!@!@STARTMSG 2221:0 @!@!@
  |line 511, col 38 to line 511, col 71 of module three_party_one_cycle: 111950
@!@!@ENDMSG 2221 @!@!@
@!@!@STARTMSG 2221:0 @!@!@
  ||line 511, col 38 to line 511, col 53 of module three_party_one_cycle: 111950
@!@!@ENDMSG 2221 @!@!@
@!@!@STARTMSG 2221:0 @!@!@
  ||line 511, col 56 to line 511, col 71 of module three_party_one_cycle: 57568
@!@!@ENDMSG 2221 @!@!@
@!@!@STARTMSG 2221:0 @!@!@
  |line 511, col 74 to line 511, col 90 of module three_party_one_cycle: 48638
@!@!@ENDMSG 2221 @!@!@
@!@!@STARTMSG 2221:0 @!@!@
  line 512, col 43 to line 512, col 95 of module three_party_one_cycle: 16320
@!@!@ENDMSG 2221 @!@!@
@!@!@STARTMSG 2221:0 @!@!@
  line 513, col 46 to line 513, col 49 of module three_party_one_cycle: 95630
@!@!@ENDMSG 2221 @!@!@
@!@!@STARTMSG 2221:0 @!@!@
  line 514, col 46 to line 514, col 65 of module three_party_one_cycle: 95630
@!@!@ENDMSG 2221 @!@!@
@!@!@STARTMSG 2221:0 @!@!@
  line 515, col 13 to line 515, col 69 of module three_party_one_cycle: 171898
@!@!@ENDMSG 2221 @!@!@
@!@!@STARTMSG 2221:0 @!@!@
  line 516, col 13 to line 516, col 50 of module three_party_one_cycle: 171898
@!@!@ENDMSG 2221 @!@!@
@!@!@STARTMSG 2221:0 @!@!@
  line 517, col 13 to line 517, col 42 of module three_party_one_cycle: 171898
@!@!@ENDMSG 2221 @!@!@
@!@!@STARTMSG 2772:0 @!@!@
<S_A_D_P line 521, col 1 to line 521, col 7 of module three_party_one_cycle>: 704:16600
@!@!@ENDMSG 2772 @!@!@
@!@!@STARTMSG 2221:0 @!@!@
  line 521, col 15 to line 521, col 35 of module three_party_one_cycle: 488170
@!@!@ENDMSG 2221 @!@!@
@!@!@STARTMSG 2221:0 @!@!@
  |line 521, col 15 to line 521, col 23 of module three_party_one_cycle: 471570
@!@!@ENDMSG 2221 @!@!@
@!@!@STARTMSG 2221:0 @!@!@
  line 522, col 18 to line 522, col 98 of module three_party_one_cycle: 16600
@!@!@ENDMSG 2221 @!@!@
@!@!@STARTMSG 2221:0 @!@!@
  |line 522, col 18 to line 522, col 58 of module three_party_one_cycle: 16600
@!@!@ENDMSG 2221 @!@!@
@!@!@STARTMSG 2221:0 @!@!@
  |line 522, col 63 to line 522, col 98 of module three_party_one_cycle: 46
@!@!@ENDMSG 2221 @!@!@
@!@!@STARTMSG 2221:0 @!@!@
  line 523, col 23 to line 526, col 74 of module three_party_one_cycle: 46
@!@!@ENDMSG 2221 @!@!@
@!@!@STARTMSG 2221:0 @!@!@
  line 527, col 26 to line 527, col 29 of module three_party_one_cycle: 16554
@!@!@ENDMSG 2221 @!@!@
@!@!@STARTMSG 2221:0 @!@!@
  line 528, col 26 to line 528, col 69 of module three_party_one_cycle: 16554
@!@!@ENDMSG 2221 @!@!@
@!@!@STARTMSG 2221:0 @!@!@
  line 529, col 18 to line 529, col 36 of module three_party_one_cycle: 16600
@!@!@ENDMSG 2221 @!@!@
@!@!@STARTMSG 2221:0 @!@!@
  line 530, col 23 to line 530, col 75 of module three_party_one_cycle: 16554
@!@!@ENDMSG 2221 @!@!@
@!@!@STARTMSG 2221:0 @!@!@
  line 531, col 26 to line 531, col 29 of module three_party_one_cycle: 46
@!@!@ENDMSG 2221 @!@!@
@!@!@STARTMSG 2221:0 @!@!@
  line 532, col 26 to line 532, col 45 of module three_party_one_cycle: 46
@!@!@ENDMSG 2221 @!@!@
@!@!@STARTMSG 2221:0 @!@!@
  line 533, col 15 to line 533, col 73 of module three_party_one_cycle: 16600
@!@!@ENDMSG 2221 @!@!@
@!@!@STARTMSG 2221:0 @!@!@
  line 534, col 15 to line 534, col 50 of module three_party_one_cycle: 16600
@!@!@ENDMSG 2221 @!@!@
@!@!@STARTMSG 2221:0 @!@!@
  line 535, col 15 to line 535, col 68 of module three_party_one_cycle: 16600
@!@!@ENDMSG 2221 @!@!@
@!@!@STARTMSG 2772:0 @!@!@
<S_C_E line 537, col 1 to line 537, col 5 of module three_party_one_cycle>: 8163:41096
@!@!@ENDMSG 2772 @!@!@
@!@!@STARTMSG 2221:0 @!@!@
  line 537, col 13 to line 537, col 31 of module three_party_one_cycle: 512666
@!@!@ENDMSG 2221 @!@!@
@!@!@STARTMSG 2221:0 @!@!@
  |line 537, col 13 to line 537, col 21 of module three_party_one_cycle: 471570
@!@!@ENDMSG 2221 @!@!@
@!@!@STARTMSG 2221:0 @!@!@
  line 538, col 16 to line 538, col 113 of module three_party_one_cycle: 41096
@!@!@ENDMSG 2221 @!@!@
@!@!@STARTMSG 2221:0 @!@!@
  |line 538, col 16 to line 538, col 75 of module three_party_one_cycle: 41096
@!@!@ENDMSG 2221 @!@!@
@!@!@STARTMSG 2221:0 @!@!@
  ||line 538, col 16 to line 538, col 32 of module three_party_one_cycle: 41096
@!@!@ENDMSG 2221 @!@!@
@!@!@STARTMSG 2221:0 @!@!@
  ||line 538, col 37 to line 538, col 75 of module three_party_one_cycle: 24542
@!@!@ENDMSG 2221 @!@!@
@!@!@STARTMSG 2221:0 @!@!@
  |line 538, col 79 to line 538, col 113 of module three_party_one_cycle: 8798
@!@!@ENDMSG 2221 @!@!@
@!@!@STARTMSG 2221:0 @!@!@
  line 539, col 24 to line 541, col 109 of module three_party_one_cycle: 8798
@!@!@ENDMSG 2221 @!@!@
@!@!@STARTMSG 2221:0 @!@!@
  line 542, col 24 to line 542, col 70 of module three_party_one_cycle: 8798
@!@!@ENDMSG 2221 @!@!@
@!@!@STARTMSG 2221:0 @!@!@
  line 543, col 24 to line 543, col 49 of module three_party_one_cycle: 8798
@!@!@ENDMSG 2221 @!@!@
@!@!@STARTMSG 2221:0 @!@!@
  line 544, col 27 to line 544, col 64 of module three_party_one_cycle: 32298
@!@!@ENDMSG 2221 @!@!@
@!@!@STARTMSG 2221:0 @!@!@
  line 545, col 32 to line 545, col 107 of module three_party_one_cycle: 15744
@!@!@ENDMSG 2221 @!@!@
@!@!@STARTMSG 2221:0 @!@!@
  line 546, col 35 to line 546, col 38 of module three_party_one_cycle: 16554
@!@!@ENDMSG 2221 @!@!@
@!@!@STARTMSG 2221:0 @!@!@
  line 547, col 35 to line 547, col 60 of module three_party_one_cycle: 16554
@!@!@ENDMSG 2221 @!@!@
@!@!@STARTMSG 2221:0 @!@!@
  line 548, col 24 to line 548, col 65 of module three_party_one_cycle: 32298
@!@!@ENDMSG 2221 @!@!@
@!@!@STARTMSG 2221:0 @!@!@
  line 549, col 16 to line 549, col 77 of module three_party_one_cycle: 41096
@!@!@ENDMSG 2221 @!@!@
@!@!@STARTMSG 2221:0 @!@!@
  |line 549, col 16 to line 549, col 36 of module three_party_one_cycle: 41096
@!@!@ENDMSG 2221 @!@!@
@!@!@STARTMSG 2221:0 @!@!@
  |line 549, col 40 to line 549, col 77 of module three_party_one_cycle: 5252
@!@!@ENDMSG 2221 @!@!@
@!@!@STARTMSG 2221:0 @!@!@
  line 550, col 21 to line 550, col 73 of module three_party_one_cycle: 1736
@!@!@ENDMSG 2221 @!@!@
@!@!@STARTMSG 2221:0 @!@!@
  line 551, col 27 to line 551, col 61 of module three_party_one_cycle: 39360
@!@!@ENDMSG 2221 @!@!@
@!@!@STARTMSG 2221:0 @!@!@
  |line 551, col 27 to line 551, col 43 of module three_party_one_cycle: 39360
@!@!@ENDMSG 2221 @!@!@
@!@!@STARTMSG 2221:0 @!@!@
  |line 551, col 46 to line 551, col 61 of module three_party_one_cycle: 9566
@!@!@ENDMSG 2221 @!@!@
@!@!@STARTMSG 2221:0 @!@!@
  line 552, col 32 to line 552, col 84 of module three_party_one_cycle: 1152
@!@!@ENDMSG 2221 @!@!@
@!@!@STARTMSG 2221:0 @!@!@
  line 553, col 38 to line 553, col 92 of module three_party_one_cycle: 38208
@!@!@ENDMSG 2221 @!@!@
@!@!@STARTMSG 2221:0 @!@!@
  |line 553, col 38 to line 553, col 73 of module three_party_one_cycle: 38208
@!@!@ENDMSG 2221 @!@!@
@!@!@STARTMSG 2221:0 @!@!@
  ||line 553, col 38 to line 553, col 53 of module three_party_one_cycle: 38208
@!@!@ENDMSG 2221 @!@!@
@!@!@STARTMSG 2221:0 @!@!@
  ||line 553, col 56 to line 553, col 73 of module three_party_one_cycle: 29794
@!@!@ENDMSG 2221 @!@!@
@!@!@STARTMSG 2221:0 @!@!@
  |line 553, col 76 to line 553, col 92 of module three_party_one_cycle: 18240
@!@!@ENDMSG 2221 @!@!@
@!@!@STARTMSG 2221:0 @!@!@
  line 554, col 43 to line 554, col 95 of module three_party_one_cycle: 11592
@!@!@ENDMSG 2221 @!@!@
@!@!@STARTMSG 2221:0 @!@!@
  line 555, col 46 to line 555, col 49 of module three_party_one_cycle: 26616
@!@!@ENDMSG 2221 @!@!@
@!@!@STARTMSG 2221:0 @!@!@
  line 556, col 46 to line 556, col 65 of module three_party_one_cycle: 26616
@!@!@ENDMSG 2221 @!@!@
@!@!@STARTMSG 2221:0 @!@!@
  line 557, col 13 to line 557, col 69 of module three_party_one_cycle: 41096
@!@!@ENDMSG 2221 @!@!@
@!@!@STARTMSG 2221:0 @!@!@
  line 558, col 13 to line 558, col 48 of module three_party_one_cycle: 41096
@!@!@ENDMSG 2221 @!@!@
@!@!@STARTMSG 2221:0 @!@!@
  line 559, col 13 to line 559, col 50 of module three_party_one_cycle: 41096
@!@!@ENDMSG 2221 @!@!@
@!@!@STARTMSG 2772:0 @!@!@
<S_A_R line 561, col 1 to line 561, col 5 of module three_party_one_cycle>: 16945:148762
@!@!@ENDMSG 2772 @!@!@
@!@!@STARTMSG 2221:0 @!@!@
  line 561, col 13 to line 561, col 31 of module three_party_one_cycle: 620332
@!@!@ENDMSG 2221 @!@!@
@!@!@STARTMSG 2221:0 @!@!@
  |line 561, col 13 to line 561, col 21 of module three_party_one_cycle: 471570
@!@!@ENDMSG 2221 @!@!@
@!@!@STARTMSG 2221:0 @!@!@
  line 562, col 16 to line 562, col 110 of module three_party_one_cycle: 148762
@!@!@ENDMSG 2221 @!@!@
@!@!@STARTMSG 2221:0 @!@!@
  |line 562, col 16 to line 562, col 70 of module three_party_one_cycle: 148762
@!@!@ENDMSG 2221 @!@!@
@!@!@STARTMSG 2221:0 @!@!@
  ||line 562, col 16 to line 562, col 30 of module three_party_one_cycle: 148762
@!@!@ENDMSG 2221 @!@!@
@!@!@STARTMSG 2221:0 @!@!@
  ||line 562, col 33 to line 562, col 70 of module three_party_one_cycle: 119492
@!@!@ENDMSG 2221 @!@!@
@!@!@STARTMSG 2221:0 @!@!@
  |line 562, col 73 to line 562, col 110 of module three_party_one_cycle: 53300
@!@!@ENDMSG 2221 @!@!@
@!@!@STARTMSG 2221:0 @!@!@
  line 563, col 24 to line 563, col 92 of module three_party_one_cycle: 53300
@!@!@ENDMSG 2221 @!@!@
@!@!@STARTMSG 2221:0 @!@!@
  line 564, col 27 to line 564, col 66 of module three_party_one_cycle: 53300
@!@!@ENDMSG 2221 @!@!@
@!@!@STARTMSG 2221:0 @!@!@
  line 565, col 32 to line 565, col 107 of module three_party_one_cycle: 53300
@!@!@ENDMSG 2221 @!@!@
@!@!@STARTMSG 2221:0 @!@!@
  line 567, col 35 to line 567, col 60 of module three_party_one_cycle: 0
@!@!@ENDMSG 2221 @!@!@
@!@!@STARTMSG 2221:0 @!@!@
  line 568, col 24 to line 569, col 126 of module three_party_one_cycle: 53300
@!@!@ENDMSG 2221 @!@!@
@!@!@STARTMSG 2221:0 @!@!@
  line 570, col 24 to line 570, col 70 of module three_party_one_cycle: 53300
@!@!@ENDMSG 2221 @!@!@
@!@!@STARTMSG 2221:0 @!@!@
  line 571, col 27 to line 571, col 82 of module three_party_one_cycle: 95462
@!@!@ENDMSG 2221 @!@!@
@!@!@STARTMSG 2221:0 @!@!@
  |line 571, col 27 to line 571, col 41 of module three_party_one_cycle: 95462
@!@!@ENDMSG 2221 @!@!@
@!@!@STARTMSG 2221:0 @!@!@
  |line 571, col 45 to line 571, col 82 of module three_party_one_cycle: 66192
@!@!@ENDMSG 2221 @!@!@
@!@!@STARTMSG 2221:0 @!@!@
  line 572, col 35 to line 572, col 103 of module three_party_one_cycle: 66192
@!@!@ENDMSG 2221 @!@!@
@!@!@STARTMSG 2221:0 @!@!@
  line 573, col 38 to line 573, col 77 of module three_party_one_cycle: 66192
@!@!@ENDMSG 2221 @!@!@
@!@!@STARTMSG 2221:0 @!@!@
  line 574, col 43 to line 576, col 150 of module three_party_one_cycle: 66192
@!@!@ENDMSG 2221 @!@!@
@!@!@STARTMSG 2221:0 @!@!@
  line 578, col 46 to line 579, col 67 of module three_party_one_cycle: 0
@!@!@ENDMSG 2221 @!@!@
@!@!@STARTMSG 2221:0 @!@!@
  line 580, col 35 to line 580, col 38 of module three_party_one_cycle: 29270
@!@!@ENDMSG 2221 @!@!@
@!@!@STARTMSG 2221:0 @!@!@
  line 581, col 35 to line 582, col 74 of module three_party_one_cycle: 29270
@!@!@ENDMSG 2221 @!@!@
@!@!@STARTMSG 2221:0 @!@!@
  line 583, col 24 to line 583, col 43 of module three_party_one_cycle: 95462
@!@!@ENDMSG 2221 @!@!@
@!@!@STARTMSG 2221:0 @!@!@
  line 584, col 16 to line 584, col 79 of module three_party_one_cycle: 148762
@!@!@ENDMSG 2221 @!@!@
@!@!@STARTMSG 2221:0 @!@!@
  line 585, col 24 to line 585, col 73 of module three_party_one_cycle: 0
@!@!@ENDMSG 2221 @!@!@
@!@!@STARTMSG 2221:0 @!@!@
  line 586, col 27 to line 586, col 61 of module three_party_one_cycle: 148762
@!@!@ENDMSG 2221 @!@!@
@!@!@STARTMSG 2221:0 @!@!@
  |line 586, col 27 to line 586, col 42 of module three_party_one_cycle: 148762
@!@!@ENDMSG 2221 @!@!@
@!@!@STARTMSG 2221:0 @!@!@
  |line 586, col 45 to line 586, col 61 of module three_party_one_cycle: 119492
@!@!@ENDMSG 2221 @!@!@
@!@!@STARTMSG 2221:0 @!@!@
  line 587, col 32 to line 587, col 84 of module three_party_one_cycle: 66192
@!@!@ENDMSG 2221 @!@!@
@!@!@STARTMSG 2221:0 @!@!@
  line 588, col 38 to line 588, col 72 of module three_party_one_cycle: 82570
@!@!@ENDMSG 2221 @!@!@
@!@!@STARTMSG 2221:0 @!@!@
  |line 588, col 38 to line 588, col 54 of module three_party_one_cycle: 82570
@!@!@ENDMSG 2221 @!@!@
@!@!@STARTMSG 2221:0 @!@!@
  |line 588, col 57 to line 588, col 72 of module three_party_one_cycle: 29270
@!@!@ENDMSG 2221 @!@!@
@!@!@STARTMSG 2221:0 @!@!@
  line 589, col 46 to line 589, col 95 of module three_party_one_cycle: 0
@!@!@ENDMSG 2221 @!@!@
@!@!@STARTMSG 2221:0 @!@!@
  line 590, col 46 to line 590, col 49 of module three_party_one_cycle: 82570
@!@!@ENDMSG 2221 @!@!@
@!@!@STARTMSG 2221:0 @!@!@
  line 591, col 46 to line 591, col 65 of module three_party_one_cycle: 82570
@!@!@ENDMSG 2221 @!@!@
@!@!@STARTMSG 2221:0 @!@!@
  line 592, col 13 to line 592, col 69 of module three_party_one_cycle: 148762
@!@!@ENDMSG 2221 @!@!@
@!@!@STARTMSG 2221:0 @!@!@
  line 593, col 13 to line 593, col 47 of module three_party_one_cycle: 148762
@!@!@ENDMSG 2221 @!@!@
@!@!@STARTMSG 2221:0 @!@!@
  line 594, col 13 to line 594, col 42 of module three_party_one_cycle: 148762
@!@!@ENDMSG 2221 @!@!@
@!@!@STARTMSG 2772:0 @!@!@
<tick line 598, col 1 to line 598, col 4 of module three_party_one_cycle>: 227307:235785
@!@!@ENDMSG 2772 @!@!@
@!@!@STARTMSG 2221:0 @!@!@
  line 598, col 12 to line 598, col 29 of module three_party_one_cycle: 707355
@!@!@ENDMSG 2221 @!@!@
@!@!@STARTMSG 2221:0 @!@!@
  |line 598, col 12 to line 598, col 20 of module three_party_one_cycle: 471570
@!@!@ENDMSG 2221 @!@!@
@!@!@STARTMSG 2221:0 @!@!@
  line 599, col 16 to line 599, col 27 of module three_party_one_cycle: 235785
@!@!@ENDMSG 2221 @!@!@
@!@!@STARTMSG 2221:0 @!@!@
  line 600, col 20 to line 600, col 56 of module three_party_one_cycle: 175068
@!@!@ENDMSG 2221 @!@!@
@!@!@STARTMSG 2221:0 @!@!@
  line 601, col 20 to line 601, col 57 of module three_party_one_cycle: 60717
@!@!@ENDMSG 2221 @!@!@
@!@!@STARTMSG 2221:0 @!@!@
  line 602, col 12 to line 603, col 73 of module three_party_one_cycle: 235785
@!@!@ENDMSG 2221 @!@!@
@!@!@STARTMSG 2772:0 @!@!@
<tok line 605, col 1 to line 605, col 3 of module three_party_one_cycle>: 172108:175068
@!@!@ENDMSG 2772 @!@!@
@!@!@STARTMSG 2221:0 @!@!@
  line 605, col 11 to line 605, col 27 of module three_party_one_cycle: 646638
@!@!@ENDMSG 2221 @!@!@
@!@!@STARTMSG 2221:0 @!@!@
  |line 605, col 11 to line 605, col 19 of module three_party_one_cycle: 471570
@!@!@ENDMSG 2221 @!@!@
@!@!@STARTMSG 2221:0 @!@!@
  line 606, col 11 to line 606, col 28 of module three_party_one_cycle: 175068
@!@!@ENDMSG 2221 @!@!@
@!@!@STARTMSG 2221:0 @!@!@
  line 607, col 11 to line 607, col 45 of module three_party_one_cycle: 175068
@!@!@ENDMSG 2221 @!@!@
@!@!@STARTMSG 2221:0 @!@!@
  line 608, col 11 to line 609, col 65 of module three_party_one_cycle: 175068
@!@!@ENDMSG 2221 @!@!@
@!@!@STARTMSG 2772:0 @!@!@
<Terminating line 614, col 1 to line 614, col 11 of module three_party_one_cycle>: 0:12462
@!@!@ENDMSG 2772 @!@!@
@!@!@STARTMSG 2221:0 @!@!@
  line 614, col 40 to line 614, col 56 of module three_party_one_cycle: 805704
@!@!@ENDMSG 2221 @!@!@
@!@!@STARTMSG 2221:0 @!@!@
  |line 614, col 40 to line 614, col 47 of module three_party_one_cycle: 755856
@!@!@ENDMSG 2221 @!@!@
@!@!@STARTMSG 2221:0 @!@!@
  line 614, col 31 to line 614, col 37 of module three_party_one_cycle: 471570
@!@!@ENDMSG 2221 @!@!@
@!@!@STARTMSG 2221:0 @!@!@
  line 615, col 19 to line 615, col 32 of module three_party_one_cycle: 12462
@!@!@ENDMSG 2221 @!@!@
@!@!@STARTMSG 2774:0 @!@!@
<liveness line 325, col 1 to line 325, col 8 of module three_party_one_cycle>
@!@!@ENDMSG 2774 @!@!@
@!@!@STARTMSG 2221:0 @!@!@
  line 325, col 13 to line 325, col 275 of module three_party_one_cycle: 471570
@!@!@ENDMSG 2221 @!@!@
@!@!@STARTMSG 2221:0 @!@!@
  |line 325, col 14 to line 325, col 25 of module three_party_one_cycle: 471570
@!@!@ENDMSG 2221 @!@!@
@!@!@STARTMSG 2221:0 @!@!@
  ||line 324, col 16 to line 324, col 78 of module three_party_one_cycle: 471570
@!@!@ENDMSG 2221 @!@!@
@!@!@STARTMSG 2221:0 @!@!@
  |||line 324, col 18 to line 324, col 78 of module three_party_one_cycle: 471570
@!@!@ENDMSG 2221 @!@!@
@!@!@STARTMSG 2221:0 @!@!@
  ||||line 324, col 18 to line 324, col 59 of module three_party_one_cycle: 471570
@!@!@ENDMSG 2221 @!@!@
@!@!@STARTMSG 2221:0 @!@!@
  |||||line 324, col 18 to line 324, col 42 of module three_party_one_cycle: 471570
@!@!@ENDMSG 2221 @!@!@
@!@!@STARTMSG 2221:0 @!@!@
  ||||||line 324, col 18 to line 324, col 23 of module three_party_one_cycle: 471570
@!@!@ENDMSG 2221 @!@!@
@!@!@STARTMSG 2221:0 @!@!@
  |||||||line 323, col 11 to line 323, col 77 of module three_party_one_cycle: 471570
@!@!@ENDMSG 2221 @!@!@
@!@!@STARTMSG 2221:0 @!@!@
  ||||||||line 323, col 14 to line 323, col 77 of module three_party_one_cycle: 471570
@!@!@ENDMSG 2221 @!@!@
@!@!@STARTMSG 2221:0 @!@!@
  |||||||||line 323, col 14 to line 323, col 55 of module three_party_one_cycle: 471570
@!@!@ENDMSG 2221 @!@!@
@!@!@STARTMSG 2221:0 @!@!@
  ||||||||||line 323, col 14 to line 323, col 33 of module three_party_one_cycle: 471570
@!@!@ENDMSG 2221 @!@!@
@!@!@STARTMSG 2221:0 @!@!@
  ||||||||||line 323, col 36 to line 323, col 55 of module three_party_one_cycle: 265112
@!@!@ENDMSG 2221 @!@!@
@!@!@STARTMSG 2221:0 @!@!@
  |||||||||line 323, col 58 to line 323, col 77 of module three_party_one_cycle: 133638
@!@!@ENDMSG 2221 @!@!@
@!@!@STARTMSG 2221:0 @!@!@
  ||||||line 324, col 26 to line 324, col 42 of module three_party_one_cycle: 71462
@!@!@ENDMSG 2221 @!@!@
@!@!@STARTMSG 2221:0 @!@!@
  |||||line 324, col 45 to line 324, col 59 of module three_party_one_cycle: 23428
@!@!@ENDMSG 2221 @!@!@
@!@!@STARTMSG 2221:0 @!@!@
  ||||line 324, col 62 to line 324, col 78 of module three_party_one_cycle: 6602
@!@!@ENDMSG 2221 @!@!@
@!@!@STARTMSG 2221:0 @!@!@
  |line 325, col 31 to line 325, col 274 of module three_party_one_cycle: 1650
@!@!@ENDMSG 2221 @!@!@
@!@!@STARTMSG 2774:0 @!@!@
<safe_alice line 329, col 1 to line 329, col 10 of module three_party_one_cycle>
@!@!@ENDMSG 2774 @!@!@
@!@!@STARTMSG 2221:0 @!@!@
  line 329, col 15 to line 329, col 92 of module three_party_one_cycle: 471570
@!@!@ENDMSG 2221 @!@!@
@!@!@STARTMSG 2221:0 @!@!@
  |line 329, col 16 to line 329, col 42 of module three_party_one_cycle: 471570
@!@!@ENDMSG 2221 @!@!@
@!@!@STARTMSG 2221:0 @!@!@
  ||line 329, col 18 to line 329, col 42 of module three_party_one_cycle: 471570
@!@!@ENDMSG 2221 @!@!@
@!@!@STARTMSG 2221:0 @!@!@
  |||line 329, col 18 to line 329, col 23 of module three_party_one_cycle: 471570
@!@!@ENDMSG 2221 @!@!@
@!@!@STARTMSG 2221:0 @!@!@
  ||||line 323, col 11 to line 323, col 77 of module three_party_one_cycle: 471570
@!@!@ENDMSG 2221 @!@!@
@!@!@STARTMSG 2221:0 @!@!@
  |||||line 323, col 14 to line 323, col 77 of module three_party_one_cycle: 471570
@!@!@ENDMSG 2221 @!@!@
@!@!@STARTMSG 2221:0 @!@!@
  ||||||line 323, col 14 to line 323, col 55 of module three_party_one_cycle: 471570
@!@!@ENDMSG 2221 @!@!@
@!@!@STARTMSG 2221:0 @!@!@
  |||||||line 323, col 14 to line 323, col 33 of module three_party_one_cycle: 471570
@!@!@ENDMSG 2221 @!@!@
@!@!@STARTMSG 2221:0 @!@!@
  |||||||line 323, col 36 to line 323, col 55 of module three_party_one_cycle: 265112
@!@!@ENDMSG 2221 @!@!@
@!@!@STARTMSG 2221:0 @!@!@
  ||||||line 323, col 58 to line 323, col 77 of module three_party_one_cycle: 133638
@!@!@ENDMSG 2221 @!@!@
@!@!@STARTMSG 2221:0 @!@!@
  |||line 329, col 26 to line 329, col 42 of module three_party_one_cycle: 71462
@!@!@ENDMSG 2221 @!@!@
@!@!@STARTMSG 2221:0 @!@!@
  |line 329, col 48 to line 329, col 92 of module three_party_one_cycle: 23428
@!@!@ENDMSG 2221 @!@!@
@!@!@STARTMSG 2774:0 @!@!@
<safe_bob line 330, col 1 to line 330, col 8 of module three_party_one_cycle>
@!@!@ENDMSG 2774 @!@!@
@!@!@STARTMSG 2221:0 @!@!@
  line 330, col 13 to line 330, col 84 of module three_party_one_cycle: 471570
@!@!@ENDMSG 2221 @!@!@
@!@!@STARTMSG 2221:0 @!@!@
  |line 330, col 14 to line 330, col 38 of module three_party_one_cycle: 471570
@!@!@ENDMSG 2221 @!@!@
@!@!@STARTMSG 2221:0 @!@!@
  ||line 330, col 16 to line 330, col 38 of module three_party_one_cycle: 471570
@!@!@ENDMSG 2221 @!@!@
@!@!@STARTMSG 2221:0 @!@!@
  |||line 330, col 16 to line 330, col 21 of module three_party_one_cycle: 471570
@!@!@ENDMSG 2221 @!@!@
@!@!@STARTMSG 2221:0 @!@!@
  ||||line 323, col 11 to line 323, col 77 of module three_party_one_cycle: 471570
@!@!@ENDMSG 2221 @!@!@
@!@!@STARTMSG 2221:0 @!@!@
  |||||line 323, col 14 to line 323, col 77 of module three_party_one_cycle: 471570
@!@!@ENDMSG 2221 @!@!@
@!@!@STARTMSG 2221:0 @!@!@
  ||||||line 323, col 14 to line 323, col 55 of module three_party_one_cycle: 471570
@!@!@ENDMSG 2221 @!@!@
@!@!@STARTMSG 2221:0 @!@!@
  |||||||line 323, col 14 to line 323, col 33 of module three_party_one_cycle: 471570
@!@!@ENDMSG 2221 @!@!@
@!@!@STARTMSG 2221:0 @!@!@
  |||||||line 323, col 36 to line 323, col 55 of module three_party_one_cycle: 265112
@!@!@ENDMSG 2221 @!@!@
@!@!@STARTMSG 2221:0 @!@!@
  ||||||line 323, col 58 to line 323, col 77 of module three_party_one_cycle: 133638
@!@!@ENDMSG 2221 @!@!@
@!@!@STARTMSG 2221:0 @!@!@
  |||line 330, col 24 to line 330, col 38 of module three_party_one_cycle: 71462
@!@!@ENDMSG 2221 @!@!@
@!@!@STARTMSG 2221:0 @!@!@
  |line 330, col 44 to line 330, col 84 of module three_party_one_cycle: 18510
@!@!@ENDMSG 2221 @!@!@
@!@!@STARTMSG 2774:0 @!@!@
<safe_carol line 331, col 1 to line 331, col 10 of module three_party_one_cycle>
@!@!@ENDMSG 2774 @!@!@
@!@!@STARTMSG 2221:0 @!@!@
  line 331, col 15 to line 331, col 92 of module three_party_one_cycle: 471570
@!@!@ENDMSG 2221 @!@!@
@!@!@STARTMSG 2221:0 @!@!@
  |line 331, col 16 to line 331, col 42 of module three_party_one_cycle: 471570
@!@!@ENDMSG 2221 @!@!@
@!@!@STARTMSG 2221:0 @!@!@
  ||line 331, col 18 to line 331, col 42 of module three_party_one_cycle: 471570
@!@!@ENDMSG 2221 @!@!@
@!@!@STARTMSG 2221:0 @!@!@
  |||line 331, col 18 to line 331, col 23 of module three_party_one_cycle: 471570
@!@!@ENDMSG 2221 @!@!@
@!@!@STARTMSG 2221:0 @!@!@
  ||||line 323, col 11 to line 323, col 77 of module three_party_one_cycle: 471570
@!@!@ENDMSG 2221 @!@!@
@!@!@STARTMSG 2221:0 @!@!@
  |||||line 323, col 14 to line 323, col 77 of module three_party_one_cycle: 471570
@!@!@ENDMSG 2221 @!@!@
@!@!@STARTMSG 2221:0 @!@!@
  ||||||line 323, col 14 to line 323, col 55 of module three_party_one_cycle: 471570
@!@!@ENDMSG 2221 @!@!@
@!@!@STARTMSG 2221:0 @!@!@
  |||||||line 323, col 14 to line 323, col 33 of module three_party_one_cycle: 471570
@!@!@ENDMSG 2221 @!@!@
@!@!@STARTMSG 2221:0 @!@!@
  |||||||line 323, col 36 to line 323, col 55 of module three_party_one_cycle: 265112
@!@!@ENDMSG 2221 @!@!@
@!@!@STARTMSG 2221:0 @!@!@
  ||||||line 323, col 58 to line 323, col 77 of module three_party_one_cycle: 133638
@!@!@ENDMSG 2221 @!@!@
@!@!@STARTMSG 2221:0 @!@!@
  |||line 331, col 26 to line 331, col 42 of module three_party_one_cycle: 71462
@!@!@ENDMSG 2221 @!@!@
@!@!@STARTMSG 2221:0 @!@!@
  |line 331, col 48 to line 331, col 92 of module three_party_one_cycle: 21074
@!@!@ENDMSG 2221 @!@!@
@!@!@STARTMSG 2774:0 @!@!@
<compensated_alice line 326, col 1 to line 326, col 17 of module three_party_one_cycle>
@!@!@ENDMSG 2774 @!@!@
@!@!@STARTMSG 2221:0 @!@!@
  line 326, col 22 to line 326, col 141 of module three_party_one_cycle: 471570
@!@!@ENDMSG 2221 @!@!@
@!@!@STARTMSG 2221:0 @!@!@
  |line 326, col 23 to line 326, col 89 of module three_party_one_cycle: 471570
@!@!@ENDMSG 2221 @!@!@
@!@!@STARTMSG 2221:0 @!@!@
  ||line 326, col 25 to line 326, col 89 of module three_party_one_cycle: 471570
@!@!@ENDMSG 2221 @!@!@
@!@!@STARTMSG 2221:0 @!@!@
  |||line 326, col 25 to line 326, col 49 of module three_party_one_cycle: 471570
@!@!@ENDMSG 2221 @!@!@
@!@!@STARTMSG 2221:0 @!@!@
  ||||line 326, col 25 to line 326, col 30 of module three_party_one_cycle: 471570
@!@!@ENDMSG 2221 @!@!@
@!@!@STARTMSG 2221:0 @!@!@
  |||||line 323, col 11 to line 323, col 77 of module three_party_one_cycle: 471570
@!@!@ENDMSG 2221 @!@!@
@!@!@STARTMSG 2221:0 @!@!@
  ||||||line 323, col 14 to line 323, col 77 of module three_party_one_cycle: 471570
@!@!@ENDMSG 2221 @!@!@
@!@!@STARTMSG 2221:0 @!@!@
  |||||||line 323, col 14 to line 323, col 55 of module three_party_one_cycle: 471570
@!@!@ENDMSG 2221 @!@!@
@!@!@STARTMSG 2221:0 @!@!@
  ||||||||line 323, col 14 to line 323, col 33 of module three_party_one_cycle: 471570
@!@!@ENDMSG 2221 @!@!@
@!@!@STARTMSG 2221:0 @!@!@
  ||||||||line 323, col 36 to line 323, col 55 of module three_party_one_cycle: 265112
@!@!@ENDMSG 2221 @!@!@
@!@!@STARTMSG 2221:0 @!@!@
  |||||||line 323, col 58 to line 323, col 77 of module three_party_one_cycle: 133638
@!@!@ENDMSG 2221 @!@!@
@!@!@STARTMSG 2221:0 @!@!@
  ||||line 326, col 33 to line 326, col 49 of module three_party_one_cycle: 71462
@!@!@ENDMSG 2221 @!@!@
@!@!@STARTMSG 2221:0 @!@!@
  |||line 326, col 52 to line 326, col 89 of module three_party_one_cycle: 23428
@!@!@ENDMSG 2221 @!@!@
@!@!@STARTMSG 2221:0 @!@!@
  |line 326, col 95 to line 326, col 141 of module three_party_one_cycle: 3372
@!@!@ENDMSG 2221 @!@!@
@!@!@STARTMSG 2774:0 @!@!@
<compensated_bob line 327, col 1 to line 327, col 15 of module three_party_one_cycle>
@!@!@ENDMSG 2774 @!@!@
@!@!@STARTMSG 2221:0 @!@!@
  line 327, col 20 to line 327, col 131 of module three_party_one_cycle: 471570
@!@!@ENDMSG 2221 @!@!@
@!@!@STARTMSG 2221:0 @!@!@
  |line 327, col 21 to line 327, col 83 of module three_party_one_cycle: 471570
@!@!@ENDMSG 2221 @!@!@
@!@!@STARTMSG 2221:0 @!@!@
  ||line 327, col 23 to line 327, col 83 of module three_party_one_cycle: 471570
@!@!@ENDMSG 2221 @!@!@
@!@!@STARTMSG 2221:0 @!@!@
  |||line 327, col 23 to line 327, col 45 of module three_party_one_cycle: 471570
@!@!@ENDMSG 2221 @!@!@
@!@!@STARTMSG 2221:0 @!@!@
  ||||line 327, col 23 to line 327, col 28 of module three_party_one_cycle: 471570
@!@!@ENDMSG 2221 @!@!@
@!@!@STARTMSG 2221:0 @!@!@
  |||||line 323, col 11 to line 323, col 77 of module three_party_one_cycle: 471570
@!@!@ENDMSG 2221 @!@!@
@!@!@STARTMSG 2221:0 @!@!@
  ||||||line 323, col 14 to line 323, col 77 of module three_party_one_cycle: 471570
@!@!@ENDMSG 2221 @!@!@
@!@!@STARTMSG 2221:0 @!@!@
  |||||||line 323, col 14 to line 323, col 55 of module three_party_one_cycle: 471570
@!@!@ENDMSG 2221 @!@!@
@!@!@STARTMSG 2221:0 @!@!@
  ||||||||line 323, col 14 to line 323, col 33 of module three_party_one_cycle: 471570
@!@!@ENDMSG 2221 @!@!@
@!@!@STARTMSG 2221:0 @!@!@
  ||||||||line 323, col 36 to line 323, col 55 of module three_party_one_cycle: 265112
@!@!@ENDMSG 2221 @!@!@
@!@!@STARTMSG 2221:0 @!@!@
  |||||||line 323, col 58 to line 323, col 77 of module three_party_one_cycle: 133638
@!@!@ENDMSG 2221 @!@!@
@!@!@STARTMSG 2221:0 @!@!@
  ||||line 327, col 31 to line 327, col 45 of module three_party_one_cycle: 71462
@!@!@ENDMSG 2221 @!@!@
@!@!@STARTMSG 2221:0 @!@!@
  |||line 327, col 48 to line 327, col 83 of module three_party_one_cycle: 18510
@!@!@ENDMSG 2221 @!@!@
@!@!@STARTMSG 2221:0 @!@!@
  |line 327, col 89 to line 327, col 131 of module three_party_one_cycle: 5160
@!@!@ENDMSG 2221 @!@!@
@!@!@STARTMSG 2774:0 @!@!@
<compensated_carol line 328, col 1 to line 328, col 17 of module three_party_one_cycle>
@!@!@ENDMSG 2774 @!@!@
@!@!@STARTMSG 2221:0 @!@!@
  line 328, col 22 to line 328, col 141 of module three_party_one_cycle: 471570
@!@!@ENDMSG 2221 @!@!@
@!@!@STARTMSG 2221:0 @!@!@
  |line 328, col 23 to line 328, col 89 of module three_party_one_cycle: 471570
@!@!@ENDMSG 2221 @!@!@
@!@!@STARTMSG 2221:0 @!@!@
  ||line 328, col 25 to line 328, col 89 of module three_party_one_cycle: 471570
@!@!@ENDMSG 2221 @!@!@
@!@!@STARTMSG 2221:0 @!@!@
  |||line 328, col 25 to line 328, col 49 of module three_party_one_cycle: 471570
@!@!@ENDMSG 2221 @!@!@
@!@!@STARTMSG 2221:0 @!@!@
  ||||line 328, col 25 to line 328, col 30 of module three_party_one_cycle: 471570
@!@!@ENDMSG 2221 @!@!@
@!@!@STARTMSG 2221:0 @!@!@
  |||||line 323, col 11 to line 323, col 77 of module three_party_one_cycle: 471570
@!@!@ENDMSG 2221 @!@!@
@!@!@STARTMSG 2221:0 @!@!@
  ||||||line 323, col 14 to line 323, col 77 of module three_party_one_cycle: 471570
@!@!@ENDMSG 2221 @!@!@
@!@!@STARTMSG 2221:0 @!@!@
  |||||||line 323, col 14 to line 323, col 55 of module three_party_one_cycle: 471570
@!@!@ENDMSG 2221 @!@!@
@!@!@STARTMSG 2221:0 @!@!@
  ||||||||line 323, col 14 to line 323, col 33 of module three_party_one_cycle: 471570
@!@!@ENDMSG 2221 @!@!@
@!@!@STARTMSG 2221:0 @!@!@
  ||||||||line 323, col 36 to line 323, col 55 of module three_party_one_cycle: 265112
@!@!@ENDMSG 2221 @!@!@
@!@!@STARTMSG 2221:0 @!@!@
  |||||||line 323, col 58 to line 323, col 77 of module three_party_one_cycle: 133638
@!@!@ENDMSG 2221 @!@!@
@!@!@STARTMSG 2221:0 @!@!@
  ||||line 328, col 33 to line 328, col 49 of module three_party_one_cycle: 71462
@!@!@ENDMSG 2221 @!@!@
@!@!@STARTMSG 2221:0 @!@!@
  |||line 328, col 52 to line 328, col 89 of module three_party_one_cycle: 21074
@!@!@ENDMSG 2221 @!@!@
@!@!@STARTMSG 2221:0 @!@!@
  |line 328, col 95 to line 328, col 141 of module three_party_one_cycle: 6868
@!@!@ENDMSG 2221 @!@!@
@!@!@STARTMSG 2202:0 @!@!@
End of statistics.
@!@!@ENDMSG 2202 @!@!@
@!@!@STARTMSG 2200:0 @!@!@
Progress(29) at 2021-05-10 20:12:56: 1,095,420 states generated (4,051,608 s/min), 471,570 distinct states found (1,744,186 ds/min), 0 states left on queue.
@!@!@ENDMSG 2200 @!@!@
@!@!@STARTMSG 2199:0 @!@!@
1095420 states generated, 471570 distinct states found, 0 states left on queue.
@!@!@ENDMSG 2199 @!@!@
@!@!@STARTMSG 2194:0 @!@!@
The depth of the complete state graph search is 29.
@!@!@ENDMSG 2194 @!@!@
@!@!@STARTMSG 2268:0 @!@!@
The average outdegree of the complete state graph is 1 (minimum is 0, the maximum 4 and the 95th percentile is 2).
@!@!@ENDMSG 2268 @!@!@
@!@!@STARTMSG 2186:0 @!@!@
Finished in 16255ms at (2021-05-10 20:12:56)
@!@!@ENDMSG 2186 @!@!@
