@!@!@STARTMSG 2262:0 @!@!@
TLC2 Version 2.15 of Day Month 20?? (rev: eb3ff99)
@!@!@ENDMSG 2262 @!@!@
@!@!@STARTMSG 2187:0 @!@!@
Running breadth-first search Model-Checking with fp 77 and seed -9145801636040073490 with 4 workers on 8 cores with 1214MB heap and 2730MB offheap memory [pid: 84277] (Mac OS X 10.16 x86_64, AdoptOpenJDK 14.0.1 x86_64, OffHeapDiskFPSet, DiskStateQueue).
@!@!@ENDMSG 2187 @!@!@
@!@!@STARTMSG 2220:0 @!@!@
Starting SANY...
@!@!@ENDMSG 2220 @!@!@
Parsing file /Users/yingjie/Documents/GitHub/model_checking_on_hedged_atomic_swaps/two_party.toolbox/Model_1/MC.tla
Parsing file /Users/yingjie/Documents/GitHub/model_checking_on_hedged_atomic_swaps/two_party.toolbox/Model_1/two_party.tla
Parsing file /private/var/folders/pd/j6c2d3397rn1ql_nlj6ylttc0000gp/T/AppTranslocation/314D6613-6660-40EE-A536-D35BDA75EEDD/d/TLA+ Toolbox.app/Contents/Eclipse/plugins/org.lamport.tlatools_1.0.0.202004251858/tla2sany/StandardModules/TLC.tla
Parsing file /private/var/folders/pd/j6c2d3397rn1ql_nlj6ylttc0000gp/T/AppTranslocation/314D6613-6660-40EE-A536-D35BDA75EEDD/d/TLA+ Toolbox.app/Contents/Eclipse/plugins/org.lamport.tlatools_1.0.0.202004251858/tla2sany/StandardModules/Integers.tla
Parsing file /private/var/folders/pd/j6c2d3397rn1ql_nlj6ylttc0000gp/T/AppTranslocation/314D6613-6660-40EE-A536-D35BDA75EEDD/d/TLA+ Toolbox.app/Contents/Eclipse/plugins/org.lamport.tlatools_1.0.0.202004251858/tla2sany/StandardModules/Naturals.tla
Parsing file /private/var/folders/pd/j6c2d3397rn1ql_nlj6ylttc0000gp/T/AppTranslocation/314D6613-6660-40EE-A536-D35BDA75EEDD/d/TLA+ Toolbox.app/Contents/Eclipse/plugins/org.lamport.tlatools_1.0.0.202004251858/tla2sany/StandardModules/Sequences.tla
Parsing file /private/var/folders/pd/j6c2d3397rn1ql_nlj6ylttc0000gp/T/AppTranslocation/314D6613-6660-40EE-A536-D35BDA75EEDD/d/TLA+ Toolbox.app/Contents/Eclipse/plugins/org.lamport.tlatools_1.0.0.202004251858/tla2sany/StandardModules/FiniteSets.tla
Semantic processing of module Naturals
Semantic processing of module Integers
Semantic processing of module Sequences
Semantic processing of module FiniteSets
Semantic processing of module TLC
Semantic processing of module two_party
Semantic processing of module MC
@!@!@STARTMSG 2219:0 @!@!@
SANY finished.
@!@!@ENDMSG 2219 @!@!@
@!@!@STARTMSG 2185:0 @!@!@
Starting... (2021-05-10 10:19:23)
@!@!@ENDMSG 2185 @!@!@
@!@!@STARTMSG 2212:0 @!@!@
Implied-temporal checking--satisfiability problem has 1 branches.
@!@!@ENDMSG 2212 @!@!@
@!@!@STARTMSG 2189:0 @!@!@
Computing initial states...
@!@!@ENDMSG 2189 @!@!@
@!@!@STARTMSG 2190:0 @!@!@
Finished computing initial states: 1 distinct state generated at 2021-05-10 10:19:24.
@!@!@ENDMSG 2190 @!@!@
@!@!@STARTMSG 2200:0 @!@!@
Progress(20) at 2021-05-10 10:19:25: 8,685 states generated, 4,508 distinct states found, 0 states left on queue.
@!@!@ENDMSG 2200 @!@!@
@!@!@STARTMSG 2192:0 @!@!@
Checking temporal properties for the complete state space with 4508 total distinct states at (2021-05-10 10:19:25)
@!@!@ENDMSG 2192 @!@!@
@!@!@STARTMSG 2267:0 @!@!@
Finished checking temporal properties in 00s at 2021-05-10 10:19:25
@!@!@ENDMSG 2267 @!@!@
@!@!@STARTMSG 2193:0 @!@!@
Model checking completed. No error has been found.
  Estimates of the probability that TLC did not check all reachable states
  because two distinct states had the same fingerprint:
  calculated (optimistic):  val = 1.0E-12
@!@!@ENDMSG 2193 @!@!@
@!@!@STARTMSG 2201:0 @!@!@
The coverage statistics at 2021-05-10 10:19:25
@!@!@ENDMSG 2201 @!@!@
@!@!@STARTMSG 2773:0 @!@!@
<Init line 251, col 1 to line 251, col 4 of module two_party>: 1:1
@!@!@ENDMSG 2773 @!@!@
@!@!@STARTMSG 2221:0 @!@!@
  line 252, col 9 to line 264, col 65 of module two_party: 1
@!@!@ENDMSG 2221 @!@!@
@!@!@STARTMSG 2772:0 @!@!@
<DP2 line 266, col 1 to line 266, col 3 of module two_party>: 18:197
@!@!@ENDMSG 2772 @!@!@
@!@!@STARTMSG 2221:0 @!@!@
  line 266, col 11 to line 266, col 29 of module two_party: 4707
@!@!@ENDMSG 2221 @!@!@
@!@!@STARTMSG 2221:0 @!@!@
  |line 266, col 11 to line 266, col 21 of module two_party: 4510
@!@!@ENDMSG 2221 @!@!@
@!@!@STARTMSG 2221:0 @!@!@
  line 267, col 14 to line 267, col 91 of module two_party: 197
@!@!@ENDMSG 2221 @!@!@
@!@!@STARTMSG 2221:0 @!@!@
  |line 267, col 14 to line 267, col 53 of module two_party: 197
@!@!@ENDMSG 2221 @!@!@
@!@!@STARTMSG 2221:0 @!@!@
  |line 267, col 58 to line 267, col 91 of module two_party: 27
@!@!@ENDMSG 2221 @!@!@
@!@!@STARTMSG 2221:0 @!@!@
  line 268, col 19 to line 271, col 69 of module two_party: 27
@!@!@ENDMSG 2221 @!@!@
@!@!@STARTMSG 2221:0 @!@!@
  line 272, col 22 to line 272, col 25 of module two_party: 170
@!@!@ENDMSG 2221 @!@!@
@!@!@STARTMSG 2221:0 @!@!@
  line 273, col 22 to line 273, col 65 of module two_party: 170
@!@!@ENDMSG 2221 @!@!@
@!@!@STARTMSG 2221:0 @!@!@
  line 274, col 14 to line 274, col 81 of module two_party: 197
@!@!@ENDMSG 2221 @!@!@
@!@!@STARTMSG 2221:0 @!@!@
  |line 274, col 14 to line 274, col 35 of module two_party: 197
@!@!@ENDMSG 2221 @!@!@
@!@!@STARTMSG 2221:0 @!@!@
  |line 274, col 39 to line 274, col 81 of module two_party: 14
@!@!@ENDMSG 2221 @!@!@
@!@!@STARTMSG 2221:0 @!@!@
  line 275, col 19 to line 275, col 69 of module two_party: 2
@!@!@ENDMSG 2221 @!@!@
@!@!@STARTMSG 2221:0 @!@!@
  line 276, col 25 to line 276, col 61 of module two_party: 195
@!@!@ENDMSG 2221 @!@!@
@!@!@STARTMSG 2221:0 @!@!@
  |line 276, col 25 to line 276, col 41 of module two_party: 195
@!@!@ENDMSG 2221 @!@!@
@!@!@STARTMSG 2221:0 @!@!@
  |line 276, col 44 to line 276, col 61 of module two_party: 131
@!@!@ENDMSG 2221 @!@!@
@!@!@STARTMSG 2221:0 @!@!@
  line 277, col 30 to line 277, col 80 of module two_party: 114
@!@!@ENDMSG 2221 @!@!@
@!@!@STARTMSG 2221:0 @!@!@
  line 278, col 36 to line 278, col 72 of module two_party: 81
@!@!@ENDMSG 2221 @!@!@
@!@!@STARTMSG 2221:0 @!@!@
  |line 278, col 36 to line 278, col 53 of module two_party: 81
@!@!@ENDMSG 2221 @!@!@
@!@!@STARTMSG 2221:0 @!@!@
  |line 278, col 56 to line 278, col 72 of module two_party: 64
@!@!@ENDMSG 2221 @!@!@
@!@!@STARTMSG 2221:0 @!@!@
  line 279, col 41 to line 279, col 91 of module two_party: 8
@!@!@ENDMSG 2221 @!@!@
@!@!@STARTMSG 2221:0 @!@!@
  line 280, col 44 to line 280, col 47 of module two_party: 73
@!@!@ENDMSG 2221 @!@!@
@!@!@STARTMSG 2221:0 @!@!@
  line 281, col 44 to line 281, col 63 of module two_party: 73
@!@!@ENDMSG 2221 @!@!@
@!@!@STARTMSG 2221:0 @!@!@
  line 282, col 11 to line 282, col 68 of module two_party: 197
@!@!@ENDMSG 2221 @!@!@
@!@!@STARTMSG 2221:0 @!@!@
  line 283, col 11 to line 283, col 46 of module two_party: 197
@!@!@ENDMSG 2221 @!@!@
@!@!@STARTMSG 2221:0 @!@!@
  line 284, col 11 to line 284, col 64 of module two_party: 197
@!@!@ENDMSG 2221 @!@!@
@!@!@STARTMSG 2772:0 @!@!@
<AS1 line 286, col 1 to line 286, col 3 of module two_party>: 90:548
@!@!@ENDMSG 2772 @!@!@
@!@!@STARTMSG 2221:0 @!@!@
  line 286, col 11 to line 286, col 29 of module two_party: 5058
@!@!@ENDMSG 2221 @!@!@
@!@!@STARTMSG 2221:0 @!@!@
  |line 286, col 11 to line 286, col 21 of module two_party: 4510
@!@!@ENDMSG 2221 @!@!@
@!@!@STARTMSG 2221:0 @!@!@
  line 287, col 14 to line 287, col 114 of module two_party: 548
@!@!@ENDMSG 2221 @!@!@
@!@!@STARTMSG 2221:0 @!@!@
  |line 287, col 14 to line 287, col 74 of module two_party: 548
@!@!@ENDMSG 2221 @!@!@
@!@!@STARTMSG 2221:0 @!@!@
  ||line 287, col 14 to line 287, col 29 of module two_party: 548
@!@!@ENDMSG 2221 @!@!@
@!@!@STARTMSG 2221:0 @!@!@
  ||line 287, col 34 to line 287, col 74 of module two_party: 378
@!@!@ENDMSG 2221 @!@!@
@!@!@STARTMSG 2221:0 @!@!@
  |line 287, col 79 to line 287, col 114 of module two_party: 94
@!@!@ENDMSG 2221 @!@!@
@!@!@STARTMSG 2221:0 @!@!@
  line 288, col 22 to line 290, col 107 of module two_party: 94
@!@!@ENDMSG 2221 @!@!@
@!@!@STARTMSG 2221:0 @!@!@
  line 291, col 22 to line 291, col 69 of module two_party: 94
@!@!@ENDMSG 2221 @!@!@
@!@!@STARTMSG 2221:0 @!@!@
  line 292, col 22 to line 292, col 47 of module two_party: 94
@!@!@ENDMSG 2221 @!@!@
@!@!@STARTMSG 2221:0 @!@!@
  line 293, col 25 to line 293, col 60 of module two_party: 454
@!@!@ENDMSG 2221 @!@!@
@!@!@STARTMSG 2221:0 @!@!@
  line 294, col 30 to line 294, col 103 of module two_party: 284
@!@!@ENDMSG 2221 @!@!@
@!@!@STARTMSG 2221:0 @!@!@
  line 295, col 33 to line 295, col 36 of module two_party: 170
@!@!@ENDMSG 2221 @!@!@
@!@!@STARTMSG 2221:0 @!@!@
  line 296, col 33 to line 296, col 58 of module two_party: 170
@!@!@ENDMSG 2221 @!@!@
@!@!@STARTMSG 2221:0 @!@!@
  line 297, col 22 to line 297, col 63 of module two_party: 454
@!@!@ENDMSG 2221 @!@!@
@!@!@STARTMSG 2221:0 @!@!@
  line 298, col 14 to line 298, col 79 of module two_party: 548
@!@!@ENDMSG 2221 @!@!@
@!@!@STARTMSG 2221:0 @!@!@
  line 299, col 22 to line 299, col 71 of module two_party: 0
@!@!@ENDMSG 2221 @!@!@
@!@!@STARTMSG 2221:0 @!@!@
  line 300, col 25 to line 300, col 61 of module two_party: 548
@!@!@ENDMSG 2221 @!@!@
@!@!@STARTMSG 2221:0 @!@!@
  |line 300, col 25 to line 300, col 41 of module two_party: 548
@!@!@ENDMSG 2221 @!@!@
@!@!@STARTMSG 2221:0 @!@!@
  |line 300, col 44 to line 300, col 61 of module two_party: 378
@!@!@ENDMSG 2221 @!@!@
@!@!@STARTMSG 2221:0 @!@!@
  line 301, col 30 to line 301, col 82 of module two_party: 284
@!@!@ENDMSG 2221 @!@!@
@!@!@STARTMSG 2221:0 @!@!@
  line 302, col 36 to line 302, col 72 of module two_party: 264
@!@!@ENDMSG 2221 @!@!@
@!@!@STARTMSG 2221:0 @!@!@
  |line 302, col 36 to line 302, col 53 of module two_party: 264
@!@!@ENDMSG 2221 @!@!@
@!@!@STARTMSG 2221:0 @!@!@
  |line 302, col 56 to line 302, col 72 of module two_party: 170
@!@!@ENDMSG 2221 @!@!@
@!@!@STARTMSG 2221:0 @!@!@
  line 303, col 44 to line 303, col 93 of module two_party: 0
@!@!@ENDMSG 2221 @!@!@
@!@!@STARTMSG 2221:0 @!@!@
  line 304, col 44 to line 304, col 47 of module two_party: 264
@!@!@ENDMSG 2221 @!@!@
@!@!@STARTMSG 2221:0 @!@!@
  line 305, col 44 to line 305, col 63 of module two_party: 264
@!@!@ENDMSG 2221 @!@!@
@!@!@STARTMSG 2221:0 @!@!@
  line 306, col 11 to line 306, col 68 of module two_party: 548
@!@!@ENDMSG 2221 @!@!@
@!@!@STARTMSG 2221:0 @!@!@
  line 307, col 11 to line 307, col 46 of module two_party: 548
@!@!@ENDMSG 2221 @!@!@
@!@!@STARTMSG 2221:0 @!@!@
  line 308, col 11 to line 308, col 48 of module two_party: 548
@!@!@ENDMSG 2221 @!@!@
@!@!@STARTMSG 2772:0 @!@!@
<AS4 line 310, col 1 to line 310, col 3 of module two_party>: 214:1599
@!@!@ENDMSG 2772 @!@!@
@!@!@STARTMSG 2221:0 @!@!@
  line 310, col 11 to line 310, col 29 of module two_party: 6109
@!@!@ENDMSG 2221 @!@!@
@!@!@STARTMSG 2221:0 @!@!@
  |line 310, col 11 to line 310, col 21 of module two_party: 4510
@!@!@ENDMSG 2221 @!@!@
@!@!@STARTMSG 2221:0 @!@!@
  line 311, col 14 to line 311, col 109 of module two_party: 1599
@!@!@ENDMSG 2221 @!@!@
@!@!@STARTMSG 2221:0 @!@!@
  |line 311, col 14 to line 311, col 69 of module two_party: 1599
@!@!@ENDMSG 2221 @!@!@
@!@!@STARTMSG 2221:0 @!@!@
  ||line 311, col 14 to line 311, col 29 of module two_party: 1599
@!@!@ENDMSG 2221 @!@!@
@!@!@STARTMSG 2221:0 @!@!@
  ||line 311, col 32 to line 311, col 69 of module two_party: 1141
@!@!@ENDMSG 2221 @!@!@
@!@!@STARTMSG 2221:0 @!@!@
  |line 311, col 73 to line 311, col 109 of module two_party: 879
@!@!@ENDMSG 2221 @!@!@
@!@!@STARTMSG 2221:0 @!@!@
  line 312, col 22 to line 312, col 90 of module two_party: 879
@!@!@ENDMSG 2221 @!@!@
@!@!@STARTMSG 2221:0 @!@!@
  line 313, col 25 to line 313, col 60 of module two_party: 879
@!@!@ENDMSG 2221 @!@!@
@!@!@STARTMSG 2221:0 @!@!@
  line 314, col 30 to line 314, col 103 of module two_party: 879
@!@!@ENDMSG 2221 @!@!@
@!@!@STARTMSG 2221:0 @!@!@
  line 316, col 33 to line 316, col 58 of module two_party: 0
@!@!@ENDMSG 2221 @!@!@
@!@!@STARTMSG 2221:0 @!@!@
  line 317, col 22 to line 318, col 124 of module two_party: 879
@!@!@ENDMSG 2221 @!@!@
@!@!@STARTMSG 2221:0 @!@!@
  line 319, col 22 to line 319, col 69 of module two_party: 879
@!@!@ENDMSG 2221 @!@!@
@!@!@STARTMSG 2221:0 @!@!@
  line 320, col 25 to line 320, col 80 of module two_party: 720
@!@!@ENDMSG 2221 @!@!@
@!@!@STARTMSG 2221:0 @!@!@
  |line 320, col 25 to line 320, col 40 of module two_party: 720
@!@!@ENDMSG 2221 @!@!@
@!@!@STARTMSG 2221:0 @!@!@
  |line 320, col 44 to line 320, col 80 of module two_party: 262
@!@!@ENDMSG 2221 @!@!@
@!@!@STARTMSG 2221:0 @!@!@
  line 321, col 30 to line 324, col 135 of module two_party: 262
@!@!@ENDMSG 2221 @!@!@
@!@!@STARTMSG 2221:0 @!@!@
  line 325, col 33 to line 325, col 36 of module two_party: 458
@!@!@ENDMSG 2221 @!@!@
@!@!@STARTMSG 2221:0 @!@!@
  line 326, col 33 to line 327, col 54 of module two_party: 458
@!@!@ENDMSG 2221 @!@!@
@!@!@STARTMSG 2221:0 @!@!@
  line 328, col 22 to line 328, col 41 of module two_party: 720
@!@!@ENDMSG 2221 @!@!@
@!@!@STARTMSG 2221:0 @!@!@
  line 329, col 14 to line 329, col 51 of module two_party: 1599
@!@!@ENDMSG 2221 @!@!@
@!@!@STARTMSG 2221:0 @!@!@
  |line 329, col 14 to line 329, col 31 of module two_party: 1599
@!@!@ENDMSG 2221 @!@!@
@!@!@STARTMSG 2221:0 @!@!@
  |line 329, col 35 to line 329, col 51 of module two_party: 1179
@!@!@ENDMSG 2221 @!@!@
@!@!@STARTMSG 2221:0 @!@!@
  line 330, col 19 to line 330, col 71 of module two_party: 623
@!@!@ENDMSG 2221 @!@!@
@!@!@STARTMSG 2221:0 @!@!@
  line 331, col 25 to line 331, col 80 of module two_party: 976
@!@!@ENDMSG 2221 @!@!@
@!@!@STARTMSG 2221:0 @!@!@
  |line 331, col 25 to line 331, col 46 of module two_party: 976
@!@!@ENDMSG 2221 @!@!@
@!@!@STARTMSG 2221:0 @!@!@
  |line 331, col 51 to line 331, col 80 of module two_party: 366
@!@!@ENDMSG 2221 @!@!@
@!@!@STARTMSG 2221:0 @!@!@
  line 332, col 30 to line 332, col 80 of module two_party: 128
@!@!@ENDMSG 2221 @!@!@
@!@!@STARTMSG 2221:0 @!@!@
  line 333, col 36 to line 333, col 91 of module two_party: 848
@!@!@ENDMSG 2221 @!@!@
@!@!@STARTMSG 2221:0 @!@!@
  |line 333, col 36 to line 333, col 71 of module two_party: 848
@!@!@ENDMSG 2221 @!@!@
@!@!@STARTMSG 2221:0 @!@!@
  ||line 333, col 36 to line 333, col 52 of module two_party: 848
@!@!@ENDMSG 2221 @!@!@
@!@!@STARTMSG 2221:0 @!@!@
  ||line 333, col 55 to line 333, col 71 of module two_party: 420
@!@!@ENDMSG 2221 @!@!@
@!@!@STARTMSG 2221:0 @!@!@
  |line 333, col 74 to line 333, col 91 of module two_party: 318
@!@!@ENDMSG 2221 @!@!@
@!@!@STARTMSG 2221:0 @!@!@
  line 334, col 41 to line 334, col 91 of module two_party: 62
@!@!@ENDMSG 2221 @!@!@
@!@!@STARTMSG 2221:0 @!@!@
  line 335, col 44 to line 335, col 47 of module two_party: 786
@!@!@ENDMSG 2221 @!@!@
@!@!@STARTMSG 2221:0 @!@!@
  line 336, col 44 to line 336, col 63 of module two_party: 786
@!@!@ENDMSG 2221 @!@!@
@!@!@STARTMSG 2221:0 @!@!@
  line 337, col 11 to line 337, col 68 of module two_party: 1599
@!@!@ENDMSG 2221 @!@!@
@!@!@STARTMSG 2221:0 @!@!@
  line 338, col 11 to line 338, col 47 of module two_party: 1599
@!@!@ENDMSG 2221 @!@!@
@!@!@STARTMSG 2221:0 @!@!@
  line 339, col 11 to line 339, col 40 of module two_party: 1599
@!@!@ENDMSG 2221 @!@!@
@!@!@STARTMSG 2772:0 @!@!@
<DP1 line 343, col 1 to line 343, col 3 of module two_party>: 35:233
@!@!@ENDMSG 2772 @!@!@
@!@!@STARTMSG 2221:0 @!@!@
  line 343, col 11 to line 343, col 30 of module two_party: 4743
@!@!@ENDMSG 2221 @!@!@
@!@!@STARTMSG 2221:0 @!@!@
  |line 343, col 11 to line 343, col 22 of module two_party: 4510
@!@!@ENDMSG 2221 @!@!@
@!@!@STARTMSG 2221:0 @!@!@
  line 344, col 14 to line 344, col 94 of module two_party: 233
@!@!@ENDMSG 2221 @!@!@
@!@!@STARTMSG 2221:0 @!@!@
  |line 344, col 14 to line 344, col 54 of module two_party: 233
@!@!@ENDMSG 2221 @!@!@
@!@!@STARTMSG 2221:0 @!@!@
  |line 344, col 59 to line 344, col 94 of module two_party: 9
@!@!@ENDMSG 2221 @!@!@
@!@!@STARTMSG 2221:0 @!@!@
  line 345, col 19 to line 348, col 69 of module two_party: 9
@!@!@ENDMSG 2221 @!@!@
@!@!@STARTMSG 2221:0 @!@!@
  line 349, col 22 to line 349, col 25 of module two_party: 224
@!@!@ENDMSG 2221 @!@!@
@!@!@STARTMSG 2221:0 @!@!@
  line 350, col 22 to line 350, col 65 of module two_party: 224
@!@!@ENDMSG 2221 @!@!@
@!@!@STARTMSG 2221:0 @!@!@
  line 351, col 14 to line 351, col 31 of module two_party: 233
@!@!@ENDMSG 2221 @!@!@
@!@!@STARTMSG 2221:0 @!@!@
  line 352, col 19 to line 352, col 71 of module two_party: 224
@!@!@ENDMSG 2221 @!@!@
@!@!@STARTMSG 2221:0 @!@!@
  line 353, col 22 to line 353, col 25 of module two_party: 9
@!@!@ENDMSG 2221 @!@!@
@!@!@STARTMSG 2221:0 @!@!@
  line 354, col 22 to line 354, col 41 of module two_party: 9
@!@!@ENDMSG 2221 @!@!@
@!@!@STARTMSG 2221:0 @!@!@
  line 355, col 11 to line 355, col 68 of module two_party: 233
@!@!@ENDMSG 2221 @!@!@
@!@!@STARTMSG 2221:0 @!@!@
  line 356, col 11 to line 356, col 47 of module two_party: 233
@!@!@ENDMSG 2221 @!@!@
@!@!@STARTMSG 2221:0 @!@!@
  line 357, col 11 to line 357, col 64 of module two_party: 233
@!@!@ENDMSG 2221 @!@!@
@!@!@STARTMSG 2772:0 @!@!@
<AS2 line 359, col 1 to line 359, col 3 of module two_party>: 134:561
@!@!@ENDMSG 2772 @!@!@
@!@!@STARTMSG 2221:0 @!@!@
  line 359, col 11 to line 359, col 30 of module two_party: 5071
@!@!@ENDMSG 2221 @!@!@
@!@!@STARTMSG 2221:0 @!@!@
  |line 359, col 11 to line 359, col 22 of module two_party: 4510
@!@!@ENDMSG 2221 @!@!@
@!@!@STARTMSG 2221:0 @!@!@
  line 360, col 14 to line 360, col 109 of module two_party: 561
@!@!@ENDMSG 2221 @!@!@
@!@!@STARTMSG 2221:0 @!@!@
  |line 360, col 14 to line 360, col 70 of module two_party: 561
@!@!@ENDMSG 2221 @!@!@
@!@!@STARTMSG 2221:0 @!@!@
  ||line 360, col 14 to line 360, col 29 of module two_party: 561
@!@!@ENDMSG 2221 @!@!@
@!@!@STARTMSG 2221:0 @!@!@
  ||line 360, col 34 to line 360, col 70 of module two_party: 337
@!@!@ENDMSG 2221 @!@!@
@!@!@STARTMSG 2221:0 @!@!@
  |line 360, col 76 to line 360, col 109 of module two_party: 145
@!@!@ENDMSG 2221 @!@!@
@!@!@STARTMSG 2221:0 @!@!@
  line 361, col 22 to line 363, col 105 of module two_party: 145
@!@!@ENDMSG 2221 @!@!@
@!@!@STARTMSG 2221:0 @!@!@
  line 364, col 22 to line 364, col 69 of module two_party: 145
@!@!@ENDMSG 2221 @!@!@
@!@!@STARTMSG 2221:0 @!@!@
  line 365, col 22 to line 365, col 47 of module two_party: 145
@!@!@ENDMSG 2221 @!@!@
@!@!@STARTMSG 2221:0 @!@!@
  line 366, col 25 to line 366, col 62 of module two_party: 416
@!@!@ENDMSG 2221 @!@!@
@!@!@STARTMSG 2221:0 @!@!@
  line 367, col 30 to line 367, col 105 of module two_party: 192
@!@!@ENDMSG 2221 @!@!@
@!@!@STARTMSG 2221:0 @!@!@
  line 368, col 33 to line 368, col 36 of module two_party: 224
@!@!@ENDMSG 2221 @!@!@
@!@!@STARTMSG 2221:0 @!@!@
  line 369, col 33 to line 369, col 58 of module two_party: 224
@!@!@ENDMSG 2221 @!@!@
@!@!@STARTMSG 2221:0 @!@!@
  line 370, col 22 to line 370, col 63 of module two_party: 416
@!@!@ENDMSG 2221 @!@!@
@!@!@STARTMSG 2221:0 @!@!@
  line 371, col 14 to line 371, col 79 of module two_party: 561
@!@!@ENDMSG 2221 @!@!@
@!@!@STARTMSG 2221:0 @!@!@
  |line 371, col 14 to line 371, col 35 of module two_party: 561
@!@!@ENDMSG 2221 @!@!@
@!@!@STARTMSG 2221:0 @!@!@
  |line 371, col 40 to line 371, col 79 of module two_party: 111
@!@!@ENDMSG 2221 @!@!@
@!@!@STARTMSG 2221:0 @!@!@
  line 372, col 19 to line 372, col 69 of module two_party: 39
@!@!@ENDMSG 2221 @!@!@
@!@!@STARTMSG 2221:0 @!@!@
  line 373, col 25 to line 373, col 82 of module two_party: 522
@!@!@ENDMSG 2221 @!@!@
@!@!@STARTMSG 2221:0 @!@!@
  |line 373, col 25 to line 373, col 62 of module two_party: 522
@!@!@ENDMSG 2221 @!@!@
@!@!@STARTMSG 2221:0 @!@!@
  ||line 373, col 25 to line 373, col 41 of module two_party: 522
@!@!@ENDMSG 2221 @!@!@
@!@!@STARTMSG 2221:0 @!@!@
  ||line 373, col 46 to line 373, col 62 of module two_party: 326
@!@!@ENDMSG 2221 @!@!@
@!@!@STARTMSG 2221:0 @!@!@
  |line 373, col 65 to line 373, col 82 of module two_party: 204
@!@!@ENDMSG 2221 @!@!@
@!@!@STARTMSG 2221:0 @!@!@
  line 374, col 30 to line 374, col 80 of module two_party: 112
@!@!@ENDMSG 2221 @!@!@
@!@!@STARTMSG 2221:0 @!@!@
  line 375, col 36 to line 375, col 74 of module two_party: 410
@!@!@ENDMSG 2221 @!@!@
@!@!@STARTMSG 2221:0 @!@!@
  |line 375, col 36 to line 375, col 53 of module two_party: 410
@!@!@ENDMSG 2221 @!@!@
@!@!@STARTMSG 2221:0 @!@!@
  |line 375, col 58 to line 375, col 74 of module two_party: 196
@!@!@ENDMSG 2221 @!@!@
@!@!@STARTMSG 2221:0 @!@!@
  line 376, col 41 to line 376, col 91 of module two_party: 28
@!@!@ENDMSG 2221 @!@!@
@!@!@STARTMSG 2221:0 @!@!@
  line 377, col 44 to line 377, col 47 of module two_party: 382
@!@!@ENDMSG 2221 @!@!@
@!@!@STARTMSG 2221:0 @!@!@
  line 378, col 44 to line 378, col 63 of module two_party: 382
@!@!@ENDMSG 2221 @!@!@
@!@!@STARTMSG 2221:0 @!@!@
  line 379, col 11 to line 379, col 68 of module two_party: 561
@!@!@ENDMSG 2221 @!@!@
@!@!@STARTMSG 2221:0 @!@!@
  line 380, col 11 to line 380, col 47 of module two_party: 561
@!@!@ENDMSG 2221 @!@!@
@!@!@STARTMSG 2221:0 @!@!@
  line 381, col 11 to line 381, col 48 of module two_party: 561
@!@!@ENDMSG 2221 @!@!@
@!@!@STARTMSG 2772:0 @!@!@
<AS3 line 383, col 1 to line 383, col 3 of module two_party>: 238:1470
@!@!@ENDMSG 2772 @!@!@
@!@!@STARTMSG 2221:0 @!@!@
  line 383, col 11 to line 383, col 30 of module two_party: 5980
@!@!@ENDMSG 2221 @!@!@
@!@!@STARTMSG 2221:0 @!@!@
  |line 383, col 11 to line 383, col 22 of module two_party: 4510
@!@!@ENDMSG 2221 @!@!@
@!@!@STARTMSG 2221:0 @!@!@
  line 384, col 14 to line 384, col 105 of module two_party: 1470
@!@!@ENDMSG 2221 @!@!@
@!@!@STARTMSG 2221:0 @!@!@
  |line 384, col 14 to line 384, col 67 of module two_party: 1470
@!@!@ENDMSG 2221 @!@!@
@!@!@STARTMSG 2221:0 @!@!@
  ||line 384, col 14 to line 384, col 29 of module two_party: 1470
@!@!@ENDMSG 2221 @!@!@
@!@!@STARTMSG 2221:0 @!@!@
  ||line 384, col 32 to line 384, col 67 of module two_party: 1070
@!@!@ENDMSG 2221 @!@!@
@!@!@STARTMSG 2221:0 @!@!@
  |line 384, col 70 to line 384, col 105 of module two_party: 600
@!@!@ENDMSG 2221 @!@!@
@!@!@STARTMSG 2221:0 @!@!@
  line 385, col 19 to line 389, col 69 of module two_party: 600
@!@!@ENDMSG 2221 @!@!@
@!@!@STARTMSG 2221:0 @!@!@
  line 390, col 25 to line 390, col 79 of module two_party: 870
@!@!@ENDMSG 2221 @!@!@
@!@!@STARTMSG 2221:0 @!@!@
  |line 390, col 25 to line 390, col 40 of module two_party: 870
@!@!@ENDMSG 2221 @!@!@
@!@!@STARTMSG 2221:0 @!@!@
  |line 390, col 44 to line 390, col 79 of module two_party: 470
@!@!@ENDMSG 2221 @!@!@
@!@!@STARTMSG 2221:0 @!@!@
  line 391, col 30 to line 394, col 137 of module two_party: 470
@!@!@ENDMSG 2221 @!@!@
@!@!@STARTMSG 2221:0 @!@!@
  line 395, col 33 to line 395, col 36 of module two_party: 400
@!@!@ENDMSG 2221 @!@!@
@!@!@STARTMSG 2221:0 @!@!@
  line 396, col 33 to line 397, col 54 of module two_party: 400
@!@!@ENDMSG 2221 @!@!@
@!@!@STARTMSG 2221:0 @!@!@
  line 398, col 22 to line 398, col 41 of module two_party: 870
@!@!@ENDMSG 2221 @!@!@
@!@!@STARTMSG 2221:0 @!@!@
  line 399, col 14 to line 399, col 75 of module two_party: 1470
@!@!@ENDMSG 2221 @!@!@
@!@!@STARTMSG 2221:0 @!@!@
  line 400, col 22 to line 400, col 71 of module two_party: 0
@!@!@ENDMSG 2221 @!@!@
@!@!@STARTMSG 2221:0 @!@!@
  line 401, col 25 to line 401, col 61 of module two_party: 1470
@!@!@ENDMSG 2221 @!@!@
@!@!@STARTMSG 2221:0 @!@!@
  |line 401, col 25 to line 401, col 41 of module two_party: 1470
@!@!@ENDMSG 2221 @!@!@
@!@!@STARTMSG 2221:0 @!@!@
  |line 401, col 44 to line 401, col 61 of module two_party: 1070
@!@!@ENDMSG 2221 @!@!@
@!@!@STARTMSG 2221:0 @!@!@
  line 402, col 30 to line 402, col 82 of module two_party: 470
@!@!@ENDMSG 2221 @!@!@
@!@!@STARTMSG 2221:0 @!@!@
  line 403, col 36 to line 403, col 72 of module two_party: 1000
@!@!@ENDMSG 2221 @!@!@
@!@!@STARTMSG 2221:0 @!@!@
  |line 403, col 36 to line 403, col 53 of module two_party: 1000
@!@!@ENDMSG 2221 @!@!@
@!@!@STARTMSG 2221:0 @!@!@
  |line 403, col 56 to line 403, col 72 of module two_party: 400
@!@!@ENDMSG 2221 @!@!@
@!@!@STARTMSG 2221:0 @!@!@
  line 404, col 44 to line 404, col 93 of module two_party: 0
@!@!@ENDMSG 2221 @!@!@
@!@!@STARTMSG 2221:0 @!@!@
  line 405, col 44 to line 405, col 47 of module two_party: 1000
@!@!@ENDMSG 2221 @!@!@
@!@!@STARTMSG 2221:0 @!@!@
  line 406, col 44 to line 406, col 63 of module two_party: 1000
@!@!@ENDMSG 2221 @!@!@
@!@!@STARTMSG 2221:0 @!@!@
  line 407, col 11 to line 407, col 68 of module two_party: 1470
@!@!@ENDMSG 2221 @!@!@
@!@!@STARTMSG 2221:0 @!@!@
  line 408, col 11 to line 408, col 48 of module two_party: 1470
@!@!@ENDMSG 2221 @!@!@
@!@!@STARTMSG 2221:0 @!@!@
  line 409, col 11 to line 409, col 40 of module two_party: 1470
@!@!@ENDMSG 2221 @!@!@
@!@!@STARTMSG 2772:0 @!@!@
<tik line 413, col 1 to line 413, col 3 of module two_party>: 2185:2256
@!@!@ENDMSG 2772 @!@!@
@!@!@STARTMSG 2221:0 @!@!@
  line 413, col 11 to line 413, col 27 of module two_party: 6766
@!@!@ENDMSG 2221 @!@!@
@!@!@STARTMSG 2221:0 @!@!@
  |line 413, col 11 to line 413, col 19 of module two_party: 4510
@!@!@ENDMSG 2221 @!@!@
@!@!@STARTMSG 2221:0 @!@!@
  line 414, col 15 to line 414, col 26 of module two_party: 2256
@!@!@ENDMSG 2221 @!@!@
@!@!@STARTMSG 2221:0 @!@!@
  line 415, col 19 to line 415, col 55 of module two_party: 1631
@!@!@ENDMSG 2221 @!@!@
@!@!@STARTMSG 2221:0 @!@!@
  line 416, col 19 to line 416, col 56 of module two_party: 625
@!@!@ENDMSG 2221 @!@!@
@!@!@STARTMSG 2221:0 @!@!@
  line 417, col 11 to line 418, col 72 of module two_party: 2256
@!@!@ENDMSG 2221 @!@!@
@!@!@STARTMSG 2772:0 @!@!@
<tok line 420, col 1 to line 420, col 3 of module two_party>: 1593:1629
@!@!@ENDMSG 2772 @!@!@
@!@!@STARTMSG 2221:0 @!@!@
  line 420, col 11 to line 420, col 27 of module two_party: 6139
@!@!@ENDMSG 2221 @!@!@
@!@!@STARTMSG 2221:0 @!@!@
  |line 420, col 11 to line 420, col 19 of module two_party: 4510
@!@!@ENDMSG 2221 @!@!@
@!@!@STARTMSG 2221:0 @!@!@
  line 421, col 11 to line 421, col 28 of module two_party: 1629
@!@!@ENDMSG 2221 @!@!@
@!@!@STARTMSG 2221:0 @!@!@
  line 422, col 11 to line 422, col 44 of module two_party: 1629
@!@!@ENDMSG 2221 @!@!@
@!@!@STARTMSG 2221:0 @!@!@
  line 423, col 11 to line 424, col 65 of module two_party: 1629
@!@!@ENDMSG 2221 @!@!@
@!@!@STARTMSG 2772:0 @!@!@
<Terminating line 429, col 1 to line 429, col 11 of module two_party>: 0:197
@!@!@ENDMSG 2772 @!@!@
@!@!@STARTMSG 2221:0 @!@!@
  line 429, col 40 to line 429, col 56 of module two_party: 7616
@!@!@ENDMSG 2221 @!@!@
@!@!@STARTMSG 2221:0 @!@!@
  |line 429, col 40 to line 429, col 47 of module two_party: 7025
@!@!@ENDMSG 2221 @!@!@
@!@!@STARTMSG 2221:0 @!@!@
  line 429, col 31 to line 429, col 37 of module two_party: 4510
@!@!@ENDMSG 2221 @!@!@
@!@!@STARTMSG 2221:0 @!@!@
  line 430, col 19 to line 430, col 32 of module two_party: 197
@!@!@ENDMSG 2221 @!@!@
@!@!@STARTMSG 2202:0 @!@!@
End of statistics.
@!@!@ENDMSG 2202 @!@!@
@!@!@STARTMSG 2200:0 @!@!@
Progress(20) at 2021-05-10 10:19:25: 8,685 states generated (179,195 s/min), 4,508 distinct states found (93,012 ds/min), 0 states left on queue.
@!@!@ENDMSG 2200 @!@!@
@!@!@STARTMSG 2199:0 @!@!@
8685 states generated, 4508 distinct states found, 0 states left on queue.
@!@!@ENDMSG 2199 @!@!@
@!@!@STARTMSG 2194:0 @!@!@
The depth of the complete state graph search is 20.
@!@!@ENDMSG 2194 @!@!@
@!@!@STARTMSG 2268:0 @!@!@
The average outdegree of the complete state graph is 1 (minimum is 0, the maximum 3 and the 95th percentile is 2).
@!@!@ENDMSG 2268 @!@!@
@!@!@STARTMSG 2186:0 @!@!@
Finished in 2919ms at (2021-05-10 10:19:25)
@!@!@ENDMSG 2186 @!@!@
